#
# There is insufficient memory for the Java Runtime Environment to continue.
# Native memory allocation (malloc) failed to allocate 212800 bytes for Chunk::new
# Possible reasons:
#   The system is out of physical RAM or swap space
#   The process is running with CompressedOops enabled, and the Java Heap may be blocking the growth of the native heap
# Possible solutions:
#   Reduce memory load on the system
#   Increase physical memory or swap space
#   Check if swap backing store is full
#   Decrease Java heap size (-Xmx/-Xms)
#   Decrease number of Java threads
#   Decrease Java thread stack sizes (-Xss)
#   Set larger code cache with -XX:ReservedCodeCacheSize=
#   JVM is running with Unscaled Compressed Oops mode in which the Java heap is
#     placed in the first 4GB address space. The Java Heap base address is the
#     maximum limit for the native heap growth. Please use -XX:HeapBaseMinAddress
#     to set the Java Heap base and to place the Java Heap above 4GB virtual address.
# This output file may be truncated or incomplete.
#
#  Out of Memory Error (arena.cpp:189), pid=12628, tid=23456
#
# JRE version: OpenJDK Runtime Environment Microsoft-8035246 (17.0.8+7) (build 17.0.8+7-LTS)
# Java VM: OpenJDK 64-Bit Server VM Microsoft-8035246 (17.0.8+7-LTS, mixed mode, sharing, tiered, compressed oops, compressed class ptrs, g1 gc, windows-amd64)
# No core dump will be written. Minidumps are not enabled by default on client versions of Windows
#

---------------  S U M M A R Y ------------

Command Line: -XX:MaxMetaspaceSize=512m --add-opens=java.base/java.util=ALL-UNNAMED --add-opens=java.base/java.lang=ALL-UNNAMED --add-opens=java.base/java.lang.invoke=ALL-UNNAMED --add-opens=java.prefs/java.util.prefs=ALL-UNNAMED --add-exports=jdk.compiler/com.sun.tools.javac.api=ALL-UNNAMED --add-exports=jdk.compiler/com.sun.tools.javac.util=ALL-UNNAMED --add-opens=java.base/java.nio.charset=ALL-UNNAMED --add-opens=java.base/java.net=ALL-UNNAMED --add-opens=java.base/java.util.concurrent.atomic=ALL-UNNAMED -Xmx2048m -Dfile.encoding=windows-1252 -Duser.country=IN -Duser.language=en -Duser.variant -javaagent:C:\Users\Ankit\.gradle\wrapper\dists\gradle-8.10.2-all\7iv73wktx1xtkvlq19urqw1wm\gradle-8.10.2\lib\agents\gradle-instrumentation-agent-8.10.2.jar org.gradle.launcher.daemon.bootstrap.GradleDaemon 8.10.2

Host: 11th Gen Intel(R) Core(TM) i5-1155G7 @ 2.50GHz, 8 cores, 7G,  Windows 11 , 64 bit Build 22621 (10.0.22621.3958)
Time: Fri Mar 28 23:33:21 2025 India Standard Time elapsed time: 61.573099 seconds (0d 0h 1m 1s)

---------------  T H R E A D  ---------------

Current thread (0x0000026e6b24ce30):  JavaThread "C2 CompilerThread0" daemon [_thread_in_native, id=23456, stack(0x000000e9ce900000,0x000000e9cea00000)]


Current CompileTask:
C2:  61575 11265       4       org.objectweb.asm.SymbolTable::addConstant (314 bytes)

Stack: [0x000000e9ce900000,0x000000e9cea00000]
Native frames: (J=compiled Java code, j=interpreted, Vv=VM code, C=native code)
V  [jvm.dll+0x67bf3a]
V  [jvm.dll+0x83a024]
V  [jvm.dll+0x83b7ce]
V  [jvm.dll+0x83be33]
V  [jvm.dll+0x24785f]
V  [jvm.dll+0xac3bc]
V  [jvm.dll+0xac98c]
V  [jvm.dll+0x368107]
V  [jvm.dll+0x1bd185]
V  [jvm.dll+0x21a289]
V  [jvm.dll+0x219551]
V  [jvm.dll+0x1a56b6]
V  [jvm.dll+0x2291ea]
V  [jvm.dll+0x22724c]
V  [jvm.dll+0x7efd0c]
V  [jvm.dll+0x7ea13a]
V  [jvm.dll+0x67ad85]
C  [ucrtbase.dll+0x29333]
C  [KERNEL32.DLL+0x1257d]
C  [ntdll.dll+0x5af08]


---------------  P R O C E S S  ---------------

Threads class SMR info:
_java_thread_list=0x0000026e73c074f0, length=142, elements={
0x0000026e4cdf6bd0, 0x0000026e6b2296c0, 0x0000026e6b22ba30, 0x0000026e6b246220,
0x0000026e6b246cf0, 0x0000026e6b24b6d0, 0x0000026e6b24c090, 0x0000026e6b24ce30,
0x0000026e6b24d8e0, 0x0000026e6b3b8030, 0x0000026e6b217900, 0x0000026e6b502a40,
0x0000026e71052220, 0x0000026e712225e0, 0x0000026e711f81f0, 0x0000026e710ca410,
0x0000026e710ca8f0, 0x0000026e70436570, 0x0000026e70433cf0, 0x0000026e70434c20,
0x0000026e70436a80, 0x0000026e70435b50, 0x0000026e70436060, 0x0000026e70435640,
0x0000026e70436f90, 0x0000026e70434710, 0x0000026e704337e0, 0x0000026e6b39b940,
0x0000026e6b39c870, 0x0000026e6b39e6d0, 0x0000026e6b39dcb0, 0x0000026e6b39c360,
0x0000026e6b39cd80, 0x0000026e6b39f0f0, 0x0000026e6b39be50, 0x0000026e6b39e1c0,
0x0000026e7393d620, 0x0000026e7393d110, 0x0000026e73938f40, 0x0000026e7393b2b0,
0x0000026e73938a30, 0x0000026e7393db30, 0x0000026e7393b7c0, 0x0000026e7393a890,
0x0000026e7393a380, 0x0000026e73939450, 0x0000026e7393e040, 0x0000026e7393bcd0,
0x0000026e73939960, 0x0000026e7393ea60, 0x0000026e7393c1e0, 0x0000026e7393ef70,
0x0000026e7393f480, 0x0000026e7393c6f0, 0x0000026e73939e70, 0x0000026e7393cc00,
0x0000026e73938010, 0x0000026e73938520, 0x0000026e7393f990, 0x0000026e71611d40,
0x0000026e71612760, 0x0000026e71613ba0, 0x0000026e7160fee0, 0x0000026e71615a00,
0x0000026e71610900, 0x0000026e71615f10, 0x0000026e71610e10, 0x0000026e71613180,
0x0000026e71611320, 0x0000026e71613690, 0x0000026e716140b0, 0x0000026e716145c0,
0x0000026e71616420, 0x0000026e71611830, 0x0000026e71614ad0, 0x0000026e71614fe0,
0x0000026e7160efb0, 0x0000026e71616930, 0x0000026e7160f9d0, 0x0000026e73c3b9d0,
0x0000026e73c42930, 0x0000026e73c3b4c0, 0x0000026e73c3c900, 0x0000026e73c3ec70,
0x0000026e73c41f10, 0x0000026e73c3d830, 0x0000026e73c42e40, 0x0000026e73c414f0,
0x0000026e73c3d320, 0x0000026e73c40fe0, 0x0000026e73c41a00, 0x0000026e73c3dd40,
0x0000026e73c3e250, 0x0000026e73c3e760, 0x0000026e73c3bee0, 0x0000026e73c3c3f0,
0x0000026e73c3f180, 0x0000026e73c42420, 0x0000026e73c3f690, 0x0000026e73c3fba0,
0x0000026e73c400b0, 0x0000026e73c405c0, 0x0000026e73c40ad0, 0x0000026e74482ed0,
0x0000026e744829c0, 0x0000026e74481580, 0x0000026e7447bf70, 0x0000026e7447fc30,
0x0000026e74481070, 0x0000026e74480140, 0x0000026e7447c480, 0x0000026e7447c990,
0x0000026e744833e0, 0x0000026e7447f210, 0x0000026e7447cea0, 0x0000026e744838f0,
0x0000026e7447e2e0, 0x0000026e7447d3b0, 0x0000026e7447d8c0, 0x0000026e74480650,
0x0000026e74481fa0, 0x0000026e74481a90, 0x0000026e7447ddd0, 0x0000026e744824b0,
0x0000026e7447e7f0, 0x0000026e7447ed00, 0x0000026e7447f720, 0x0000026e74480b60,
0x0000026e73394b00, 0x0000026e73396e70, 0x0000026e733936c0, 0x0000026e73399c00,
0x0000026e73395010, 0x0000026e7339a110, 0x0000026e73393bd0, 0x0000026e733987c0,
0x0000026e733982b0, 0x0000026e73397890, 0x0000026e73395520, 0x0000026e7339ab30,
0x0000026e733940e0, 0x0000026e73395a30
}

Java Threads: ( => current thread )
  0x0000026e4cdf6bd0 JavaThread "main" [_thread_blocked, id=12308, stack(0x000000e9cdc00000,0x000000e9cdd00000)]
  0x0000026e6b2296c0 JavaThread "Reference Handler" daemon [_thread_blocked, id=25700, stack(0x000000e9ce300000,0x000000e9ce400000)]
  0x0000026e6b22ba30 JavaThread "Finalizer" daemon [_thread_blocked, id=17484, stack(0x000000e9ce400000,0x000000e9ce500000)]
  0x0000026e6b246220 JavaThread "Signal Dispatcher" daemon [_thread_blocked, id=13124, stack(0x000000e9ce500000,0x000000e9ce600000)]
  0x0000026e6b246cf0 JavaThread "Attach Listener" daemon [_thread_blocked, id=4728, stack(0x000000e9ce600000,0x000000e9ce700000)]
  0x0000026e6b24b6d0 JavaThread "Service Thread" daemon [_thread_blocked, id=21952, stack(0x000000e9ce700000,0x000000e9ce800000)]
  0x0000026e6b24c090 JavaThread "Monitor Deflation Thread" daemon [_thread_blocked, id=9788, stack(0x000000e9ce800000,0x000000e9ce900000)]
=>0x0000026e6b24ce30 JavaThread "C2 CompilerThread0" daemon [_thread_in_native, id=23456, stack(0x000000e9ce900000,0x000000e9cea00000)]
  0x0000026e6b24d8e0 JavaThread "C1 CompilerThread0" daemon [_thread_blocked, id=22448, stack(0x000000e9cea00000,0x000000e9ceb00000)]
  0x0000026e6b3b8030 JavaThread "Sweeper thread" daemon [_thread_blocked, id=25612, stack(0x000000e9ceb00000,0x000000e9cec00000)]
  0x0000026e6b217900 JavaThread "Common-Cleaner" daemon [_thread_blocked, id=19324, stack(0x000000e9cec00000,0x000000e9ced00000)]
  0x0000026e6b502a40 JavaThread "Notification Thread" daemon [_thread_blocked, id=22164, stack(0x000000e9ced00000,0x000000e9cee00000)]
  0x0000026e71052220 JavaThread "Daemon health stats" [_thread_blocked, id=22868, stack(0x000000e9cf400000,0x000000e9cf500000)]
  0x0000026e712225e0 JavaThread "Incoming local TCP Connector on port 57578" [_thread_in_native, id=8416, stack(0x000000e9cf500000,0x000000e9cf600000)]
  0x0000026e711f81f0 JavaThread "Daemon periodic checks" [_thread_blocked, id=21848, stack(0x000000e9cf600000,0x000000e9cf700000)]
  0x0000026e710ca410 JavaThread "Daemon" [_thread_blocked, id=25948, stack(0x000000e9cf700000,0x000000e9cf800000)]
  0x0000026e710ca8f0 JavaThread "Handler for socket connection from /127.0.0.1:57578 to /127.0.0.1:57579" [_thread_in_native, id=19672, stack(0x000000e9cf800000,0x000000e9cf900000)]
  0x0000026e70436570 JavaThread "Cancel handler" [_thread_blocked, id=22984, stack(0x000000e9cf900000,0x000000e9cfa00000)]
  0x0000026e70433cf0 JavaThread "Daemon worker" [_thread_in_Java, id=13232, stack(0x000000e9cfa00000,0x000000e9cfb00000)]
  0x0000026e70434c20 JavaThread "Asynchronous log dispatcher for DefaultDaemonConnection: socket connection from /127.0.0.1:57578 to /127.0.0.1:57579" [_thread_blocked, id=18548, stack(0x000000e9cfb00000,0x000000e9cfc00000)]
  0x0000026e70436a80 JavaThread "Stdin handler" [_thread_blocked, id=23852, stack(0x000000e9cfc00000,0x000000e9cfd00000)]
  0x0000026e70435b50 JavaThread "Daemon client event forwarder" [_thread_blocked, id=24176, stack(0x000000e9cfd00000,0x000000e9cfe00000)]
  0x0000026e70436060 JavaThread "Cache worker for journal cache (C:\Users\Ankit\.gradle\caches\journal-1)" [_thread_blocked, id=24644, stack(0x000000e9cef00000,0x000000e9cf000000)]
  0x0000026e70435640 JavaThread "File lock request listener" [_thread_in_native, id=22956, stack(0x000000e9cfe00000,0x000000e9cff00000)]
  0x0000026e70436f90 JavaThread "Cache worker for file hash cache (C:\Users\Ankit\.gradle\caches\8.10.2\fileHashes)" [_thread_blocked, id=5648, stack(0x000000e9cff00000,0x000000e9d0000000)]
  0x0000026e70434710 JavaThread "Cache worker for file hash cache (E:\serviceprovider\serviceapp\android\.gradle\8.10.2\fileHashes)" [_thread_blocked, id=16748, stack(0x000000e9d0300000,0x000000e9d0400000)]
  0x0000026e704337e0 JavaThread "Cache worker for Build Output Cleanup Cache (E:\serviceprovider\serviceapp\android\.gradle\buildOutputCleanup)" [_thread_blocked, id=12840, stack(0x000000e9d0400000,0x000000e9d0500000)]
  0x0000026e6b39b940 JavaThread "File watcher server" daemon [_thread_in_native, id=21600, stack(0x000000e9d0600000,0x000000e9d0700000)]
  0x0000026e6b39c870 JavaThread "File watcher consumer" daemon [_thread_blocked, id=3156, stack(0x000000e9d0700000,0x000000e9d0800000)]
  0x0000026e6b39e6d0 JavaThread "Cache worker for checksums cache (E:\serviceprovider\serviceapp\android\.gradle\8.10.2\checksums)" [_thread_blocked, id=20456, stack(0x000000e9d0800000,0x000000e9d0900000)]
  0x0000026e6b39dcb0 JavaThread "Cache worker for file content cache (C:\Users\Ankit\.gradle\caches\8.10.2\fileContent)" [_thread_blocked, id=2500, stack(0x000000e9d0900000,0x000000e9d0a00000)]
  0x0000026e6b39c360 JavaThread "Cache worker for cache directory md-rule (C:\Users\Ankit\.gradle\caches\8.10.2\md-rule)" [_thread_blocked, id=16800, stack(0x000000e9d0a00000,0x000000e9d0b00000)]
  0x0000026e6b39cd80 JavaThread "Cache worker for cache directory md-supplier (C:\Users\Ankit\.gradle\caches\8.10.2\md-supplier)" [_thread_blocked, id=176, stack(0x000000e9d0b00000,0x000000e9d0c00000)]
  0x0000026e6b39f0f0 JavaThread "File lock release action executor" [_thread_blocked, id=26160, stack(0x000000e9d0e00000,0x000000e9d0f00000)]
  0x0000026e6b39be50 JavaThread "jar transforms" [_thread_blocked, id=14940, stack(0x000000e9d0f00000,0x000000e9d1000000)]
  0x0000026e6b39e1c0 JavaThread "Cache worker for Build Output Cleanup Cache (E:\serviceprovider\serviceapp\node_modules\@react-native\gradle-plugin\.gradle\buildOutputCleanup)" [_thread_blocked, id=22828, stack(0x000000e9d1100000,0x000000e9d1200000)]
  0x0000026e7393d620 JavaThread "Unconstrained build operations" [_thread_blocked, id=17092, stack(0x000000e9d0c00000,0x000000e9d0d00000)]
  0x0000026e7393d110 JavaThread "Unconstrained build operations Thread 2" [_thread_blocked, id=15148, stack(0x000000e9d0d00000,0x000000e9d0e00000)]
  0x0000026e73938f40 JavaThread "Unconstrained build operations Thread 3" [_thread_blocked, id=11996, stack(0x000000e9d1200000,0x000000e9d1300000)]
  0x0000026e7393b2b0 JavaThread "Unconstrained build operations Thread 4" [_thread_blocked, id=25880, stack(0x000000e9d1300000,0x000000e9d1400000)]
  0x0000026e73938a30 JavaThread "Unconstrained build operations Thread 5" [_thread_blocked, id=23236, stack(0x000000e9d1400000,0x000000e9d1500000)]
  0x0000026e7393db30 JavaThread "Unconstrained build operations Thread 6" [_thread_blocked, id=2120, stack(0x000000e9d1500000,0x000000e9d1600000)]
  0x0000026e7393b7c0 JavaThread "Unconstrained build operations Thread 7" [_thread_blocked, id=18112, stack(0x000000e9d1700000,0x000000e9d1800000)]
  0x0000026e7393a890 JavaThread "Unconstrained build operations Thread 8" [_thread_blocked, id=26076, stack(0x000000e9d1800000,0x000000e9d1900000)]
  0x0000026e7393a380 JavaThread "Unconstrained build operations Thread 9" [_thread_blocked, id=4032, stack(0x000000e9d1900000,0x000000e9d1a00000)]
  0x0000026e73939450 JavaThread "Unconstrained build operations Thread 10" [_thread_blocked, id=9164, stack(0x000000e9d1a00000,0x000000e9d1b00000)]
  0x0000026e7393e040 JavaThread "Unconstrained build operations Thread 11" [_thread_blocked, id=3256, stack(0x000000e9d1b00000,0x000000e9d1c00000)]
  0x0000026e7393bcd0 JavaThread "Unconstrained build operations Thread 12" [_thread_blocked, id=24864, stack(0x000000e9d1c00000,0x000000e9d1d00000)]
  0x0000026e73939960 JavaThread "Unconstrained build operations Thread 13" [_thread_blocked, id=6176, stack(0x000000e9d1d00000,0x000000e9d1e00000)]
  0x0000026e7393ea60 JavaThread "Unconstrained build operations Thread 14" [_thread_blocked, id=19612, stack(0x000000e9d1e00000,0x000000e9d1f00000)]
  0x0000026e7393c1e0 JavaThread "Unconstrained build operations Thread 15" [_thread_blocked, id=24928, stack(0x000000e9d1f00000,0x000000e9d2000000)]
  0x0000026e7393ef70 JavaThread "Unconstrained build operations Thread 16" [_thread_blocked, id=24012, stack(0x000000e9d2000000,0x000000e9d2100000)]
  0x0000026e7393f480 JavaThread "Unconstrained build operations Thread 17" [_thread_blocked, id=26088, stack(0x000000e9d2100000,0x000000e9d2200000)]
  0x0000026e7393c6f0 JavaThread "Unconstrained build operations Thread 18" [_thread_blocked, id=17380, stack(0x000000e9d2200000,0x000000e9d2300000)]
  0x0000026e73939e70 JavaThread "Unconstrained build operations Thread 19" [_thread_blocked, id=20500, stack(0x000000e9d2300000,0x000000e9d2400000)]
  0x0000026e7393cc00 JavaThread "Unconstrained build operations Thread 20" [_thread_blocked, id=23684, stack(0x000000e9d2400000,0x000000e9d2500000)]
  0x0000026e73938010 JavaThread "Unconstrained build operations Thread 21" [_thread_blocked, id=5148, stack(0x000000e9d2500000,0x000000e9d2600000)]
  0x0000026e73938520 JavaThread "Unconstrained build operations Thread 22" [_thread_blocked, id=13956, stack(0x000000e9d2600000,0x000000e9d2700000)]
  0x0000026e7393f990 JavaThread "Unconstrained build operations Thread 23" [_thread_blocked, id=23500, stack(0x000000e9d2700000,0x000000e9d2800000)]
  0x0000026e71611d40 JavaThread "Unconstrained build operations Thread 24" [_thread_blocked, id=9764, stack(0x000000e9d2800000,0x000000e9d2900000)]
  0x0000026e71612760 JavaThread "Unconstrained build operations Thread 25" [_thread_blocked, id=2360, stack(0x000000e9d2900000,0x000000e9d2a00000)]
  0x0000026e71613ba0 JavaThread "Unconstrained build operations Thread 26" [_thread_blocked, id=16536, stack(0x000000e9d2a00000,0x000000e9d2b00000)]
  0x0000026e7160fee0 JavaThread "Unconstrained build operations Thread 27" [_thread_blocked, id=20596, stack(0x000000e9d2b00000,0x000000e9d2c00000)]
  0x0000026e71615a00 JavaThread "Memory manager" [_thread_blocked, id=24520, stack(0x000000e9d2c00000,0x000000e9d2d00000)]
  0x0000026e71610900 JavaThread "build event listener" [_thread_blocked, id=8496, stack(0x000000e9d2d00000,0x000000e9d2e00000)]
  0x0000026e71615f10 JavaThread "ForkJoinPool.commonPool-worker-1" daemon [_thread_blocked, id=19256, stack(0x000000e9d2e00000,0x000000e9d2f00000)]
  0x0000026e71610e10 JavaThread "ForkJoinPool.commonPool-worker-2" daemon [_thread_blocked, id=20924, stack(0x000000e9d2f00000,0x000000e9d3000000)]
  0x0000026e71613180 JavaThread "ForkJoinPool.commonPool-worker-3" daemon [_thread_blocked, id=10888, stack(0x000000e9d3000000,0x000000e9d3100000)]
  0x0000026e71611320 JavaThread "ForkJoinPool.commonPool-worker-4" daemon [_thread_blocked, id=25844, stack(0x000000e9d3100000,0x000000e9d3200000)]
  0x0000026e71613690 JavaThread "ForkJoinPool.commonPool-worker-5" daemon [_thread_blocked, id=6212, stack(0x000000e9d3200000,0x000000e9d3300000)]
  0x0000026e716140b0 JavaThread "ForkJoinPool.commonPool-worker-6" daemon [_thread_blocked, id=2660, stack(0x000000e9d3300000,0x000000e9d3400000)]
  0x0000026e716145c0 JavaThread "ForkJoinPool.commonPool-worker-7" daemon [_thread_blocked, id=25300, stack(0x000000e9d3400000,0x000000e9d3500000)]
  0x0000026e71616420 JavaThread "Exec process" daemon [_thread_blocked, id=24484, stack(0x000000e9d3500000,0x000000e9d3600000)]
  0x0000026e71611830 JavaThread "Exec process Thread 2" daemon [_thread_blocked, id=23340, stack(0x000000e9d3600000,0x000000e9d3700000)]
  0x0000026e71614ad0 JavaThread "Exec process Thread 3" daemon [_thread_blocked, id=10524, stack(0x000000e9d3700000,0x000000e9d3800000)]
  0x0000026e71614fe0 JavaThread "included builds" [_thread_blocked, id=19748, stack(0x000000e9d3a00000,0x000000e9d3b00000)]
  0x0000026e7160efb0 JavaThread "Execution worker" [_thread_blocked, id=26248, stack(0x000000e9d3b00000,0x000000e9d3c00000)]
  0x0000026e71616930 JavaThread "Execution worker Thread 2" [_thread_blocked, id=23676, stack(0x000000e9d3c00000,0x000000e9d3d00000)]
  0x0000026e7160f9d0 JavaThread "Execution worker Thread 3" [_thread_blocked, id=21188, stack(0x000000e9d3d00000,0x000000e9d3e00000)]
  0x0000026e73c3b9d0 JavaThread "Execution worker Thread 4" [_thread_blocked, id=13116, stack(0x000000e9d3e00000,0x000000e9d3f00000)]
  0x0000026e73c42930 JavaThread "Execution worker Thread 5" [_thread_blocked, id=2300, stack(0x000000e9d3f00000,0x000000e9d4000000)]
  0x0000026e73c3b4c0 JavaThread "Execution worker Thread 6" [_thread_blocked, id=13120, stack(0x000000e9d4000000,0x000000e9d4100000)]
  0x0000026e73c3c900 JavaThread "Execution worker Thread 7" [_thread_blocked, id=12920, stack(0x000000e9d4100000,0x000000e9d4200000)]
  0x0000026e73c3ec70 JavaThread "Cache worker for execution history cache (E:\serviceprovider\serviceapp\node_modules\@react-native\gradle-plugin\.gradle\8.10.2\executionHistory)" [_thread_blocked, id=25624, stack(0x000000e9d4200000,0x000000e9d4300000)]
  0x0000026e73c41f10 JavaThread "Unconstrained build operations Thread 28" [_thread_blocked, id=2516, stack(0x000000e9d4300000,0x000000e9d4400000)]
  0x0000026e73c3d830 JavaThread "Unconstrained build operations Thread 29" [_thread_blocked, id=6688, stack(0x000000e9d4400000,0x000000e9d4500000)]
  0x0000026e73c42e40 JavaThread "Unconstrained build operations Thread 30" [_thread_blocked, id=14424, stack(0x000000e9d4500000,0x000000e9d4600000)]
  0x0000026e73c414f0 JavaThread "Unconstrained build operations Thread 31" [_thread_blocked, id=25492, stack(0x000000e9d4600000,0x000000e9d4700000)]
  0x0000026e73c3d320 JavaThread "Unconstrained build operations Thread 32" [_thread_blocked, id=24336, stack(0x000000e9d4700000,0x000000e9d4800000)]
  0x0000026e73c40fe0 JavaThread "Unconstrained build operations Thread 33" [_thread_blocked, id=23140, stack(0x000000e9d4800000,0x000000e9d4900000)]
  0x0000026e73c41a00 JavaThread "Unconstrained build operations Thread 34" [_thread_blocked, id=26180, stack(0x000000e9d4900000,0x000000e9d4a00000)]
  0x0000026e73c3dd40 JavaThread "Unconstrained build operations Thread 35" [_thread_blocked, id=17836, stack(0x000000e9d4a00000,0x000000e9d4b00000)]
  0x0000026e73c3e250 JavaThread "Unconstrained build operations Thread 36" [_thread_blocked, id=20132, stack(0x000000e9d4b00000,0x000000e9d4c00000)]
  0x0000026e73c3e760 JavaThread "Unconstrained build operations Thread 37" [_thread_blocked, id=10840, stack(0x000000e9d4c00000,0x000000e9d4d00000)]
  0x0000026e73c3bee0 JavaThread "Unconstrained build operations Thread 38" [_thread_blocked, id=15132, stack(0x000000e9d4d00000,0x000000e9d4e00000)]
  0x0000026e73c3c3f0 JavaThread "Unconstrained build operations Thread 39" [_thread_blocked, id=26028, stack(0x000000e9d4e00000,0x000000e9d4f00000)]
  0x0000026e73c3f180 JavaThread "Unconstrained build operations Thread 40" [_thread_blocked, id=19144, stack(0x000000e9d4f00000,0x000000e9d5000000)]
  0x0000026e73c42420 JavaThread "Unconstrained build operations Thread 41" [_thread_blocked, id=22856, stack(0x000000e9d5000000,0x000000e9d5100000)]
  0x0000026e73c3f690 JavaThread "Unconstrained build operations Thread 42" [_thread_blocked, id=19044, stack(0x000000e9d5100000,0x000000e9d5200000)]
  0x0000026e73c3fba0 JavaThread "Unconstrained build operations Thread 43" [_thread_blocked, id=21520, stack(0x000000e9d5200000,0x000000e9d5300000)]
  0x0000026e73c400b0 JavaThread "Unconstrained build operations Thread 44" [_thread_blocked, id=8340, stack(0x000000e9d5300000,0x000000e9d5400000)]
  0x0000026e73c405c0 JavaThread "Unconstrained build operations Thread 45" [_thread_blocked, id=25804, stack(0x000000e9d5400000,0x000000e9d5500000)]
  0x0000026e73c40ad0 JavaThread "Unconstrained build operations Thread 46" [_thread_blocked, id=10688, stack(0x000000e9d5500000,0x000000e9d5600000)]
  0x0000026e74482ed0 JavaThread "Unconstrained build operations Thread 47" [_thread_blocked, id=2496, stack(0x000000e9d5600000,0x000000e9d5700000)]
  0x0000026e744829c0 JavaThread "Unconstrained build operations Thread 48" [_thread_blocked, id=21340, stack(0x000000e9d5700000,0x000000e9d5800000)]
  0x0000026e74481580 JavaThread "Unconstrained build operations Thread 49" [_thread_blocked, id=14580, stack(0x000000e9d5800000,0x000000e9d5900000)]
  0x0000026e7447bf70 JavaThread "Unconstrained build operations Thread 50" [_thread_blocked, id=22876, stack(0x000000e9d5900000,0x000000e9d5a00000)]
  0x0000026e7447fc30 JavaThread "Unconstrained build operations Thread 51" [_thread_blocked, id=7332, stack(0x000000e9d5a00000,0x000000e9d5b00000)]
  0x0000026e74481070 JavaThread "Unconstrained build operations Thread 52" [_thread_blocked, id=14964, stack(0x000000e9d5b00000,0x000000e9d5c00000)]
  0x0000026e74480140 JavaThread "Unconstrained build operations Thread 53" [_thread_blocked, id=1308, stack(0x000000e9d5c00000,0x000000e9d5d00000)]
  0x0000026e7447c480 JavaThread "Unconstrained build operations Thread 54" [_thread_blocked, id=25248, stack(0x000000e9d5d00000,0x000000e9d5e00000)]
  0x0000026e7447c990 JavaThread "Unconstrained build operations Thread 55" [_thread_blocked, id=9604, stack(0x000000e9d5e00000,0x000000e9d5f00000)]
  0x0000026e744833e0 JavaThread "Unconstrained build operations Thread 56" [_thread_blocked, id=23636, stack(0x000000e9d5f00000,0x000000e9d6000000)]
  0x0000026e7447f210 JavaThread "Unconstrained build operations Thread 57" [_thread_blocked, id=17140, stack(0x000000e9d6000000,0x000000e9d6100000)]
  0x0000026e7447cea0 JavaThread "Unconstrained build operations Thread 58" [_thread_blocked, id=15388, stack(0x000000e9d6100000,0x000000e9d6200000)]
  0x0000026e744838f0 JavaThread "Unconstrained build operations Thread 59" [_thread_blocked, id=17052, stack(0x000000e9d6200000,0x000000e9d6300000)]
  0x0000026e7447e2e0 JavaThread "Unconstrained build operations Thread 60" [_thread_blocked, id=25636, stack(0x000000e9d6300000,0x000000e9d6400000)]
  0x0000026e7447d3b0 JavaThread "Unconstrained build operations Thread 61" [_thread_blocked, id=21784, stack(0x000000e9d6400000,0x000000e9d6500000)]
  0x0000026e7447d8c0 JavaThread "Unconstrained build operations Thread 62" [_thread_blocked, id=12888, stack(0x000000e9d6500000,0x000000e9d6600000)]
  0x0000026e74480650 JavaThread "Unconstrained build operations Thread 63" [_thread_blocked, id=18996, stack(0x000000e9d6600000,0x000000e9d6700000)]
  0x0000026e74481fa0 JavaThread "Unconstrained build operations Thread 64" [_thread_blocked, id=19400, stack(0x000000e9d6700000,0x000000e9d6800000)]
  0x0000026e74481a90 JavaThread "Unconstrained build operations Thread 65" [_thread_blocked, id=24348, stack(0x000000e9d6800000,0x000000e9d6900000)]
  0x0000026e7447ddd0 JavaThread "Unconstrained build operations Thread 66" [_thread_blocked, id=26168, stack(0x000000e9d6900000,0x000000e9d6a00000)]
  0x0000026e744824b0 JavaThread "Unconstrained build operations Thread 67" [_thread_blocked, id=26420, stack(0x000000e9d6a00000,0x000000e9d6b00000)]
  0x0000026e7447e7f0 JavaThread "Unconstrained build operations Thread 68" [_thread_blocked, id=1768, stack(0x000000e9d6b00000,0x000000e9d6c00000)]
  0x0000026e7447ed00 JavaThread "Unconstrained build operations Thread 69" [_thread_blocked, id=8060, stack(0x000000e9d6c00000,0x000000e9d6d00000)]
  0x0000026e7447f720 JavaThread "Unconstrained build operations Thread 70" [_thread_blocked, id=24896, stack(0x000000e9d6d00000,0x000000e9d6e00000)]
  0x0000026e74480b60 JavaThread "Unconstrained build operations Thread 71" [_thread_blocked, id=18416, stack(0x000000e9d6e00000,0x000000e9d6f00000)]
  0x0000026e73394b00 JavaThread "Unconstrained build operations Thread 72" [_thread_blocked, id=17132, stack(0x000000e9d6f00000,0x000000e9d7000000)]
  0x0000026e73396e70 JavaThread "jar transforms Thread 2" [_thread_blocked, id=8644, stack(0x000000e9d3900000,0x000000e9d3a00000)]
  0x0000026e733936c0 JavaThread "jar transforms Thread 3" [_thread_blocked, id=23696, stack(0x000000e9d7100000,0x000000e9d7200000)]
  0x0000026e73399c00 JavaThread "Unconstrained build operations Thread 73" [_thread_blocked, id=25776, stack(0x000000e9d7000000,0x000000e9d7100000)]
  0x0000026e73395010 JavaThread "Unconstrained build operations Thread 74" [_thread_blocked, id=17972, stack(0x000000e9d7200000,0x000000e9d7300000)]
  0x0000026e7339a110 JavaThread "Unconstrained build operations Thread 75" [_thread_blocked, id=26324, stack(0x000000e9d7300000,0x000000e9d7400000)]
  0x0000026e73393bd0 JavaThread "Unconstrained build operations Thread 76" [_thread_blocked, id=19068, stack(0x000000e9d7400000,0x000000e9d7500000)]
  0x0000026e733987c0 JavaThread "Unconstrained build operations Thread 77" [_thread_blocked, id=168, stack(0x000000e9d7500000,0x000000e9d7600000)]
  0x0000026e733982b0 JavaThread "Unconstrained build operations Thread 78" [_thread_blocked, id=23912, stack(0x000000e9d7600000,0x000000e9d7700000)]
  0x0000026e73397890 JavaThread "Unconstrained build operations Thread 79" [_thread_blocked, id=9488, stack(0x000000e9d7700000,0x000000e9d7800000)]
  0x0000026e73395520 JavaThread "Unconstrained build operations Thread 80" [_thread_blocked, id=16076, stack(0x000000e9d7800000,0x000000e9d7900000)]
  0x0000026e7339ab30 JavaThread "jar transforms Thread 4" [_thread_blocked, id=15516, stack(0x000000e9d7900000,0x000000e9d7a00000)]
  0x0000026e733940e0 JavaThread "jar transforms Thread 5" [_thread_blocked, id=22988, stack(0x000000e9d7a00000,0x000000e9d7b00000)]
  0x0000026e73395a30 JavaThread "jar transforms Thread 6" [_thread_blocked, id=22756, stack(0x000000e9d7b00000,0x000000e9d7c00000)]

Other Threads:
  0x0000026e6b225890 VMThread "VM Thread" [stack: 0x000000e9ce200000,0x000000e9ce300000] [id=18484]
  0x0000026e4cdf7a50 WatcherThread [stack: 0x000000e9cee00000,0x000000e9cef00000] [id=25256]
  0x0000026e4ce52610 GCTaskThread "GC Thread#0" [stack: 0x000000e9cdd00000,0x000000e9cde00000] [id=19920]
  0x0000026e6ba027c0 GCTaskThread "GC Thread#1" [stack: 0x000000e9cf000000,0x000000e9cf100000] [id=22372]
  0x0000026e6bbe27d0 GCTaskThread "GC Thread#2" [stack: 0x000000e9cf100000,0x000000e9cf200000] [id=16720]
  0x0000026e7073fe10 GCTaskThread "GC Thread#3" [stack: 0x000000e9cf200000,0x000000e9cf300000] [id=24224]
  0x0000026e70808910 GCTaskThread "GC Thread#4" [stack: 0x000000e9cf300000,0x000000e9cf400000] [id=17376]
  0x0000026e6b8cc040 GCTaskThread "GC Thread#5" [stack: 0x000000e9d0000000,0x000000e9d0100000] [id=19940]
  0x0000026e714b6f00 GCTaskThread "GC Thread#6" [stack: 0x000000e9d0100000,0x000000e9d0200000] [id=25884]
  0x0000026e714b71c0 GCTaskThread "GC Thread#7" [stack: 0x000000e9d0200000,0x000000e9d0300000] [id=24776]
  0x0000026e4ce63560 ConcurrentGCThread "G1 Main Marker" [stack: 0x000000e9cde00000,0x000000e9cdf00000] [id=6700]
  0x0000026e4ce63f70 ConcurrentGCThread "G1 Conc#0" [stack: 0x000000e9cdf00000,0x000000e9ce000000] [id=23996]
  0x0000026e7077fe80 ConcurrentGCThread "G1 Conc#1" [stack: 0x000000e9d0500000,0x000000e9d0600000] [id=17904]
  0x0000026e4ce9e830 ConcurrentGCThread "G1 Refine#0" [stack: 0x000000e9ce000000,0x000000e9ce100000] [id=20680]
  0x0000026e71b81030 ConcurrentGCThread "G1 Refine#1" [stack: 0x000000e9d1000000,0x000000e9d1100000] [id=25388]
  0x0000026e6b0de480 ConcurrentGCThread "G1 Service" [stack: 0x000000e9ce100000,0x000000e9ce200000] [id=24044]

Threads with active compile tasks:
C2 CompilerThread0    61845 11265       4       org.objectweb.asm.SymbolTable::addConstant (314 bytes)

VM state: not at safepoint (normal execution)

VM Mutex/Monitor currently owned by a thread: None

Heap address: 0x0000000080000000, size: 2048 MB, Compressed Oops mode: 32-bit

CDS archive(s) mapped at: [0x0000026e00000000-0x0000026e00bd0000-0x0000026e00bd0000), size 12386304, SharedBaseAddress: 0x0000026e00000000, ArchiveRelocationMode: 1.
Compressed class space mapped at: 0x0000026e01000000-0x0000026e1b000000, reserved size: 436207616
Narrow klass base: 0x0000026e00000000, Narrow klass shift: 0, Narrow klass range: 0x100000000

GC Precious Log:
 CPUs: 8 total, 8 available
 Memory: 7834M
 Large Page Support: Disabled
 NUMA Support: Disabled
 Compressed Oops: Enabled (32-bit)
 Heap Region Size: 1M
 Heap Min Capacity: 8M
 Heap Initial Capacity: 124M
 Heap Max Capacity: 2G
 Pre-touch: Disabled
 Parallel Workers: 8
 Concurrent Workers: 2
 Concurrent Refinement Workers: 8
 Periodic GC: Disabled

Heap:
 garbage-first heap   total 207872K, used 108901K [0x0000000080000000, 0x0000000100000000)
  region size 1024K, 11 young (11264K), 4 survivors (4096K)
 Metaspace       used 77885K, committed 78784K, reserved 557056K
  class space    used 10794K, committed 11200K, reserved 425984K

Heap Regions: E=young(eden), S=young(survivor), O=old, HS=humongous(starts), HC=humongous(continues), CS=collection set, F=free, OA=open archive, CA=closed archive, TAMS=top-at-mark-start (previous, next)
|   0|0x0000000080000000, 0x0000000080100000, 0x0000000080100000|100%| O|  |TAMS 0x0000000080100000, 0x0000000080000000| Untracked 
|   1|0x0000000080100000, 0x0000000080200000, 0x0000000080200000|100%| O|  |TAMS 0x0000000080200000, 0x0000000080100000| Untracked 
|   2|0x0000000080200000, 0x0000000080300000, 0x0000000080300000|100%|HS|  |TAMS 0x0000000080300000, 0x0000000080200000| Complete 
|   3|0x0000000080300000, 0x0000000080400000, 0x0000000080400000|100%|HC|  |TAMS 0x0000000080400000, 0x0000000080300000| Complete 
|   4|0x0000000080400000, 0x0000000080500000, 0x0000000080500000|100%|HC|  |TAMS 0x0000000080500000, 0x0000000080400000| Complete 
|   5|0x0000000080500000, 0x0000000080600000, 0x0000000080600000|100%|HC|  |TAMS 0x0000000080600000, 0x0000000080500000| Complete 
|   6|0x0000000080600000, 0x0000000080700000, 0x0000000080700000|100%| O|  |TAMS 0x0000000080700000, 0x0000000080600000| Untracked 
|   7|0x0000000080700000, 0x0000000080800000, 0x0000000080800000|100%| O|  |TAMS 0x0000000080800000, 0x0000000080700000| Untracked 
|   8|0x0000000080800000, 0x0000000080900000, 0x0000000080900000|100%| O|  |TAMS 0x0000000080800000, 0x0000000080800000| Untracked 
|   9|0x0000000080900000, 0x0000000080a00000, 0x0000000080a00000|100%|HS|  |TAMS 0x0000000080a00000, 0x0000000080900000| Complete 
|  10|0x0000000080a00000, 0x0000000080b00000, 0x0000000080b00000|100%| O|  |TAMS 0x0000000080b00000, 0x0000000080a00000| Untracked 
|  11|0x0000000080b00000, 0x0000000080c00000, 0x0000000080c00000|100%| O|  |TAMS 0x0000000080c00000, 0x0000000080b00000| Untracked 
|  12|0x0000000080c00000, 0x0000000080d00000, 0x0000000080d00000|100%| O|  |TAMS 0x0000000080d00000, 0x0000000080c00000| Untracked 
|  13|0x0000000080d00000, 0x0000000080e00000, 0x0000000080e00000|100%| O|  |TAMS 0x0000000080e00000, 0x0000000080d00000| Untracked 
|  14|0x0000000080e00000, 0x0000000080f00000, 0x0000000080f00000|100%| O|  |TAMS 0x0000000080f00000, 0x0000000080e00000| Untracked 
|  15|0x0000000080f00000, 0x0000000081000000, 0x0000000081000000|100%| O|  |TAMS 0x0000000081000000, 0x0000000080f00000| Untracked 
|  16|0x0000000081000000, 0x0000000081100000, 0x0000000081100000|100%| O|  |TAMS 0x0000000081100000, 0x0000000081000000| Untracked 
|  17|0x0000000081100000, 0x0000000081200000, 0x0000000081200000|100%| O|  |TAMS 0x0000000081200000, 0x0000000081100000| Untracked 
|  18|0x0000000081200000, 0x0000000081300000, 0x0000000081300000|100%| O|  |TAMS 0x0000000081300000, 0x0000000081200000| Untracked 
|  19|0x0000000081300000, 0x0000000081400000, 0x0000000081400000|100%| O|  |TAMS 0x0000000081400000, 0x0000000081300000| Untracked 
|  20|0x0000000081400000, 0x0000000081500000, 0x0000000081500000|100%| O|  |TAMS 0x0000000081500000, 0x0000000081400000| Untracked 
|  21|0x0000000081500000, 0x0000000081600000, 0x0000000081600000|100%| O|  |TAMS 0x0000000081600000, 0x0000000081500000| Untracked 
|  22|0x0000000081600000, 0x00000000816b5000, 0x0000000081700000| 70%| O|  |TAMS 0x00000000816b5000, 0x0000000081600000| Untracked 
|  23|0x0000000081700000, 0x0000000081800000, 0x0000000081800000|100%| O|  |TAMS 0x0000000081800000, 0x0000000081700000| Untracked 
|  24|0x0000000081800000, 0x0000000081900000, 0x0000000081900000|100%| O|  |TAMS 0x0000000081900000, 0x0000000081800000| Untracked 
|  25|0x0000000081900000, 0x0000000081a00000, 0x0000000081a00000|100%| O|  |TAMS 0x0000000081900000, 0x0000000081900000| Untracked 
|  26|0x0000000081a00000, 0x0000000081b00000, 0x0000000081b00000|100%| O|  |TAMS 0x0000000081b00000, 0x0000000081a00000| Untracked 
|  27|0x0000000081b00000, 0x0000000081c00000, 0x0000000081c00000|100%| O|  |TAMS 0x0000000081c00000, 0x0000000081b00000| Untracked 
|  28|0x0000000081c00000, 0x0000000081d00000, 0x0000000081d00000|100%| O|  |TAMS 0x0000000081d00000, 0x0000000081c00000| Untracked 
|  29|0x0000000081d00000, 0x0000000081e00000, 0x0000000081e00000|100%| O|  |TAMS 0x0000000081e00000, 0x0000000081d00000| Untracked 
|  30|0x0000000081e00000, 0x0000000081f00000, 0x0000000081f00000|100%| O|  |TAMS 0x0000000081f00000, 0x0000000081e00000| Untracked 
|  31|0x0000000081f00000, 0x0000000082000000, 0x0000000082000000|100%| O|  |TAMS 0x0000000082000000, 0x0000000081f00000| Untracked 
|  32|0x0000000082000000, 0x0000000082100000, 0x0000000082100000|100%| O|  |TAMS 0x0000000082100000, 0x0000000082000000| Untracked 
|  33|0x0000000082100000, 0x0000000082200000, 0x0000000082200000|100%| O|  |TAMS 0x0000000082200000, 0x0000000082100000| Untracked 
|  34|0x0000000082200000, 0x0000000082300000, 0x0000000082300000|100%| O|  |TAMS 0x0000000082300000, 0x0000000082200000| Untracked 
|  35|0x0000000082300000, 0x0000000082400000, 0x0000000082400000|100%| O|  |TAMS 0x0000000082400000, 0x0000000082300000| Untracked 
|  36|0x0000000082400000, 0x0000000082500000, 0x0000000082500000|100%| O|  |TAMS 0x0000000082500000, 0x0000000082400000| Untracked 
|  37|0x0000000082500000, 0x0000000082600000, 0x0000000082600000|100%| O|  |TAMS 0x0000000082600000, 0x0000000082500000| Untracked 
|  38|0x0000000082600000, 0x0000000082700000, 0x0000000082700000|100%| O|  |TAMS 0x0000000082700000, 0x0000000082600000| Untracked 
|  39|0x0000000082700000, 0x0000000082800000, 0x0000000082800000|100%| O|  |TAMS 0x0000000082800000, 0x0000000082700000| Untracked 
|  40|0x0000000082800000, 0x0000000082900000, 0x0000000082900000|100%| O|  |TAMS 0x0000000082900000, 0x0000000082800000| Untracked 
|  41|0x0000000082900000, 0x0000000082a00000, 0x0000000082a00000|100%| O|  |TAMS 0x0000000082a00000, 0x0000000082900000| Untracked 
|  42|0x0000000082a00000, 0x0000000082b00000, 0x0000000082b00000|100%| O|  |TAMS 0x0000000082b00000, 0x0000000082a00000| Untracked 
|  43|0x0000000082b00000, 0x0000000082c00000, 0x0000000082c00000|100%| O|  |TAMS 0x0000000082c00000, 0x0000000082b00000| Untracked 
|  44|0x0000000082c00000, 0x0000000082d00000, 0x0000000082d00000|100%| O|  |TAMS 0x0000000082d00000, 0x0000000082c00000| Untracked 
|  45|0x0000000082d00000, 0x0000000082e00000, 0x0000000082e00000|100%| O|  |TAMS 0x0000000082e00000, 0x0000000082d00000| Untracked 
|  46|0x0000000082e00000, 0x0000000082f00000, 0x0000000082f00000|100%| O|  |TAMS 0x0000000082f00000, 0x0000000082e00000| Untracked 
|  47|0x0000000082f00000, 0x0000000083000000, 0x0000000083000000|100%|HS|  |TAMS 0x0000000083000000, 0x0000000082f00000| Complete 
|  48|0x0000000083000000, 0x0000000083100000, 0x0000000083100000|100%|HC|  |TAMS 0x0000000083100000, 0x0000000083000000| Complete 
|  49|0x0000000083100000, 0x0000000083200000, 0x0000000083200000|100%|HS|  |TAMS 0x0000000083200000, 0x0000000083100000| Complete 
|  50|0x0000000083200000, 0x0000000083300000, 0x0000000083300000|100%|HC|  |TAMS 0x0000000083300000, 0x0000000083200000| Complete 
|  51|0x0000000083300000, 0x0000000083400000, 0x0000000083400000|100%|HS|  |TAMS 0x0000000083400000, 0x0000000083300000| Complete 
|  52|0x0000000083400000, 0x0000000083500000, 0x0000000083500000|100%|HC|  |TAMS 0x0000000083500000, 0x0000000083400000| Complete 
|  53|0x0000000083500000, 0x0000000083600000, 0x0000000083600000|100%|HC|  |TAMS 0x0000000083600000, 0x0000000083500000| Complete 
|  54|0x0000000083600000, 0x0000000083700000, 0x0000000083700000|100%|HC|  |TAMS 0x0000000083700000, 0x0000000083600000| Complete 
|  55|0x0000000083700000, 0x0000000083800000, 0x0000000083800000|100%|HS|  |TAMS 0x0000000083800000, 0x0000000083700000| Complete 
|  56|0x0000000083800000, 0x0000000083900000, 0x0000000083900000|100%|HC|  |TAMS 0x0000000083900000, 0x0000000083800000| Complete 
|  57|0x0000000083900000, 0x0000000083a00000, 0x0000000083a00000|100%|HC|  |TAMS 0x0000000083a00000, 0x0000000083900000| Complete 
|  58|0x0000000083a00000, 0x0000000083b00000, 0x0000000083b00000|100%|HC|  |TAMS 0x0000000083b00000, 0x0000000083a00000| Complete 
|  59|0x0000000083b00000, 0x0000000083c00000, 0x0000000083c00000|100%| O|  |TAMS 0x0000000083c00000, 0x0000000083b00000| Untracked 
|  60|0x0000000083c00000, 0x0000000083d00000, 0x0000000083d00000|100%| O|  |TAMS 0x0000000083ce5000, 0x0000000083c00000| Untracked 
|  61|0x0000000083d00000, 0x0000000083e00000, 0x0000000083e00000|100%| O|  |TAMS 0x0000000083d00000, 0x0000000083d00000| Untracked 
|  62|0x0000000083e00000, 0x0000000083f00000, 0x0000000083f00000|100%| O|  |TAMS 0x0000000083f00000, 0x0000000083e00000| Untracked 
|  63|0x0000000083f00000, 0x0000000084000000, 0x0000000084000000|100%| O|  |TAMS 0x0000000084000000, 0x0000000083f00000| Untracked 
|  64|0x0000000084000000, 0x0000000084100000, 0x0000000084100000|100%| O|  |TAMS 0x0000000084000000, 0x0000000084000000| Untracked 
|  65|0x0000000084100000, 0x0000000084200000, 0x0000000084200000|100%| O|  |TAMS 0x0000000084100000, 0x0000000084100000| Untracked 
|  66|0x0000000084200000, 0x0000000084300000, 0x0000000084300000|100%| O|  |TAMS 0x0000000084300000, 0x0000000084200000| Untracked 
|  67|0x0000000084300000, 0x0000000084400000, 0x0000000084400000|100%| O|  |TAMS 0x0000000084300000, 0x0000000084300000| Untracked 
|  68|0x0000000084400000, 0x0000000084500000, 0x0000000084500000|100%| O|  |TAMS 0x0000000084400000, 0x0000000084400000| Untracked 
|  69|0x0000000084500000, 0x0000000084600000, 0x0000000084600000|100%| O|  |TAMS 0x0000000084500000, 0x0000000084500000| Untracked 
|  70|0x0000000084600000, 0x0000000084700000, 0x0000000084700000|100%| O|  |TAMS 0x0000000084600000, 0x0000000084600000| Untracked 
|  71|0x0000000084700000, 0x0000000084800000, 0x0000000084800000|100%| O|  |TAMS 0x0000000084700000, 0x0000000084700000| Untracked 
|  72|0x0000000084800000, 0x0000000084900000, 0x0000000084900000|100%| O|  |TAMS 0x0000000084800000, 0x0000000084800000| Untracked 
|  73|0x0000000084900000, 0x0000000084a00000, 0x0000000084a00000|100%| O|  |TAMS 0x0000000084900000, 0x0000000084900000| Untracked 
|  74|0x0000000084a00000, 0x0000000084b00000, 0x0000000084b00000|100%| O|  |TAMS 0x0000000084a00000, 0x0000000084a00000| Untracked 
|  75|0x0000000084b00000, 0x0000000084c00000, 0x0000000084c00000|100%| O|  |TAMS 0x0000000084b00000, 0x0000000084b00000| Untracked 
|  76|0x0000000084c00000, 0x0000000084d00000, 0x0000000084d00000|100%| O|  |TAMS 0x0000000084c00000, 0x0000000084c00000| Untracked 
|  77|0x0000000084d00000, 0x0000000084e00000, 0x0000000084e00000|100%| O|  |TAMS 0x0000000084d00000, 0x0000000084d00000| Untracked 
|  78|0x0000000084e00000, 0x0000000084f00000, 0x0000000084f00000|100%| O|  |TAMS 0x0000000084e00000, 0x0000000084e00000| Untracked 
|  79|0x0000000084f00000, 0x0000000085000000, 0x0000000085000000|100%|HS|  |TAMS 0x0000000084f00000, 0x0000000084f00000| Complete 
|  80|0x0000000085000000, 0x0000000085100000, 0x0000000085100000|100%|HS|  |TAMS 0x0000000085000000, 0x0000000085000000| Complete 
|  81|0x0000000085100000, 0x0000000085200000, 0x0000000085200000|100%|HS|  |TAMS 0x0000000085100000, 0x0000000085100000| Complete 
|  82|0x0000000085200000, 0x0000000085300000, 0x0000000085300000|100%|HS|  |TAMS 0x0000000085200000, 0x0000000085200000| Complete 
|  83|0x0000000085300000, 0x0000000085400000, 0x0000000085400000|100%|HS|  |TAMS 0x0000000085300000, 0x0000000085300000| Complete 
|  84|0x0000000085400000, 0x0000000085500000, 0x0000000085500000|100%| O|  |TAMS 0x0000000085400000, 0x0000000085400000| Untracked 
|  85|0x0000000085500000, 0x0000000085600000, 0x0000000085600000|100%| O|  |TAMS 0x0000000085500000, 0x0000000085500000| Untracked 
|  86|0x0000000085600000, 0x0000000085700000, 0x0000000085700000|100%| O|  |TAMS 0x0000000085600000, 0x0000000085600000| Untracked 
|  87|0x0000000085700000, 0x0000000085800000, 0x0000000085800000|100%| O|  |TAMS 0x0000000085700000, 0x0000000085700000| Untracked 
|  88|0x0000000085800000, 0x0000000085900000, 0x0000000085900000|100%| O|  |TAMS 0x0000000085800000, 0x0000000085800000| Untracked 
|  89|0x0000000085900000, 0x0000000085a00000, 0x0000000085a00000|100%|HS|  |TAMS 0x0000000085900000, 0x0000000085900000| Complete 
|  90|0x0000000085a00000, 0x0000000085b00000, 0x0000000085b00000|100%| O|  |TAMS 0x0000000085a00000, 0x0000000085a00000| Untracked 
|  91|0x0000000085b00000, 0x0000000085c00000, 0x0000000085c00000|100%| O|  |TAMS 0x0000000085b00000, 0x0000000085b00000| Untracked 
|  92|0x0000000085c00000, 0x0000000085d00000, 0x0000000085d00000|100%| O|  |TAMS 0x0000000085c00000, 0x0000000085c00000| Untracked 
|  93|0x0000000085d00000, 0x0000000085e00000, 0x0000000085e00000|100%| O|  |TAMS 0x0000000085d00000, 0x0000000085d00000| Untracked 
|  94|0x0000000085e00000, 0x0000000085f00000, 0x0000000085f00000|100%| O|  |TAMS 0x0000000085e00000, 0x0000000085e00000| Untracked 
|  95|0x0000000085f00000, 0x0000000086000000, 0x0000000086000000|100%| O|  |TAMS 0x0000000085f00000, 0x0000000085f00000| Untracked 
|  96|0x0000000086000000, 0x0000000086100000, 0x0000000086100000|100%| O|  |TAMS 0x0000000086000000, 0x0000000086000000| Untracked 
|  97|0x0000000086100000, 0x000000008617e600, 0x0000000086200000| 49%| O|  |TAMS 0x0000000086100000, 0x0000000086100000| Untracked 
|  98|0x0000000086200000, 0x0000000086200000, 0x0000000086300000|  0%| F|  |TAMS 0x0000000086200000, 0x0000000086200000| Untracked 
|  99|0x0000000086300000, 0x0000000086300000, 0x0000000086400000|  0%| F|  |TAMS 0x0000000086300000, 0x0000000086300000| Untracked 
| 100|0x0000000086400000, 0x0000000086400000, 0x0000000086500000|  0%| F|  |TAMS 0x0000000086400000, 0x0000000086400000| Untracked 
| 101|0x0000000086500000, 0x0000000086500000, 0x0000000086600000|  0%| F|  |TAMS 0x0000000086500000, 0x0000000086500000| Untracked 
| 102|0x0000000086600000, 0x0000000086600000, 0x0000000086700000|  0%| F|  |TAMS 0x0000000086600000, 0x0000000086600000| Untracked 
| 103|0x0000000086700000, 0x0000000086700000, 0x0000000086800000|  0%| F|  |TAMS 0x0000000086700000, 0x0000000086700000| Untracked 
| 104|0x0000000086800000, 0x0000000086800000, 0x0000000086900000|  0%| F|  |TAMS 0x0000000086800000, 0x0000000086800000| Untracked 
| 105|0x0000000086900000, 0x0000000086900000, 0x0000000086a00000|  0%| F|  |TAMS 0x0000000086900000, 0x0000000086900000| Untracked 
| 106|0x0000000086a00000, 0x0000000086a00000, 0x0000000086b00000|  0%| F|  |TAMS 0x0000000086a00000, 0x0000000086a00000| Untracked 
| 107|0x0000000086b00000, 0x0000000086b00000, 0x0000000086c00000|  0%| F|  |TAMS 0x0000000086b00000, 0x0000000086b00000| Untracked 
| 108|0x0000000086c00000, 0x0000000086c00000, 0x0000000086d00000|  0%| F|  |TAMS 0x0000000086c00000, 0x0000000086c00000| Untracked 
| 109|0x0000000086d00000, 0x0000000086d00000, 0x0000000086e00000|  0%| F|  |TAMS 0x0000000086d00000, 0x0000000086d00000| Untracked 
| 110|0x0000000086e00000, 0x0000000086e00000, 0x0000000086f00000|  0%| F|  |TAMS 0x0000000086e00000, 0x0000000086e00000| Untracked 
| 111|0x0000000086f00000, 0x0000000086f00000, 0x0000000087000000|  0%| F|  |TAMS 0x0000000086f00000, 0x0000000086f00000| Untracked 
| 112|0x0000000087000000, 0x0000000087000000, 0x0000000087100000|  0%| F|  |TAMS 0x0000000087000000, 0x0000000087000000| Untracked 
| 113|0x0000000087100000, 0x0000000087100000, 0x0000000087200000|  0%| F|  |TAMS 0x0000000087100000, 0x0000000087100000| Untracked 
| 114|0x0000000087200000, 0x0000000087200000, 0x0000000087300000|  0%| F|  |TAMS 0x0000000087200000, 0x0000000087200000| Untracked 
| 115|0x0000000087300000, 0x0000000087300000, 0x0000000087400000|  0%| F|  |TAMS 0x0000000087300000, 0x0000000087300000| Untracked 
| 116|0x0000000087400000, 0x0000000087400000, 0x0000000087500000|  0%| F|  |TAMS 0x0000000087400000, 0x0000000087400000| Untracked 
| 117|0x0000000087500000, 0x0000000087500000, 0x0000000087600000|  0%| F|  |TAMS 0x0000000087500000, 0x0000000087500000| Untracked 
| 118|0x0000000087600000, 0x0000000087600000, 0x0000000087700000|  0%| F|  |TAMS 0x0000000087600000, 0x0000000087600000| Untracked 
| 119|0x0000000087700000, 0x0000000087700000, 0x0000000087800000|  0%| F|  |TAMS 0x0000000087700000, 0x0000000087700000| Untracked 
| 120|0x0000000087800000, 0x0000000087800000, 0x0000000087900000|  0%| F|  |TAMS 0x0000000087800000, 0x0000000087800000| Untracked 
| 121|0x0000000087900000, 0x0000000087900000, 0x0000000087a00000|  0%| F|  |TAMS 0x0000000087900000, 0x0000000087900000| Untracked 
| 122|0x0000000087a00000, 0x0000000087a00000, 0x0000000087b00000|  0%| F|  |TAMS 0x0000000087a00000, 0x0000000087a00000| Untracked 
| 123|0x0000000087b00000, 0x0000000087b00000, 0x0000000087c00000|  0%| F|  |TAMS 0x0000000087b00000, 0x0000000087b00000| Untracked 
| 124|0x0000000087c00000, 0x0000000087c00000, 0x0000000087d00000|  0%| F|  |TAMS 0x0000000087c00000, 0x0000000087c00000| Untracked 
| 125|0x0000000087d00000, 0x0000000087d00000, 0x0000000087e00000|  0%| F|  |TAMS 0x0000000087d00000, 0x0000000087d00000| Untracked 
| 126|0x0000000087e00000, 0x0000000087e00000, 0x0000000087f00000|  0%| F|  |TAMS 0x0000000087e00000, 0x0000000087e00000| Untracked 
| 127|0x0000000087f00000, 0x0000000087f00000, 0x0000000088000000|  0%| F|  |TAMS 0x0000000087f00000, 0x0000000087f00000| Untracked 
| 128|0x0000000088000000, 0x0000000088000000, 0x0000000088100000|  0%| F|  |TAMS 0x0000000088000000, 0x0000000088000000| Untracked 
| 129|0x0000000088100000, 0x0000000088100000, 0x0000000088200000|  0%| F|  |TAMS 0x0000000088100000, 0x0000000088100000| Untracked 
| 130|0x0000000088200000, 0x0000000088200000, 0x0000000088300000|  0%| F|  |TAMS 0x0000000088200000, 0x0000000088200000| Untracked 
| 131|0x0000000088300000, 0x0000000088300000, 0x0000000088400000|  0%| F|  |TAMS 0x0000000088300000, 0x0000000088300000| Untracked 
| 132|0x0000000088400000, 0x0000000088425ff8, 0x0000000088500000| 14%| S|CS|TAMS 0x0000000088400000, 0x0000000088400000| Complete 
| 133|0x0000000088500000, 0x0000000088600000, 0x0000000088600000|100%| S|CS|TAMS 0x0000000088500000, 0x0000000088500000| Complete 
| 134|0x0000000088600000, 0x0000000088700000, 0x0000000088700000|100%| S|CS|TAMS 0x0000000088600000, 0x0000000088600000| Complete 
| 135|0x0000000088700000, 0x0000000088800000, 0x0000000088800000|100%| S|CS|TAMS 0x0000000088700000, 0x0000000088700000| Complete 
| 136|0x0000000088800000, 0x0000000088800000, 0x0000000088900000|  0%| F|  |TAMS 0x0000000088800000, 0x0000000088800000| Untracked 
| 137|0x0000000088900000, 0x0000000088900000, 0x0000000088a00000|  0%| F|  |TAMS 0x0000000088900000, 0x0000000088900000| Untracked 
| 138|0x0000000088a00000, 0x0000000088a00000, 0x0000000088b00000|  0%| F|  |TAMS 0x0000000088a00000, 0x0000000088a00000| Untracked 
| 139|0x0000000088b00000, 0x0000000088b00000, 0x0000000088c00000|  0%| F|  |TAMS 0x0000000088b00000, 0x0000000088b00000| Untracked 
| 140|0x0000000088c00000, 0x0000000088c00000, 0x0000000088d00000|  0%| F|  |TAMS 0x0000000088c00000, 0x0000000088c00000| Untracked 
| 141|0x0000000088d00000, 0x0000000088d00000, 0x0000000088e00000|  0%| F|  |TAMS 0x0000000088d00000, 0x0000000088d00000| Untracked 
| 142|0x0000000088e00000, 0x0000000088e00000, 0x0000000088f00000|  0%| F|  |TAMS 0x0000000088e00000, 0x0000000088e00000| Untracked 
| 143|0x0000000088f00000, 0x0000000088f00000, 0x0000000089000000|  0%| F|  |TAMS 0x0000000088f00000, 0x0000000088f00000| Untracked 
| 144|0x0000000089000000, 0x0000000089000000, 0x0000000089100000|  0%| F|  |TAMS 0x0000000089000000, 0x0000000089000000| Untracked 
| 145|0x0000000089100000, 0x0000000089100000, 0x0000000089200000|  0%| F|  |TAMS 0x0000000089100000, 0x0000000089100000| Untracked 
| 146|0x0000000089200000, 0x0000000089200000, 0x0000000089300000|  0%| F|  |TAMS 0x0000000089200000, 0x0000000089200000| Untracked 
| 147|0x0000000089300000, 0x0000000089300000, 0x0000000089400000|  0%| F|  |TAMS 0x0000000089300000, 0x0000000089300000| Untracked 
| 148|0x0000000089400000, 0x0000000089400000, 0x0000000089500000|  0%| F|  |TAMS 0x0000000089400000, 0x0000000089400000| Untracked 
| 149|0x0000000089500000, 0x0000000089500000, 0x0000000089600000|  0%| F|  |TAMS 0x0000000089500000, 0x0000000089500000| Untracked 
| 150|0x0000000089600000, 0x0000000089600000, 0x0000000089700000|  0%| F|  |TAMS 0x0000000089600000, 0x0000000089600000| Untracked 
| 151|0x0000000089700000, 0x0000000089700000, 0x0000000089800000|  0%| F|  |TAMS 0x0000000089700000, 0x0000000089700000| Untracked 
| 152|0x0000000089800000, 0x0000000089800000, 0x0000000089900000|  0%| F|  |TAMS 0x0000000089800000, 0x0000000089800000| Untracked 
| 153|0x0000000089900000, 0x0000000089900000, 0x0000000089a00000|  0%| F|  |TAMS 0x0000000089900000, 0x0000000089900000| Untracked 
| 154|0x0000000089a00000, 0x0000000089a00000, 0x0000000089b00000|  0%| F|  |TAMS 0x0000000089a00000, 0x0000000089a00000| Untracked 
| 155|0x0000000089b00000, 0x0000000089b00000, 0x0000000089c00000|  0%| F|  |TAMS 0x0000000089b00000, 0x0000000089b00000| Untracked 
| 156|0x0000000089c00000, 0x0000000089c00000, 0x0000000089d00000|  0%| F|  |TAMS 0x0000000089c00000, 0x0000000089c00000| Untracked 
| 157|0x0000000089d00000, 0x0000000089d00000, 0x0000000089e00000|  0%| F|  |TAMS 0x0000000089d00000, 0x0000000089d00000| Untracked 
| 158|0x0000000089e00000, 0x0000000089e00000, 0x0000000089f00000|  0%| F|  |TAMS 0x0000000089e00000, 0x0000000089e00000| Untracked 
| 159|0x0000000089f00000, 0x0000000089f00000, 0x000000008a000000|  0%| F|  |TAMS 0x0000000089f00000, 0x0000000089f00000| Untracked 
| 160|0x000000008a000000, 0x000000008a000000, 0x000000008a100000|  0%| F|  |TAMS 0x000000008a000000, 0x000000008a000000| Untracked 
| 161|0x000000008a100000, 0x000000008a100000, 0x000000008a200000|  0%| F|  |TAMS 0x000000008a100000, 0x000000008a100000| Untracked 
| 162|0x000000008a200000, 0x000000008a200000, 0x000000008a300000|  0%| F|  |TAMS 0x000000008a200000, 0x000000008a200000| Untracked 
| 163|0x000000008a300000, 0x000000008a300000, 0x000000008a400000|  0%| F|  |TAMS 0x000000008a300000, 0x000000008a300000| Untracked 
| 164|0x000000008a400000, 0x000000008a400000, 0x000000008a500000|  0%| F|  |TAMS 0x000000008a400000, 0x000000008a400000| Untracked 
| 165|0x000000008a500000, 0x000000008a500000, 0x000000008a600000|  0%| F|  |TAMS 0x000000008a500000, 0x000000008a500000| Untracked 
| 166|0x000000008a600000, 0x000000008a600000, 0x000000008a700000|  0%| F|  |TAMS 0x000000008a600000, 0x000000008a600000| Untracked 
| 167|0x000000008a700000, 0x000000008a700000, 0x000000008a800000|  0%| F|  |TAMS 0x000000008a700000, 0x000000008a700000| Untracked 
| 168|0x000000008a800000, 0x000000008a800000, 0x000000008a900000|  0%| F|  |TAMS 0x000000008a800000, 0x000000008a800000| Untracked 
| 169|0x000000008a900000, 0x000000008a900000, 0x000000008aa00000|  0%| F|  |TAMS 0x000000008a900000, 0x000000008a900000| Untracked 
| 170|0x000000008aa00000, 0x000000008aa00000, 0x000000008ab00000|  0%| F|  |TAMS 0x000000008aa00000, 0x000000008aa00000| Untracked 
| 171|0x000000008ab00000, 0x000000008ab00000, 0x000000008ac00000|  0%| F|  |TAMS 0x000000008ab00000, 0x000000008ab00000| Untracked 
| 172|0x000000008ac00000, 0x000000008ac00000, 0x000000008ad00000|  0%| F|  |TAMS 0x000000008ac00000, 0x000000008ac00000| Untracked 
| 173|0x000000008ad00000, 0x000000008ad00000, 0x000000008ae00000|  0%| F|  |TAMS 0x000000008ad00000, 0x000000008ad00000| Untracked 
| 174|0x000000008ae00000, 0x000000008ae00000, 0x000000008af00000|  0%| F|  |TAMS 0x000000008ae00000, 0x000000008ae00000| Untracked 
| 175|0x000000008af00000, 0x000000008af00000, 0x000000008b000000|  0%| F|  |TAMS 0x000000008af00000, 0x000000008af00000| Untracked 
| 176|0x000000008b000000, 0x000000008b000000, 0x000000008b100000|  0%| F|  |TAMS 0x000000008b000000, 0x000000008b000000| Untracked 
| 177|0x000000008b100000, 0x000000008b100000, 0x000000008b200000|  0%| F|  |TAMS 0x000000008b100000, 0x000000008b100000| Untracked 
| 178|0x000000008b200000, 0x000000008b200000, 0x000000008b300000|  0%| F|  |TAMS 0x000000008b200000, 0x000000008b200000| Untracked 
| 179|0x000000008b300000, 0x000000008b300000, 0x000000008b400000|  0%| F|  |TAMS 0x000000008b300000, 0x000000008b300000| Untracked 
| 180|0x000000008b400000, 0x000000008b400000, 0x000000008b500000|  0%| F|  |TAMS 0x000000008b400000, 0x000000008b400000| Untracked 
| 181|0x000000008b500000, 0x000000008b500000, 0x000000008b600000|  0%| F|  |TAMS 0x000000008b500000, 0x000000008b500000| Untracked 
| 182|0x000000008b600000, 0x000000008b600000, 0x000000008b700000|  0%| F|  |TAMS 0x000000008b600000, 0x000000008b600000| Untracked 
| 183|0x000000008b700000, 0x000000008b700000, 0x000000008b800000|  0%| F|  |TAMS 0x000000008b700000, 0x000000008b700000| Untracked 
| 184|0x000000008b800000, 0x000000008b800000, 0x000000008b900000|  0%| F|  |TAMS 0x000000008b800000, 0x000000008b800000| Untracked 
| 185|0x000000008b900000, 0x000000008b900000, 0x000000008ba00000|  0%| F|  |TAMS 0x000000008b900000, 0x000000008b900000| Untracked 
| 186|0x000000008ba00000, 0x000000008ba00000, 0x000000008bb00000|  0%| F|  |TAMS 0x000000008ba00000, 0x000000008ba00000| Untracked 
| 187|0x000000008bb00000, 0x000000008bb00000, 0x000000008bc00000|  0%| F|  |TAMS 0x000000008bb00000, 0x000000008bb00000| Untracked 
| 188|0x000000008bc00000, 0x000000008bc00000, 0x000000008bd00000|  0%| F|  |TAMS 0x000000008bc00000, 0x000000008bc00000| Untracked 
| 189|0x000000008bd00000, 0x000000008bd00000, 0x000000008be00000|  0%| F|  |TAMS 0x000000008bd00000, 0x000000008bd00000| Untracked 
| 190|0x000000008be00000, 0x000000008be00000, 0x000000008bf00000|  0%| F|  |TAMS 0x000000008be00000, 0x000000008be00000| Untracked 
| 191|0x000000008bf00000, 0x000000008bf00000, 0x000000008c000000|  0%| F|  |TAMS 0x000000008bf00000, 0x000000008bf00000| Untracked 
| 192|0x000000008c000000, 0x000000008c000000, 0x000000008c100000|  0%| F|  |TAMS 0x000000008c000000, 0x000000008c000000| Untracked 
| 193|0x000000008c100000, 0x000000008c100000, 0x000000008c200000|  0%| F|  |TAMS 0x000000008c100000, 0x000000008c100000| Untracked 
| 194|0x000000008c200000, 0x000000008c200000, 0x000000008c300000|  0%| F|  |TAMS 0x000000008c200000, 0x000000008c200000| Untracked 
| 195|0x000000008c300000, 0x000000008c300000, 0x000000008c400000|  0%| F|  |TAMS 0x000000008c300000, 0x000000008c300000| Untracked 
| 196|0x000000008c400000, 0x000000008c481060, 0x000000008c500000| 50%| E|  |TAMS 0x000000008c400000, 0x000000008c400000| Complete 
| 197|0x000000008c500000, 0x000000008c600000, 0x000000008c600000|100%| E|CS|TAMS 0x000000008c500000, 0x000000008c500000| Complete 
| 198|0x000000008c600000, 0x000000008c700000, 0x000000008c700000|100%| E|CS|TAMS 0x000000008c600000, 0x000000008c600000| Complete 
| 199|0x000000008c700000, 0x000000008c800000, 0x000000008c800000|100%| E|CS|TAMS 0x000000008c700000, 0x000000008c700000| Complete 
| 200|0x000000008c800000, 0x000000008c900000, 0x000000008c900000|100%| E|CS|TAMS 0x000000008c800000, 0x000000008c800000| Complete 
| 201|0x000000008c900000, 0x000000008ca00000, 0x000000008ca00000|100%| E|CS|TAMS 0x000000008c900000, 0x000000008c900000| Complete 
| 202|0x000000008ca00000, 0x000000008cb00000, 0x000000008cb00000|100%| E|CS|TAMS 0x000000008ca00000, 0x000000008ca00000| Complete 

Card table byte_map: [0x0000026e64010000,0x0000026e64410000] _byte_map_base: 0x0000026e63c10000

Marking Bits (Prev, Next): (CMBitMap*) 0x0000026e4ce52c70, (CMBitMap*) 0x0000026e4ce52c30
 Prev Bits: [0x0000026e66810000, 0x0000026e68810000)
 Next Bits: [0x0000026e64810000, 0x0000026e66810000)

Polling page: 0x0000026e4ad70000

Metaspace:

Usage:
  Non-class:     65.52 MB used.
      Class:     10.54 MB used.
       Both:     76.06 MB used.

Virtual space:
  Non-class space:      128.00 MB reserved,      66.00 MB ( 52%) committed,  2 nodes.
      Class space:      416.00 MB reserved,      10.94 MB (  3%) committed,  1 nodes.
             Both:      544.00 MB reserved,      76.94 MB ( 14%) committed. 

Chunk freelists:
   Non-Class:  13.78 MB
       Class:  4.88 MB
        Both:  18.66 MB

MaxMetaspaceSize: 512.00 MB
CompressedClassSpaceSize: 416.00 MB
Initial GC threshold: 21.00 MB
Current GC threshold: 101.81 MB
CDS: on
MetaspaceReclaimPolicy: balanced
 - commit_granule_bytes: 65536.
 - commit_granule_words: 8192.
 - virtual_space_node_default_size: 8388608.
 - enlarge_chunks_in_place: 1.
 - new_chunks_are_fully_committed: 0.
 - uncommit_free_chunks: 1.
 - use_allocation_guard: 0.
 - handle_deallocations: 1.


Internal statistics:

num_allocs_failed_limit: 6.
num_arena_births: 1122.
num_arena_deaths: 0.
num_vsnodes_births: 3.
num_vsnodes_deaths: 0.
num_space_committed: 1231.
num_space_uncommitted: 0.
num_chunks_returned_to_freelist: 6.
num_chunks_taken_from_freelist: 4543.
num_chunk_merges: 6.
num_chunk_splits: 2918.
num_chunks_enlarged: 1854.
num_inconsistent_stats: 0.

CodeHeap 'non-profiled nmethods': size=120000Kb used=5828Kb max_used=5841Kb free=114171Kb
 bounds [0x0000026e5c3b0000, 0x0000026e5c990000, 0x0000026e638e0000]
CodeHeap 'profiled nmethods': size=120000Kb used=18066Kb max_used=19707Kb free=101933Kb
 bounds [0x0000026e548e0000, 0x0000026e55c20000, 0x0000026e5be10000]
CodeHeap 'non-nmethods': size=5760Kb used=2395Kb max_used=2450Kb free=3364Kb
 bounds [0x0000026e5be10000, 0x0000026e5c080000, 0x0000026e5c3b0000]
 total_blobs=10530 nmethods=9615 adapters=827
 compilation: enabled
              stopped_count=0, restarted_count=0
 full_count=0

Compilation events (20 events):
Event: 60.738 Thread 0x0000026e6b24d8e0 11258       3       org.gradle.api.internal.provider.DefaultValueSourceProviderFactory::instantiateValueSourceProvider (21 bytes)
Event: 60.738 Thread 0x0000026e6b24d8e0 nmethod 11258 0x0000026e54d5c390 code [0x0000026e54d5c560, 0x0000026e54d5c988]
Event: 60.738 Thread 0x0000026e6b24d8e0 11259       3       org.gradle.initialization.DefaultGradlePropertiesController$SharedGradleProperties::gradleProperties (13 bytes)
Event: 60.739 Thread 0x0000026e6b24d8e0 nmethod 11259 0x0000026e54e65310 code [0x0000026e54e654c0, 0x0000026e54e656a8]
Event: 60.739 Thread 0x0000026e6b24d8e0 11257       3       org.gradle.api.internal.provider.DefaultValueSourceProviderFactory::configureParameters (34 bytes)
Event: 60.739 Thread 0x0000026e6b24d8e0 nmethod 11257 0x0000026e54ec1990 code [0x0000026e54ec1b80, 0x0000026e54ec21d8]
Event: 61.334 Thread 0x0000026e6b24ce30 nmethod 11251 0x0000026e5c982f10 code [0x0000026e5c983280, 0x0000026e5c986dd0]
Event: 61.334 Thread 0x0000026e6b24ce30 11261       4       org.objectweb.asm.Type::getInternalName (16 bytes)
Event: 61.340 Thread 0x0000026e6b24d8e0 11262       3       org.gradle.internal.instantiation.generator.AsmBackedClassGenerator$ClassBuilderImpl::addServiceSupport (21 bytes)
Event: 61.340 Thread 0x0000026e6b24d8e0 nmethod 11262 0x0000026e54a8df90 code [0x0000026e54a8e160, 0x0000026e54a8e4c8]
Event: 61.340 Thread 0x0000026e6b24d8e0 11263       3       org.gradle.internal.instantiation.generator.AsmBackedClassGenerator$ClassBuilderImpl::addServiceGetter (20 bytes)
Event: 61.341 Thread 0x0000026e6b24d8e0 nmethod 11263 0x0000026e54fc8910 code [0x0000026e54fc8b20, 0x0000026e54fc9118]
Event: 61.341 Thread 0x0000026e6b24d8e0 11264       3       org.gradle.internal.instantiation.generator.AsmBackedClassGenerator$ClassBuilderImpl::lambda$addServiceGetter$43 (17 bytes)
Event: 61.341 Thread 0x0000026e6b24d8e0 nmethod 11264 0x0000026e54e97290 code [0x0000026e54e97440, 0x0000026e54e97608]
Event: 61.380 Thread 0x0000026e6b24ce30 nmethod 11261 0x0000026e5c5e9510 code [0x0000026e5c5e96a0, 0x0000026e5c5e9c18]
Event: 61.380 Thread 0x0000026e6b24ce30 11260       4       com.google.common.cache.LocalCache::getIfPresent (49 bytes)
Event: 61.421 Thread 0x0000026e6b24ce30 nmethod 11260 0x0000026e5c78df90 code [0x0000026e5c78e1e0, 0x0000026e5c78ef08]
Event: 61.436 Thread 0x0000026e6b24ce30 11265       4       org.objectweb.asm.SymbolTable::addConstant (314 bytes)
Event: 61.483 Thread 0x0000026e6b24d8e0 11267       3       org.gradle.api.internal.provider.Providers::fixedValue (68 bytes)
Event: 61.489 Thread 0x0000026e6b24d8e0 nmethod 11267 0x0000026e54917810 code [0x0000026e54917b20, 0x0000026e54918fb8]

GC Heap History (20 events):
Event: 28.159 GC heap before
{Heap before GC invocations=20 (full 0):
 garbage-first heap   total 92160K, used 76304K [0x0000000080000000, 0x0000000100000000)
  region size 1024K, 14 young (14336K), 1 survivors (1024K)
 Metaspace       used 58565K, committed 59200K, reserved 491520K
  class space    used 8345K, committed 8640K, reserved 425984K
}
Event: 28.161 GC heap after
{Heap after GC invocations=21 (full 0):
 garbage-first heap   total 92160K, used 63259K [0x0000000080000000, 0x0000000100000000)
  region size 1024K, 1 young (1024K), 1 survivors (1024K)
 Metaspace       used 58565K, committed 59200K, reserved 491520K
  class space    used 8345K, committed 8640K, reserved 425984K
}
Event: 28.448 GC heap before
{Heap before GC invocations=22 (full 0):
 garbage-first heap   total 112640K, used 76571K [0x0000000080000000, 0x0000000100000000)
  region size 1024K, 15 young (15360K), 1 survivors (1024K)
 Metaspace       used 59796K, committed 60416K, reserved 491520K
  class space    used 8492K, committed 8768K, reserved 425984K
}
Event: 28.450 GC heap after
{Heap after GC invocations=23 (full 0):
 garbage-first heap   total 112640K, used 64678K [0x0000000080000000, 0x0000000100000000)
  region size 1024K, 2 young (2048K), 2 survivors (2048K)
 Metaspace       used 59796K, committed 60416K, reserved 491520K
  class space    used 8492K, committed 8768K, reserved 425984K
}
Event: 28.488 GC heap before
{Heap before GC invocations=23 (full 0):
 garbage-first heap   total 112640K, used 67750K [0x0000000080000000, 0x0000000100000000)
  region size 1024K, 5 young (5120K), 2 survivors (2048K)
 Metaspace       used 59986K, committed 60608K, reserved 491520K
  class space    used 8520K, committed 8832K, reserved 425984K
}
Event: 28.492 GC heap after
{Heap after GC invocations=24 (full 0):
 garbage-first heap   total 112640K, used 64410K [0x0000000080000000, 0x0000000100000000)
  region size 1024K, 1 young (1024K), 1 survivors (1024K)
 Metaspace       used 59986K, committed 60608K, reserved 491520K
  class space    used 8520K, committed 8832K, reserved 425984K
}
Event: 29.175 GC heap before
{Heap before GC invocations=24 (full 0):
 garbage-first heap   total 112640K, used 94106K [0x0000000080000000, 0x0000000100000000)
  region size 1024K, 30 young (30720K), 1 survivors (1024K)
 Metaspace       used 61721K, committed 62400K, reserved 491520K
  class space    used 8764K, committed 9088K, reserved 425984K
}
Event: 29.181 GC heap after
{Heap after GC invocations=25 (full 0):
 garbage-first heap   total 207872K, used 65139K [0x0000000080000000, 0x0000000100000000)
  region size 1024K, 2 young (2048K), 2 survivors (2048K)
 Metaspace       used 61721K, committed 62400K, reserved 491520K
  class space    used 8764K, committed 9088K, reserved 425984K
}
Event: 33.414 GC heap before
{Heap before GC invocations=26 (full 0):
 garbage-first heap   total 207872K, used 169587K [0x0000000080000000, 0x0000000100000000)
  region size 1024K, 105 young (107520K), 2 survivors (2048K)
 Metaspace       used 67350K, committed 68096K, reserved 491520K
  class space    used 9525K, committed 9856K, reserved 425984K
}
Event: 33.425 GC heap after
{Heap after GC invocations=27 (full 0):
 garbage-first heap   total 207872K, used 73126K [0x0000000080000000, 0x0000000100000000)
  region size 1024K, 9 young (9216K), 9 survivors (9216K)
 Metaspace       used 67350K, committed 68096K, reserved 491520K
  class space    used 9525K, committed 9856K, reserved 425984K
}
Event: 34.406 GC heap before
{Heap before GC invocations=27 (full 0):
 garbage-first heap   total 207872K, used 74150K [0x0000000080000000, 0x0000000100000000)
  region size 1024K, 10 young (10240K), 9 survivors (9216K)
 Metaspace       used 67507K, committed 68224K, reserved 491520K
  class space    used 9544K, committed 9856K, reserved 425984K
}
Event: 34.415 GC heap after
{Heap after GC invocations=28 (full 0):
 garbage-first heap   total 207872K, used 74041K [0x0000000080000000, 0x0000000100000000)
  region size 1024K, 2 young (2048K), 2 survivors (2048K)
 Metaspace       used 67507K, committed 68224K, reserved 491520K
  class space    used 9544K, committed 9856K, reserved 425984K
}
Event: 40.240 GC heap before
{Heap before GC invocations=28 (full 0):
 garbage-first heap   total 207872K, used 166201K [0x0000000080000000, 0x0000000100000000)
  region size 1024K, 92 young (94208K), 2 survivors (2048K)
 Metaspace       used 71535K, committed 72320K, reserved 491520K
  class space    used 10157K, committed 10560K, reserved 425984K
}
Event: 40.252 GC heap after
{Heap after GC invocations=29 (full 0):
 garbage-first heap   total 207872K, used 82501K [0x0000000080000000, 0x0000000100000000)
  region size 1024K, 10 young (10240K), 10 survivors (10240K)
 Metaspace       used 71535K, committed 72320K, reserved 491520K
  class space    used 10157K, committed 10560K, reserved 425984K
}
Event: 44.039 GC heap before
{Heap before GC invocations=29 (full 0):
 garbage-first heap   total 207872K, used 165445K [0x0000000080000000, 0x0000000100000000)
  region size 1024K, 92 young (94208K), 10 survivors (10240K)
 Metaspace       used 71912K, committed 72768K, reserved 491520K
  class space    used 10160K, committed 10560K, reserved 425984K
}
Event: 44.055 GC heap after
{Heap after GC invocations=30 (full 0):
 garbage-first heap   total 207872K, used 87499K [0x0000000080000000, 0x0000000100000000)
  region size 1024K, 7 young (7168K), 7 survivors (7168K)
 Metaspace       used 71912K, committed 72768K, reserved 491520K
  class space    used 10160K, committed 10560K, reserved 425984K
}
Event: 51.566 GC heap before
{Heap before GC invocations=30 (full 0):
 garbage-first heap   total 207872K, used 170443K [0x0000000080000000, 0x0000000100000000)
  region size 1024K, 84 young (86016K), 7 survivors (7168K)
 Metaspace       used 71970K, committed 72768K, reserved 491520K
  class space    used 10168K, committed 10560K, reserved 425984K
}
Event: 51.576 GC heap after
{Heap after GC invocations=31 (full 0):
 garbage-first heap   total 207872K, used 97894K [0x0000000080000000, 0x0000000100000000)
  region size 1024K, 9 young (9216K), 9 survivors (9216K)
 Metaspace       used 71970K, committed 72768K, reserved 491520K
  class space    used 10168K, committed 10560K, reserved 425984K
}
Event: 60.513 GC heap before
{Heap before GC invocations=31 (full 0):
 garbage-first heap   total 207872K, used 167526K [0x0000000080000000, 0x0000000100000000)
  region size 1024K, 76 young (77824K), 9 survivors (9216K)
 Metaspace       used 77460K, committed 78336K, reserved 557056K
  class space    used 10737K, committed 11136K, reserved 425984K
}
Event: 60.639 GC heap after
{Heap after GC invocations=32 (full 0):
 garbage-first heap   total 207872K, used 102757K [0x0000000080000000, 0x0000000100000000)
  region size 1024K, 4 young (4096K), 4 survivors (4096K)
 Metaspace       used 77460K, committed 78336K, reserved 557056K
  class space    used 10737K, committed 11136K, reserved 425984K
}

Dll operation events (14 events):
Event: 0.171 Loaded shared library C:\Program Files\Microsoft\jdk-17.0.8.7-hotspot\bin\java.dll
Event: 0.232 Loaded shared library C:\Program Files\Microsoft\jdk-17.0.8.7-hotspot\bin\jsvml.dll
Event: 0.318 Loaded shared library C:\Program Files\Microsoft\jdk-17.0.8.7-hotspot\bin\zip.dll
Event: 0.323 Loaded shared library C:\Program Files\Microsoft\jdk-17.0.8.7-hotspot\bin\instrument.dll
Event: 0.332 Loaded shared library C:\Program Files\Microsoft\jdk-17.0.8.7-hotspot\bin\net.dll
Event: 0.335 Loaded shared library C:\Program Files\Microsoft\jdk-17.0.8.7-hotspot\bin\nio.dll
Event: 0.338 Loaded shared library C:\Program Files\Microsoft\jdk-17.0.8.7-hotspot\bin\zip.dll
Event: 0.688 Loaded shared library C:\Program Files\Microsoft\jdk-17.0.8.7-hotspot\bin\jimage.dll
Event: 0.869 Loaded shared library C:\Program Files\Microsoft\jdk-17.0.8.7-hotspot\bin\verify.dll
Event: 1.049 Loaded shared library C:\Users\Ankit\.gradle\native\c067742578af261105cb4f569cf0c3c89f3d7b1fecec35dd04571415982c5e48\windows-amd64\native-platform.dll
Event: 1.134 Loaded shared library C:\Users\Ankit\.gradle\native\100fb08df4bc3b14c8652ba06237920a3bd2aa13389f12d3474272988ae205f9\windows-amd64\native-platform-file-events.dll
Event: 4.699 Loaded shared library C:\Program Files\Microsoft\jdk-17.0.8.7-hotspot\bin\management.dll
Event: 4.702 Loaded shared library C:\Program Files\Microsoft\jdk-17.0.8.7-hotspot\bin\management_ext.dll
Event: 5.297 Loaded shared library C:\Program Files\Microsoft\jdk-17.0.8.7-hotspot\bin\sunmscapi.dll

Deoptimization events (20 events):
Event: 56.308 Thread 0x0000026e70433cf0 Uncommon trap: trap_request=0xffffffde fr.pc=0x0000026e5c61cec4 relative=0x0000000000000364
Event: 56.308 Thread 0x0000026e70433cf0 Uncommon trap: reason=class_check action=maybe_recompile pc=0x0000026e5c61cec4 method=java.util.stream.AbstractPipeline.copyIntoWithCancel(Ljava/util/stream/Sink;Ljava/util/Spliterator;)Z @ 32 c2
Event: 56.308 Thread 0x0000026e70433cf0 DEOPT PACKING pc=0x0000026e5c61cec4 sp=0x000000e9cfaf30d0
Event: 56.308 Thread 0x0000026e70433cf0 DEOPT UNPACKING pc=0x0000026e5be6a1a3 sp=0x000000e9cfaf2f78 mode 2
Event: 56.308 Thread 0x0000026e70433cf0 Uncommon trap: trap_request=0xffffffde fr.pc=0x0000026e5c61cec4 relative=0x0000000000000364
Event: 56.308 Thread 0x0000026e70433cf0 Uncommon trap: reason=class_check action=maybe_recompile pc=0x0000026e5c61cec4 method=java.util.stream.AbstractPipeline.copyIntoWithCancel(Ljava/util/stream/Sink;Ljava/util/Spliterator;)Z @ 32 c2
Event: 56.308 Thread 0x0000026e70433cf0 DEOPT PACKING pc=0x0000026e5c61cec4 sp=0x000000e9cfaf30d0
Event: 56.308 Thread 0x0000026e70433cf0 DEOPT UNPACKING pc=0x0000026e5be6a1a3 sp=0x000000e9cfaf2f78 mode 2
Event: 60.640 Thread 0x0000026e6b217900 Uncommon trap: trap_request=0xffffffde fr.pc=0x0000026e5c597aa8 relative=0x0000000000000488
Event: 60.646 Thread 0x0000026e6b217900 Uncommon trap: reason=class_check action=maybe_recompile pc=0x0000026e5c597aa8 method=jdk.internal.ref.PhantomCleanable.clean()V @ 12 c2
Event: 60.646 Thread 0x0000026e6b217900 DEOPT PACKING pc=0x0000026e5c597aa8 sp=0x000000e9cecff310
Event: 60.646 Thread 0x0000026e6b217900 DEOPT UNPACKING pc=0x0000026e5be6a1a3 sp=0x000000e9cecff2f0 mode 2
Event: 60.685 Thread 0x0000026e70433cf0 Uncommon trap: trap_request=0xffffffde fr.pc=0x0000026e5c748bcc relative=0x00000000000000ac
Event: 60.685 Thread 0x0000026e70433cf0 Uncommon trap: reason=class_check action=maybe_recompile pc=0x0000026e5c748bcc method=java.util.Collections$UnmodifiableList.get(I)Ljava/lang/Object; @ 5 c2
Event: 60.685 Thread 0x0000026e70433cf0 DEOPT PACKING pc=0x0000026e5c748bcc sp=0x000000e9cfaf4980
Event: 60.685 Thread 0x0000026e70433cf0 DEOPT UNPACKING pc=0x0000026e5be6a1a3 sp=0x000000e9cfaf4918 mode 2
Event: 60.686 Thread 0x0000026e70433cf0 Uncommon trap: trap_request=0xffffffde fr.pc=0x0000026e5c748bcc relative=0x00000000000000ac
Event: 60.686 Thread 0x0000026e70433cf0 Uncommon trap: reason=class_check action=maybe_recompile pc=0x0000026e5c748bcc method=java.util.Collections$UnmodifiableList.get(I)Ljava/lang/Object; @ 5 c2
Event: 60.706 Thread 0x0000026e70433cf0 DEOPT PACKING pc=0x0000026e5c748bcc sp=0x000000e9cfaf4920
Event: 60.707 Thread 0x0000026e70433cf0 DEOPT UNPACKING pc=0x0000026e5be6a1a3 sp=0x000000e9cfaf48b8 mode 2

Classes unloaded (0 events):
No events

Classes redefined (0 events):
No events

Internal exceptions (20 events):
Event: 39.282 Thread 0x0000026e70433cf0 Exception <a 'java/lang/ClassNotFoundException'{0x0000000087a1f948}: org/gradle/api/internal/DefaultNamedDomainObjectCollectionCustomizer> (0x0000000087a1f948) 
thrown [s\src\hotspot\share\classfile\systemDictionary.cpp, line 256]
Event: 39.285 Thread 0x0000026e70433cf0 Exception <a 'java/lang/ClassNotFoundException'{0x0000000087a5e518}: org/gradle/api/internal/DefaultNamedDomainObjectListCustomizer> (0x0000000087a5e518) 
thrown [s\src\hotspot\share\classfile\systemDictionary.cpp, line 256]
Event: 39.288 Thread 0x0000026e70433cf0 Exception <a 'java/lang/ClassNotFoundException'{0x0000000087a940c8}: org/gradle/api/internal/artifacts/DefaultArtifactRepositoryContainerCustomizer> (0x0000000087a940c8) 
thrown [s\src\hotspot\share\classfile\systemDictionary.cpp, line 256]
Event: 39.290 Thread 0x0000026e70433cf0 Exception <a 'java/lang/ClassNotFoundException'{0x0000000087abe168}: org/gradle/api/internal/artifacts/dsl/DefaultRepositoryHandlerCustomizer> (0x0000000087abe168) 
thrown [s\src\hotspot\share\classfile\systemDictionary.cpp, line 256]
Event: 39.292 Thread 0x0000026e70433cf0 Exception <a 'java/lang/ClassNotFoundException'{0x0000000087af6978}: org/gradle/api/internal/artifacts/dsl/DefaultRepositoryHandler_DecoratedCustomizer> (0x0000000087af6978) 
thrown [s\src\hotspot\share\classfile\systemDictionary.cpp, line 256]
Event: 39.308 Thread 0x0000026e70433cf0 Exception <a 'java/lang/ClassNotFoundException'{0x00000000879a0078}: org/gradle/api/internal/artifacts/dsl/dependencies/DefaultDependencyHandler_DecoratedBeanInfo> (0x00000000879a0078) 
thrown [s\src\hotspot\share\classfile\systemDictionary.cpp, line 256]
Event: 39.309 Thread 0x0000026e70433cf0 Exception <a 'java/lang/ClassNotFoundException'{0x00000000879b7d78}: org/gradle/api/internal/artifacts/dsl/dependencies/DefaultDependencyHandlerBeanInfo> (0x00000000879b7d78) 
thrown [s\src\hotspot\share\classfile\systemDictionary.cpp, line 256]
Event: 39.310 Thread 0x0000026e70433cf0 Exception <a 'java/lang/ClassNotFoundException'{0x00000000879cef98}: org/gradle/api/internal/artifacts/dsl/dependencies/DefaultDependencyHandlerCustomizer> (0x00000000879cef98) 
thrown [s\src\hotspot\share\classfile\systemDictionary.cpp, line 256]
Event: 39.313 Thread 0x0000026e70433cf0 Exception <a 'java/lang/ClassNotFoundException'{0x000000008780edd0}: org/gradle/api/internal/artifacts/dsl/dependencies/DefaultDependencyHandler_DecoratedCustomizer> (0x000000008780edd0) 
thrown [s\src\hotspot\share\classfile\systemDictionary.cpp, line 256]
Event: 40.762 Thread 0x0000026e71614fe0 Exception <a 'sun/nio/fs/WindowsException'{0x000000008bddeb98}> (0x000000008bddeb98) 
thrown [s\src\hotspot\share\prims\jni.cpp, line 516]
Event: 40.767 Thread 0x0000026e71614fe0 Exception <a 'sun/nio/fs/WindowsException'{0x000000008bde1528}> (0x000000008bde1528) 
thrown [s\src\hotspot\share\prims\jni.cpp, line 516]
Event: 40.767 Thread 0x0000026e71614fe0 Exception <a 'sun/nio/fs/WindowsException'{0x000000008bde3c58}> (0x000000008bde3c58) 
thrown [s\src\hotspot\share\prims\jni.cpp, line 516]
Event: 40.770 Thread 0x0000026e71614fe0 Exception <a 'sun/nio/fs/WindowsException'{0x000000008bde5fc0}> (0x000000008bde5fc0) 
thrown [s\src\hotspot\share\prims\jni.cpp, line 516]
Event: 41.714 Thread 0x0000026e7393c6f0 Implicit null exception at 0x0000026e5c90d144 to 0x0000026e5c90d824
Event: 49.265 Thread 0x0000026e70433cf0 Exception <a 'java/lang/ClassNotFoundException'{0x0000000088680110}: build_4ixfr68aqqfo2tzm2jd300j67BeanInfo> (0x0000000088680110) 
thrown [s\src\hotspot\share\classfile\systemDictionary.cpp, line 256]
Event: 49.266 Thread 0x0000026e70433cf0 Exception <a 'java/lang/ClassNotFoundException'{0x00000000886f4770}: build_4ixfr68aqqfo2tzm2jd300j67Customizer> (0x00000000886f4770) 
thrown [s\src\hotspot\share\classfile\systemDictionary.cpp, line 256]
Event: 51.279 Thread 0x0000026e70433cf0 Exception <a 'java/lang/ClassNotFoundException'{0x0000000087e201e0}: org/gradle/api/internal/plugins/DefaultObjectConfigurationActionBeanInfo> (0x0000000087e201e0) 
thrown [s\src\hotspot\share\classfile\systemDictionary.cpp, line 256]
Event: 51.281 Thread 0x0000026e70433cf0 Exception <a 'java/lang/ClassNotFoundException'{0x0000000087e34490}: org/gradle/api/internal/plugins/DefaultObjectConfigurationActionCustomizer> (0x0000000087e34490) 
thrown [s\src\hotspot\share\classfile\systemDictionary.cpp, line 256]
Event: 52.046 Thread 0x0000026e70433cf0 Exception <a 'java/lang/ClassNotFoundException'{0x000000008c9137c8}: build_an2136xq6z8d7b18bw8of18mxBeanInfo> (0x000000008c9137c8) 
thrown [s\src\hotspot\share\classfile\systemDictionary.cpp, line 256]
Event: 52.047 Thread 0x0000026e70433cf0 Exception <a 'java/lang/ClassNotFoundException'{0x000000008c920760}: build_an2136xq6z8d7b18bw8of18mxCustomizer> (0x000000008c920760) 
thrown [s\src\hotspot\share\classfile\systemDictionary.cpp, line 256]

VM Operations (20 events):
Event: 51.566 Executing VM operation: G1CollectForAllocation
Event: 51.576 Executing VM operation: G1CollectForAllocation done
Event: 52.588 Executing VM operation: Cleanup
Event: 52.588 Executing VM operation: Cleanup done
Event: 53.596 Executing VM operation: Cleanup
Event: 53.596 Executing VM operation: Cleanup done
Event: 54.603 Executing VM operation: Cleanup
Event: 54.603 Executing VM operation: Cleanup done
Event: 55.609 Executing VM operation: Cleanup
Event: 55.609 Executing VM operation: Cleanup done
Event: 56.620 Executing VM operation: Cleanup
Event: 56.621 Executing VM operation: Cleanup done
Event: 58.637 Executing VM operation: Cleanup
Event: 58.647 Executing VM operation: Cleanup done
Event: 59.653 Executing VM operation: Cleanup
Event: 59.654 Executing VM operation: Cleanup done
Event: 60.321 Executing VM operation: HandshakeAllThreads
Event: 60.326 Executing VM operation: HandshakeAllThreads done
Event: 60.506 Executing VM operation: G1CollectForAllocation
Event: 60.639 Executing VM operation: G1CollectForAllocation done

Events (20 events):
Event: 45.776 Thread 0x0000026e6b3b8030 flushing nmethod 0x0000026e558ac910
Event: 45.776 Thread 0x0000026e6b3b8030 flushing nmethod 0x0000026e558b2290
Event: 45.776 Thread 0x0000026e6b3b8030 flushing nmethod 0x0000026e558b8d90
Event: 45.776 Thread 0x0000026e6b3b8030 flushing nmethod 0x0000026e558b9110
Event: 45.777 Thread 0x0000026e6b3b8030 flushing nmethod 0x0000026e55973310
Event: 45.777 Thread 0x0000026e6b3b8030 flushing nmethod 0x0000026e55977590
Event: 45.777 Thread 0x0000026e6b3b8030 flushing nmethod 0x0000026e5597d290
Event: 45.778 Thread 0x0000026e6b3b8030 flushing nmethod 0x0000026e55a8c810
Event: 45.780 Thread 0x0000026e6b3b8030 flushing nmethod 0x0000026e55b17c90
Event: 45.780 Thread 0x0000026e6b3b8030 flushing nmethod 0x0000026e55b26890
Event: 45.780 Thread 0x0000026e6b3b8030 flushing nmethod 0x0000026e55b92310
Event: 49.078 Thread 0x0000026e7339ab30 Thread added: 0x0000026e7339ab30
Event: 51.595 Thread 0x0000026e733940e0 Thread added: 0x0000026e733940e0
Event: 51.924 Thread 0x0000026e73395a30 Thread added: 0x0000026e73395a30
Event: 56.282 loading class sun/text/resources/cldr/FormatData_en_US
Event: 56.307 loading class sun/text/resources/cldr/FormatData_en_US done
Event: 58.091 loading class java/util/concurrent/Executors$DefaultThreadFactory
Event: 58.104 loading class java/util/concurrent/Executors$DefaultThreadFactory done
Event: 59.699 loading class java/nio/charset/UnsupportedCharsetException
Event: 59.705 loading class java/nio/charset/UnsupportedCharsetException done


Dynamic libraries:
0x00007ff6de6f0000 - 0x00007ff6de6fe000 	C:\Program Files\Microsoft\jdk-17.0.8.7-hotspot\bin\java.exe
0x00007ff9e3710000 - 0x00007ff9e3927000 	C:\WINDOWS\SYSTEM32\ntdll.dll
0x00007ff9e3290000 - 0x00007ff9e3354000 	C:\WINDOWS\System32\KERNEL32.DLL
0x00007ff9e0a80000 - 0x00007ff9e0e37000 	C:\WINDOWS\System32\KERNELBASE.dll
0x00007ff9e1320000 - 0x00007ff9e1431000 	C:\WINDOWS\System32\ucrtbase.dll
0x00007ff9afe10000 - 0x00007ff9afe2b000 	C:\Program Files\Microsoft\jdk-17.0.8.7-hotspot\bin\VCRUNTIME140.dll
0x00007ff9a0310000 - 0x00007ff9a0327000 	C:\Program Files\Microsoft\jdk-17.0.8.7-hotspot\bin\jli.dll
0x00007ff9e2700000 - 0x00007ff9e28af000 	C:\WINDOWS\System32\USER32.dll
0x00007ff9e0a20000 - 0x00007ff9e0a46000 	C:\WINDOWS\System32\win32u.dll
0x00007ff9c4280000 - 0x00007ff9c4513000 	C:\WINDOWS\WinSxS\amd64_microsoft.windows.common-controls_6595b64144ccf1df_6.0.22621.3672_none_2713b9d173822955\COMCTL32.dll
0x00007ff9e1990000 - 0x00007ff9e19b9000 	C:\WINDOWS\System32\GDI32.dll
0x00007ff9e1830000 - 0x00007ff9e18d7000 	C:\WINDOWS\System32\msvcrt.dll
0x00007ff9e10c0000 - 0x00007ff9e11d8000 	C:\WINDOWS\System32\gdi32full.dll
0x00007ff9e0eb0000 - 0x00007ff9e0f4a000 	C:\WINDOWS\System32\msvcp_win.dll
0x00007ff9e3180000 - 0x00007ff9e31b1000 	C:\WINDOWS\System32\IMM32.DLL
0x00007ff9afde0000 - 0x00007ff9afdec000 	C:\Program Files\Microsoft\jdk-17.0.8.7-hotspot\bin\vcruntime140_1.dll
0x00007ff966140000 - 0x00007ff9661cd000 	C:\Program Files\Microsoft\jdk-17.0.8.7-hotspot\bin\msvcp140.dll
0x00007ff930630000 - 0x00007ff931295000 	C:\Program Files\Microsoft\jdk-17.0.8.7-hotspot\bin\server\jvm.dll
0x00007ff9e1770000 - 0x00007ff9e1822000 	C:\WINDOWS\System32\ADVAPI32.dll
0x00007ff9e18e0000 - 0x00007ff9e1988000 	C:\WINDOWS\System32\sechost.dll
0x00007ff9e0a50000 - 0x00007ff9e0a78000 	C:\WINDOWS\System32\bcrypt.dll
0x00007ff9e35b0000 - 0x00007ff9e36c4000 	C:\WINDOWS\System32\RPCRT4.dll
0x00007ff9b5b80000 - 0x00007ff9b5b89000 	C:\WINDOWS\SYSTEM32\WSOCK32.dll
0x00007ff9d8f90000 - 0x00007ff9d8fc4000 	C:\WINDOWS\SYSTEM32\WINMM.dll
0x00007ff9e0740000 - 0x00007ff9e078d000 	C:\WINDOWS\SYSTEM32\POWRPROF.dll
0x00007ff9d8a10000 - 0x00007ff9d8a1a000 	C:\WINDOWS\SYSTEM32\VERSION.dll
0x00007ff9e2680000 - 0x00007ff9e26f1000 	C:\WINDOWS\System32\WS2_32.dll
0x00007ff9e0720000 - 0x00007ff9e0733000 	C:\WINDOWS\SYSTEM32\UMPDC.dll
0x00007ff9dfa40000 - 0x00007ff9dfa58000 	C:\WINDOWS\SYSTEM32\kernel.appcore.dll
0x00007ff9afb10000 - 0x00007ff9afb1a000 	C:\Program Files\Microsoft\jdk-17.0.8.7-hotspot\bin\jimage.dll
0x00007ff9ddbe0000 - 0x00007ff9dde12000 	C:\WINDOWS\SYSTEM32\DBGHELP.DLL
0x00007ff9e1a50000 - 0x00007ff9e1dde000 	C:\WINDOWS\System32\combase.dll
0x00007ff9e1e30000 - 0x00007ff9e1f07000 	C:\WINDOWS\System32\OLEAUT32.dll
0x00007ff9af780000 - 0x00007ff9af7b2000 	C:\WINDOWS\SYSTEM32\dbgcore.DLL
0x00007ff9e11e0000 - 0x00007ff9e125b000 	C:\WINDOWS\System32\bcryptPrimitives.dll
0x00007ff96b860000 - 0x00007ff96b86e000 	C:\Program Files\Microsoft\jdk-17.0.8.7-hotspot\bin\instrument.dll
0x00007ff98e990000 - 0x00007ff98e9b5000 	C:\Program Files\Microsoft\jdk-17.0.8.7-hotspot\bin\java.dll
0x00007ff964730000 - 0x00007ff964807000 	C:\Program Files\Microsoft\jdk-17.0.8.7-hotspot\bin\jsvml.dll
0x00007ff9e28b0000 - 0x00007ff9e3119000 	C:\WINDOWS\System32\SHELL32.dll
0x00007ff9de940000 - 0x00007ff9df23f000 	C:\WINDOWS\SYSTEM32\windows.storage.dll
0x00007ff9de800000 - 0x00007ff9de93f000 	C:\WINDOWS\SYSTEM32\wintypes.dll
0x00007ff9e1f10000 - 0x00007ff9e2009000 	C:\WINDOWS\System32\SHCORE.dll
0x00007ff9e24b0000 - 0x00007ff9e250e000 	C:\WINDOWS\System32\shlwapi.dll
0x00007ff9e0950000 - 0x00007ff9e0977000 	C:\WINDOWS\SYSTEM32\profapi.dll
0x00007ff96cb40000 - 0x00007ff96cb58000 	C:\Program Files\Microsoft\jdk-17.0.8.7-hotspot\bin\zip.dll
0x00007ff99e360000 - 0x00007ff99e379000 	C:\Program Files\Microsoft\jdk-17.0.8.7-hotspot\bin\net.dll
0x00007ff9dc4f0000 - 0x00007ff9dc626000 	C:\WINDOWS\SYSTEM32\WINHTTP.dll
0x00007ff9dfee0000 - 0x00007ff9dff49000 	C:\WINDOWS\system32\mswsock.dll
0x00007ff98e970000 - 0x00007ff98e986000 	C:\Program Files\Microsoft\jdk-17.0.8.7-hotspot\bin\nio.dll
0x00007ff971a90000 - 0x00007ff971aa0000 	C:\Program Files\Microsoft\jdk-17.0.8.7-hotspot\bin\verify.dll
0x00007ff9a6e60000 - 0x00007ff9a6e87000 	C:\Users\Ankit\.gradle\native\c067742578af261105cb4f569cf0c3c89f3d7b1fecec35dd04571415982c5e48\windows-amd64\native-platform.dll
0x00007ff9881c0000 - 0x00007ff988304000 	C:\Users\Ankit\.gradle\native\100fb08df4bc3b14c8652ba06237920a3bd2aa13389f12d3474272988ae205f9\windows-amd64\native-platform-file-events.dll
0x00007ff96cd50000 - 0x00007ff96cd59000 	C:\Program Files\Microsoft\jdk-17.0.8.7-hotspot\bin\management.dll
0x00007ff96cb30000 - 0x00007ff96cb3b000 	C:\Program Files\Microsoft\jdk-17.0.8.7-hotspot\bin\management_ext.dll
0x00007ff9e2670000 - 0x00007ff9e2678000 	C:\WINDOWS\System32\PSAPI.DLL
0x00007ff9e0130000 - 0x00007ff9e014b000 	C:\WINDOWS\SYSTEM32\CRYPTSP.dll
0x00007ff9df9a0000 - 0x00007ff9df9d5000 	C:\WINDOWS\system32\rsaenh.dll
0x00007ff9dffd0000 - 0x00007ff9dfff8000 	C:\WINDOWS\SYSTEM32\USERENV.dll
0x00007ff9e0150000 - 0x00007ff9e015c000 	C:\WINDOWS\SYSTEM32\CRYPTBASE.dll
0x00007ff9df4a0000 - 0x00007ff9df4cd000 	C:\WINDOWS\SYSTEM32\IPHLPAPI.DLL
0x00007ff9e2020000 - 0x00007ff9e2029000 	C:\WINDOWS\System32\NSI.dll
0x00007ff9dab80000 - 0x00007ff9dab99000 	C:\WINDOWS\SYSTEM32\dhcpcsvc6.DLL
0x00007ff9da9f0000 - 0x00007ff9daa0f000 	C:\WINDOWS\SYSTEM32\dhcpcsvc.DLL
0x00007ff9df510000 - 0x00007ff9df612000 	C:\WINDOWS\SYSTEM32\DNSAPI.dll
0x00007ff96cb20000 - 0x00007ff96cb2e000 	C:\Program Files\Microsoft\jdk-17.0.8.7-hotspot\bin\sunmscapi.dll
0x00007ff9e0f50000 - 0x00007ff9e10b6000 	C:\WINDOWS\System32\CRYPT32.dll
0x00007ff9e02d0000 - 0x00007ff9e02fd000 	C:\WINDOWS\SYSTEM32\ncrypt.dll
0x00007ff9e0290000 - 0x00007ff9e02c7000 	C:\WINDOWS\SYSTEM32\NTASN1.dll
0x00007ff94ee80000 - 0x00007ff94ee88000 	C:\WINDOWS\system32\wshunix.dll
0x00007ff9d7a80000 - 0x00007ff9d7a97000 	C:\WINDOWS\system32\napinsp.dll
0x00007ff9d7640000 - 0x00007ff9d765b000 	C:\WINDOWS\system32\pnrpnsp.dll
0x00007ff9c1730000 - 0x00007ff9c1741000 	C:\WINDOWS\System32\winrnr.dll
0x00007ff9db940000 - 0x00007ff9db955000 	C:\WINDOWS\system32\wshbth.dll
0x00007ff964bc0000 - 0x00007ff964be7000 	C:\WINDOWS\system32\nlansp_c.dll
0x00007ff9d86d0000 - 0x00007ff9d86da000 	C:\Windows\System32\rasadhlp.dll
0x00007ff9d83b0000 - 0x00007ff9d8433000 	C:\WINDOWS\System32\fwpuclnt.dll

dbghelp: loaded successfully - version: 4.0.5 - missing functions: none
symbol engine: initialized successfully - sym options: 0x614 - pdb path: .;C:\Program Files\Microsoft\jdk-17.0.8.7-hotspot\bin;C:\WINDOWS\SYSTEM32;C:\WINDOWS\WinSxS\amd64_microsoft.windows.common-controls_6595b64144ccf1df_6.0.22621.3672_none_2713b9d173822955;C:\Program Files\Microsoft\jdk-17.0.8.7-hotspot\bin\server;C:\Users\Ankit\.gradle\native\c067742578af261105cb4f569cf0c3c89f3d7b1fecec35dd04571415982c5e48\windows-amd64;C:\Users\Ankit\.gradle\native\100fb08df4bc3b14c8652ba06237920a3bd2aa13389f12d3474272988ae205f9\windows-amd64

VM Arguments:
jvm_args: -XX:MaxMetaspaceSize=512m --add-opens=java.base/java.util=ALL-UNNAMED --add-opens=java.base/java.lang=ALL-UNNAMED --add-opens=java.base/java.lang.invoke=ALL-UNNAMED --add-opens=java.prefs/java.util.prefs=ALL-UNNAMED --add-exports=jdk.compiler/com.sun.tools.javac.api=ALL-UNNAMED --add-exports=jdk.compiler/com.sun.tools.javac.util=ALL-UNNAMED --add-opens=java.base/java.nio.charset=ALL-UNNAMED --add-opens=java.base/java.net=ALL-UNNAMED --add-opens=java.base/java.util.concurrent.atomic=ALL-UNNAMED -Xmx2048m -Dfile.encoding=windows-1252 -Duser.country=IN -Duser.language=en -Duser.variant -javaagent:C:\Users\Ankit\.gradle\wrapper\dists\gradle-8.10.2-all\7iv73wktx1xtkvlq19urqw1wm\gradle-8.10.2\lib\agents\gradle-instrumentation-agent-8.10.2.jar 
java_command: org.gradle.launcher.daemon.bootstrap.GradleDaemon 8.10.2
java_class_path (initial): C:\Users\Ankit\.gradle\wrapper\dists\gradle-8.10.2-all\7iv73wktx1xtkvlq19urqw1wm\gradle-8.10.2\lib\gradle-daemon-main-8.10.2.jar
Launcher Type: SUN_STANDARD

[Global flags]
     intx CICompilerCount                          = 4                                         {product} {ergonomic}
   size_t CompressedClassSpaceSize                 = 436207616                                 {product} {ergonomic}
     uint ConcGCThreads                            = 2                                         {product} {ergonomic}
     uint G1ConcRefinementThreads                  = 8                                         {product} {ergonomic}
   size_t G1HeapRegionSize                         = 1048576                                   {product} {ergonomic}
    uintx GCDrainStackTargetSize                   = 64                                        {product} {ergonomic}
   size_t InitialHeapSize                          = 130023424                                 {product} {ergonomic}
   size_t MarkStackSize                            = 4194304                                   {product} {ergonomic}
   size_t MaxHeapSize                              = 2147483648                                {product} {command line}
   size_t MaxMetaspaceSize                         = 536870912                                 {product} {command line}
   size_t MaxNewSize                               = 1287651328                                {product} {ergonomic}
   size_t MinHeapDeltaBytes                        = 1048576                                   {product} {ergonomic}
   size_t MinHeapSize                              = 8388608                                   {product} {ergonomic}
    uintx NonNMethodCodeHeapSize                   = 5839372                                {pd product} {ergonomic}
    uintx NonProfiledCodeHeapSize                  = 122909434                              {pd product} {ergonomic}
    uintx ProfiledCodeHeapSize                     = 122909434                              {pd product} {ergonomic}
    uintx ReservedCodeCacheSize                    = 251658240                              {pd product} {ergonomic}
     bool SegmentedCodeCache                       = true                                      {product} {ergonomic}
   size_t SoftMaxHeapSize                          = 2147483648                             {manageable} {ergonomic}
     bool UseCompressedClassPointers               = true                           {product lp64_product} {ergonomic}
     bool UseCompressedOops                        = true                           {product lp64_product} {ergonomic}
     bool UseG1GC                                  = true                                      {product} {ergonomic}
     bool UseLargePagesIndividualAllocation        = false                                  {pd product} {ergonomic}

Logging:
Log output configuration:
 #0: stdout all=warning uptime,level,tags
 #1: stderr all=off uptime,level,tags

Environment Variables:
CLASSPATH=E:\serviceprovider\serviceapp\android\\gradle\wrapper\gradle-wrapper.jar
PATH=E:\serviceprovider\serviceapp\node_modules\.bin;E:\serviceprovider\serviceapp\node_modules\.bin;E:\serviceprovider\node_modules\.bin;E:\node_modules\.bin;C:\Users\Ankit\AppData\Roaming\npm\node_modules\npm\node_modules\@npmcli\run-script\lib\node-gyp-bin;E:\serviceprovider\serviceapp\node_modules\.bin;E:\serviceprovider\node_modules\.bin;E:\node_modules\.bin;C:\Users\Ankit\AppData\Roaming\npm\node_modules\npm\node_modules\@npmcli\run-script\lib\node-gyp-bin;C:\Program Files\Microsoft\jdk-17.0.8.7-hotspot\bin;C:\Program Files\Common Files\Oracle\Java\javapath;C:\WINDOWS\system32;C:\WINDOWS;C:\WINDOWS\System32\Wbem;C:\WINDOWS\System32\WindowsPowerShell\v1.0\;C:\WINDOWS\System32\OpenSSH\;E:\Chat App\public\node_modules\yarn\bin;E:\Chat App\public\node_modules\yarn\bin;C:\Users\Ankit\Downloads\winlibs-x86_64-posix-seh-gcc-12.2.0-llvm-15.0.7-mingw-w64ucrt-10.0.0-r4\mingw64\bin;C:\MinGW\bin;C:\Users\Ankit\.cargo\bin;C:\Qt\6.5.2\mingw_64\lib;C:\Program Files\Java\jdk-20\bin;C:\kotlinc\bin;C:\Program Files\OpenSSL-Win64\bin;C:\mongosh-2.0.1-win32-x64\bin;C:\Program Files\MySQL\MySQL Server 8.0\bin;C:\Program Files\Python310\Scripts;C:\ProgramData\chocolatey\bin;C:\Users\Ankit\AppData\Local\Android\Sdk\platform-tools;C:\Program Files\Python310;D:\Golang\bin;C:\Users\Ankit\AppData\Local\Yarn\bin;C:\Program Files\MongoDB\Server\7.0\bin;D:\redis;C:\Users\Ankit\AppData\Local\Yarn\bin;C:\Users\Ankit\AppData\Roaming\npm\node_modules\yarn\bin;C:\Users\Ankit\AppData\Local\Pub\Cache\bin;C:\Users\Ankit\AppData\Roaming\npm;E:\putty\;C:\Program Files\nodejs\;D:\Git\Git\cmd;C:\Users\Ankit\.local\bin;C:\Users\Ankit\AppData\Local\Android\Sdk\tools;C:\Users\Ankit\AppData\Local\Programs\Python\Python312\Scripts\;C:\Users\Ankit\AppData\Local\Programs\Python\Python312\;C:\Users\Ankit\AppData\Local\Programs\Python\Python310\Scripts\;C:\Users\Ankit\AppData\Local\Programs\Python\Python310\;C:\Users\Ankit\AppData\Local\Microsoft\WindowsApps;C:\Program Files\JetBrains\IntelliJ IDEA Community Edit
USERNAME=Ankit
LANG=en_US.UTF-8
OS=Windows_NT
PROCESSOR_IDENTIFIER=Intel64 Family 6 Model 140 Stepping 2, GenuineIntel
TMP=C:\Users\Ankit\AppData\Local\Temp
TEMP=C:\Users\Ankit\AppData\Local\Temp



---------------  S Y S T E M  ---------------

OS:
 Windows 11 , 64 bit Build 22621 (10.0.22621.3958)
OS uptime: 0 days 3:46 hours
Hyper-V role detected

CPU: total 8 (initial active 8) (4 cores per cpu, 2 threads per core) family 6 model 140 stepping 2 microcode 0x34, cx8, cmov, fxsr, ht, mmx, 3dnowpref, sse, sse2, sse3, ssse3, sse4.1, sse4.2, popcnt, lzcnt, tsc, tscinvbit, avx, avx2, aes, erms, clmul, bmi1, bmi2, adx, avx512f, avx512dq, avx512cd, avx512bw, avx512vl, sha, fma, vzeroupper, avx512_vpopcntdq, avx512_vpclmulqdq, avx512_vaes, avx512_vnni, clflush, clflushopt, clwb, avx512_vbmi2, avx512_vbmi, hv
Processor Information for all 8 processors :
  Max Mhz: 2496, Current Mhz: 2496, Mhz Limit: 2496

Memory: 4k page, system-wide physical 7834M (10M free)
TotalPageFile size 24488M (AvailPageFile size 0M)
current process WorkingSet (physical memory assigned to process): 156M, peak: 433M
current process commit charge ("private bytes"): 478M, peak: 481M

vm_info: OpenJDK 64-Bit Server VM (17.0.8+7-LTS) for windows-amd64 JRE (17.0.8+7-LTS), built on Jul  7 2023 17:21:55 by "MicrosoftCorporation" with MS VC++ 16.10 / 16.11 (VS2019)

END.
