#
# There is insufficient memory for the Java Runtime Environment to continue.
# Native memory allocation (malloc) failed to allocate 1999536 bytes for Chunk::new
# Possible reasons:
#   The system is out of physical RAM or swap space
#   The process is running with CompressedOops enabled, and the Java Heap may be blocking the growth of the native heap
# Possible solutions:
#   Reduce memory load on the system
#   Increase physical memory or swap space
#   Check if swap backing store is full
#   Decrease Java heap size (-Xmx/-Xms)
#   Decrease number of Java threads
#   Decrease Java thread stack sizes (-Xss)
#   Set larger code cache with -XX:ReservedCodeCacheSize=
#   JVM is running with Unscaled Compressed Oops mode in which the Java heap is
#     placed in the first 4GB address space. The Java Heap base address is the
#     maximum limit for the native heap growth. Please use -XX:HeapBaseMinAddress
#     to set the Java Heap base and to place the Java Heap above 4GB virtual address.
# This output file may be truncated or incomplete.
#
#  Out of Memory Error (arena.cpp:189), pid=15356, tid=12196
#
# JRE version: OpenJDK Runtime Environment Microsoft-8035246 (17.0.8+7) (build 17.0.8+7-LTS)
# Java VM: OpenJDK 64-Bit Server VM Microsoft-8035246 (17.0.8+7-LTS, mixed mode, sharing, tiered, compressed oops, compressed class ptrs, g1 gc, windows-amd64)
# No core dump will be written. Minidumps are not enabled by default on client versions of Windows
#

---------------  S U M M A R Y ------------

Command Line: org.jetbrains.kotlin.cli.jvm.K2JVMCompiler @E:\serviceprovider\serviceapp\node_modules\react-native-gesture-handler\android\build\20250111_1345463121943120853.compiler.options

Host: 11th Gen Intel(R) Core(TM) i5-1155G7 @ 2.50GHz, 8 cores, 7G,  Windows 11 , 64 bit Build 22621 (10.0.22621.3958)
Time: Sat Jan 11 20:26:06 2025 India Standard Time elapsed time: 5.672168 seconds (0d 0h 0m 5s)

---------------  T H R E A D  ---------------

Current thread (0x0000019cfc9f4b60):  JavaThread "C2 CompilerThread0" daemon [_thread_in_native, id=12196, stack(0x000000277ec00000,0x000000277ed00000)]


Current CompileTask:
C2:   5672 3851       4       org.jetbrains.kotlin.parsing.AbstractKotlinParsing::atSet (113 bytes)

Stack: [0x000000277ec00000,0x000000277ed00000]
Native frames: (J=compiled Java code, j=interpreted, Vv=VM code, C=native code)
V  [jvm.dll+0x67bf3a]
V  [jvm.dll+0x83a024]
V  [jvm.dll+0x83b7ce]
V  [jvm.dll+0x83be33]
V  [jvm.dll+0x24785f]
V  [jvm.dll+0xac3bc]
V  [jvm.dll+0xac98c]
V  [jvm.dll+0x3680b2]
V  [jvm.dll+0x332451]
V  [jvm.dll+0x3318fa]
V  [jvm.dll+0x21a131]
V  [jvm.dll+0x219551]
V  [jvm.dll+0x1a56b6]
V  [jvm.dll+0x2291ea]
V  [jvm.dll+0x22724c]
V  [jvm.dll+0x7efd0c]
V  [jvm.dll+0x7ea13a]
V  [jvm.dll+0x67ad85]
C  [ucrtbase.dll+0x29333]
C  [KERNEL32.DLL+0x1257d]
C  [ntdll.dll+0x5af08]


---------------  P R O C E S S  ---------------

Threads class SMR info:
_java_thread_list=0x0000019cfdaeecf0, length=13, elements={
0x0000019ceb935300, 0x0000019cfc9d5750, 0x0000019cfc9d6110, 0x0000019cfc9eda50,
0x0000019cfc9ee410, 0x0000019cfc9eedd0, 0x0000019cfc9f17a0, 0x0000019cfc9f4b60,
0x0000019cfc9f5610, 0x0000019cfc9f6f30, 0x0000019cfcc3ec40, 0x0000019cfcc43570,
0x0000019cfd9bbdc0
}

Java Threads: ( => current thread )
  0x0000019ceb935300 JavaThread "main" [_thread_in_Java, id=4928, stack(0x000000277df00000,0x000000277e000000)]
  0x0000019cfc9d5750 JavaThread "Reference Handler" daemon [_thread_blocked, id=10000, stack(0x000000277e600000,0x000000277e700000)]
  0x0000019cfc9d6110 JavaThread "Finalizer" daemon [_thread_blocked, id=20352, stack(0x000000277e700000,0x000000277e800000)]
  0x0000019cfc9eda50 JavaThread "Signal Dispatcher" daemon [_thread_blocked, id=21904, stack(0x000000277e800000,0x000000277e900000)]
  0x0000019cfc9ee410 JavaThread "Attach Listener" daemon [_thread_blocked, id=22500, stack(0x000000277e900000,0x000000277ea00000)]
  0x0000019cfc9eedd0 JavaThread "Service Thread" daemon [_thread_blocked, id=12136, stack(0x000000277ea00000,0x000000277eb00000)]
  0x0000019cfc9f17a0 JavaThread "Monitor Deflation Thread" daemon [_thread_blocked, id=22084, stack(0x000000277eb00000,0x000000277ec00000)]
=>0x0000019cfc9f4b60 JavaThread "C2 CompilerThread0" daemon [_thread_in_native, id=12196, stack(0x000000277ec00000,0x000000277ed00000)]
  0x0000019cfc9f5610 JavaThread "C1 CompilerThread0" daemon [_thread_in_native, id=1748, stack(0x000000277ed00000,0x000000277ee00000)]
  0x0000019cfc9f6f30 JavaThread "Sweeper thread" daemon [_thread_blocked, id=11384, stack(0x000000277ee00000,0x000000277ef00000)]
  0x0000019cfcc3ec40 JavaThread "Notification Thread" daemon [_thread_blocked, id=3732, stack(0x000000277ef00000,0x000000277f000000)]
  0x0000019cfcc43570 JavaThread "Common-Cleaner" daemon [_thread_blocked, id=17468, stack(0x000000277f100000,0x000000277f200000)]
  0x0000019cfd9bbdc0 JavaThread "C2 CompilerThread1" daemon [_thread_in_native, id=2660, stack(0x000000277f200000,0x000000277f300000)]

Other Threads:
  0x0000019cfc9d1600 VMThread "VM Thread" [stack: 0x000000277e500000,0x000000277e600000] [id=5704]
  0x0000019cfcc3f120 WatcherThread [stack: 0x000000277f000000,0x000000277f100000] [id=18644]
  0x0000019ceb98dd80 GCTaskThread "GC Thread#0" [stack: 0x000000277e000000,0x000000277e100000] [id=17792]
  0x0000019cfd179840 GCTaskThread "GC Thread#1" [stack: 0x000000277f300000,0x000000277f400000] [id=11520]
  0x0000019cfd143190 GCTaskThread "GC Thread#2" [stack: 0x000000277f400000,0x000000277f500000] [id=22196]
  0x0000019cfd0f7030 GCTaskThread "GC Thread#3" [stack: 0x000000277f500000,0x000000277f600000] [id=1304]
  0x0000019cfd0d6dd0 GCTaskThread "GC Thread#4" [stack: 0x000000277f600000,0x000000277f700000] [id=21008]
  0x0000019cfd0d7090 GCTaskThread "GC Thread#5" [stack: 0x000000277f700000,0x000000277f800000] [id=14040]
  0x0000019cfda1bb60 GCTaskThread "GC Thread#6" [stack: 0x000000277f900000,0x000000277fa00000] [id=20348]
  0x0000019cfda1be20 GCTaskThread "GC Thread#7" [stack: 0x000000277fa00000,0x000000277fb00000] [id=22144]
  0x0000019ceb99e1d0 ConcurrentGCThread "G1 Main Marker" [stack: 0x000000277e100000,0x000000277e200000] [id=16592]
  0x0000019ceb99ebe0 ConcurrentGCThread "G1 Conc#0" [stack: 0x000000277e200000,0x000000277e300000] [id=16928]
  0x0000019cfd9545c0 ConcurrentGCThread "G1 Conc#1" [stack: 0x000000277f800000,0x000000277f900000] [id=15400]
  0x0000019ceb9de780 ConcurrentGCThread "G1 Refine#0" [stack: 0x000000277e300000,0x000000277e400000] [id=16392]
  0x0000019cfe6d7070 ConcurrentGCThread "G1 Refine#1" [stack: 0x000000277fb00000,0x000000277fc00000] [id=22032]
  0x0000019cfc87a660 ConcurrentGCThread "G1 Service" [stack: 0x000000277e400000,0x000000277e500000] [id=15676]

Threads with active compile tasks:
C2 CompilerThread0     5696 3851       4       org.jetbrains.kotlin.parsing.AbstractKotlinParsing::atSet (113 bytes)
C1 CompilerThread0     5696 4166       2       org.jetbrains.kotlin.resolve.lazy.descriptors.LazyPackageMemberScope::recordLookup (34 bytes)
C2 CompilerThread1     5696 3977       4       org.jetbrains.kotlin.parsing.AbstractKotlinParsing::at (114 bytes)

VM state: not at safepoint (normal execution)

VM Mutex/Monitor currently owned by a thread: None

Heap address: 0x0000000085800000, size: 1960 MB, Compressed Oops mode: 32-bit

CDS archive(s) mapped at: [0x0000019c8f000000-0x0000019c8fbd0000-0x0000019c8fbd0000), size 12386304, SharedBaseAddress: 0x0000019c8f000000, ArchiveRelocationMode: 1.
Compressed class space mapped at: 0x0000019c90000000-0x0000019cd0000000, reserved size: 1073741824
Narrow klass base: 0x0000019c8f000000, Narrow klass shift: 0, Narrow klass range: 0x100000000

GC Precious Log:
 CPUs: 8 total, 8 available
 Memory: 7834M
 Large Page Support: Disabled
 NUMA Support: Disabled
 Compressed Oops: Enabled (32-bit)
 Heap Region Size: 1M
 Heap Min Capacity: 8M
 Heap Initial Capacity: 124M
 Heap Max Capacity: 1960M
 Pre-touch: Disabled
 Parallel Workers: 8
 Concurrent Workers: 2
 Concurrent Refinement Workers: 8
 Periodic GC: Disabled

Heap:
 garbage-first heap   total 100352K, used 44254K [0x0000000085800000, 0x0000000100000000)
  region size 1024K, 17 young (17408K), 1 survivors (1024K)
 Metaspace       used 38906K, committed 39168K, reserved 1114112K
  class space    used 4705K, committed 4864K, reserved 1048576K

Heap Regions: E=young(eden), S=young(survivor), O=old, HS=humongous(starts), HC=humongous(continues), CS=collection set, F=free, OA=open archive, CA=closed archive, TAMS=top-at-mark-start (previous, next)
|   0|0x0000000085800000, 0x0000000085900000, 0x0000000085900000|100%|HS|  |TAMS 0x0000000085900000, 0x0000000085800000| Complete 
|   1|0x0000000085900000, 0x0000000085a00000, 0x0000000085a00000|100%|HC|  |TAMS 0x0000000085a00000, 0x0000000085900000| Complete 
|   2|0x0000000085a00000, 0x0000000085b00000, 0x0000000085b00000|100%|HC|  |TAMS 0x0000000085b00000, 0x0000000085a00000| Complete 
|   3|0x0000000085b00000, 0x0000000085c00000, 0x0000000085c00000|100%|HC|  |TAMS 0x0000000085c00000, 0x0000000085b00000| Complete 
|   4|0x0000000085c00000, 0x0000000085d00000, 0x0000000085d00000|100%| O|  |TAMS 0x0000000085d00000, 0x0000000085c00000| Untracked 
|   5|0x0000000085d00000, 0x0000000085e00000, 0x0000000085e00000|100%| O|  |TAMS 0x0000000085e00000, 0x0000000085d00000| Untracked 
|   6|0x0000000085e00000, 0x0000000085f00000, 0x0000000085f00000|100%| O|  |TAMS 0x0000000085f00000, 0x0000000085e00000| Untracked 
|   7|0x0000000085f00000, 0x0000000086000000, 0x0000000086000000|100%| O|  |TAMS 0x0000000086000000, 0x0000000085f00000| Untracked 
|   8|0x0000000086000000, 0x0000000086100000, 0x0000000086100000|100%| O|  |TAMS 0x0000000086000000, 0x0000000086000000| Untracked 
|   9|0x0000000086100000, 0x0000000086200000, 0x0000000086200000|100%| O|  |TAMS 0x0000000086200000, 0x0000000086100000| Untracked 
|  10|0x0000000086200000, 0x0000000086300000, 0x0000000086300000|100%| O|  |TAMS 0x0000000086300000, 0x0000000086200000| Untracked 
|  11|0x0000000086300000, 0x0000000086400000, 0x0000000086400000|100%| O|  |TAMS 0x0000000086400000, 0x0000000086300000| Untracked 
|  12|0x0000000086400000, 0x0000000086500000, 0x0000000086500000|100%| O|  |TAMS 0x0000000086500000, 0x0000000086400000| Untracked 
|  13|0x0000000086500000, 0x0000000086600000, 0x0000000086600000|100%| O|  |TAMS 0x0000000086600000, 0x0000000086500000| Untracked 
|  14|0x0000000086600000, 0x0000000086700000, 0x0000000086700000|100%| O|  |TAMS 0x0000000086700000, 0x0000000086600000| Untracked 
|  15|0x0000000086700000, 0x0000000086800000, 0x0000000086800000|100%| O|  |TAMS 0x0000000086800000, 0x0000000086700000| Untracked 
|  16|0x0000000086800000, 0x0000000086900000, 0x0000000086900000|100%| O|  |TAMS 0x0000000086900000, 0x0000000086800000| Untracked 
|  17|0x0000000086900000, 0x0000000086a00000, 0x0000000086a00000|100%| O|  |TAMS 0x0000000086a00000, 0x0000000086900000| Complete 
|  18|0x0000000086a00000, 0x0000000086b00000, 0x0000000086b00000|100%|HS|  |TAMS 0x0000000086b00000, 0x0000000086a00000| Complete 
|  19|0x0000000086b00000, 0x0000000086c00000, 0x0000000086c00000|100%|HC|  |TAMS 0x0000000086c00000, 0x0000000086b00000| Complete 
|  20|0x0000000086c00000, 0x0000000086d00000, 0x0000000086d00000|100%| O|  |TAMS 0x0000000086d00000, 0x0000000086c00000| Untracked 
|  21|0x0000000086d00000, 0x0000000086e00000, 0x0000000086e00000|100%| O|  |TAMS 0x0000000086d17400, 0x0000000086d00000| Untracked 
|  22|0x0000000086e00000, 0x0000000086f00000, 0x0000000086f00000|100%| O|  |TAMS 0x0000000086e00000, 0x0000000086e00000| Untracked 
|  23|0x0000000086f00000, 0x0000000087000000, 0x0000000087000000|100%| O|  |TAMS 0x0000000086f00000, 0x0000000086f00000| Untracked 
|  24|0x0000000087000000, 0x0000000087100000, 0x0000000087100000|100%| O|  |TAMS 0x0000000087000000, 0x0000000087000000| Untracked 
|  25|0x0000000087100000, 0x0000000087200000, 0x0000000087200000|100%| O|  |TAMS 0x0000000087100000, 0x0000000087100000| Untracked 
|  26|0x0000000087200000, 0x0000000087300000, 0x0000000087300000|100%| O|  |TAMS 0x0000000087200000, 0x0000000087200000| Untracked 
|  27|0x0000000087300000, 0x0000000087337a00, 0x0000000087400000| 21%| O|  |TAMS 0x0000000087300000, 0x0000000087300000| Untracked 
|  28|0x0000000087400000, 0x0000000087400000, 0x0000000087500000|  0%| F|  |TAMS 0x0000000087400000, 0x0000000087400000| Untracked 
|  29|0x0000000087500000, 0x0000000087500000, 0x0000000087600000|  0%| F|  |TAMS 0x0000000087500000, 0x0000000087500000| Untracked 
|  30|0x0000000087600000, 0x0000000087600000, 0x0000000087700000|  0%| F|  |TAMS 0x0000000087600000, 0x0000000087600000| Untracked 
|  31|0x0000000087700000, 0x0000000087700000, 0x0000000087800000|  0%| F|  |TAMS 0x0000000087700000, 0x0000000087700000| Untracked 
|  32|0x0000000087800000, 0x0000000087800000, 0x0000000087900000|  0%| F|  |TAMS 0x0000000087800000, 0x0000000087800000| Untracked 
|  33|0x0000000087900000, 0x0000000087900000, 0x0000000087a00000|  0%| F|  |TAMS 0x0000000087900000, 0x0000000087900000| Untracked 
|  34|0x0000000087a00000, 0x0000000087a00000, 0x0000000087b00000|  0%| F|  |TAMS 0x0000000087a00000, 0x0000000087a00000| Untracked 
|  35|0x0000000087b00000, 0x0000000087b00000, 0x0000000087c00000|  0%| F|  |TAMS 0x0000000087b00000, 0x0000000087b00000| Untracked 
|  36|0x0000000087c00000, 0x0000000087c00000, 0x0000000087d00000|  0%| F|  |TAMS 0x0000000087c00000, 0x0000000087c00000| Untracked 
|  37|0x0000000087d00000, 0x0000000087d00000, 0x0000000087e00000|  0%| F|  |TAMS 0x0000000087d00000, 0x0000000087d00000| Untracked 
|  38|0x0000000087e00000, 0x0000000087e00000, 0x0000000087f00000|  0%| F|  |TAMS 0x0000000087e00000, 0x0000000087e00000| Untracked 
|  39|0x0000000087f00000, 0x0000000087f00000, 0x0000000088000000|  0%| F|  |TAMS 0x0000000087f00000, 0x0000000087f00000| Untracked 
|  40|0x0000000088000000, 0x0000000088000000, 0x0000000088100000|  0%| F|  |TAMS 0x0000000088000000, 0x0000000088000000| Untracked 
|  41|0x0000000088100000, 0x0000000088100000, 0x0000000088200000|  0%| F|  |TAMS 0x0000000088100000, 0x0000000088100000| Untracked 
|  42|0x0000000088200000, 0x0000000088200000, 0x0000000088300000|  0%| F|  |TAMS 0x0000000088200000, 0x0000000088200000| Untracked 
|  43|0x0000000088300000, 0x0000000088300000, 0x0000000088400000|  0%| F|  |TAMS 0x0000000088300000, 0x0000000088300000| Untracked 
|  44|0x0000000088400000, 0x0000000088400000, 0x0000000088500000|  0%| F|  |TAMS 0x0000000088400000, 0x0000000088400000| Untracked 
|  45|0x0000000088500000, 0x0000000088500000, 0x0000000088600000|  0%| F|  |TAMS 0x0000000088500000, 0x0000000088500000| Untracked 
|  46|0x0000000088600000, 0x0000000088600000, 0x0000000088700000|  0%| F|  |TAMS 0x0000000088600000, 0x0000000088600000| Untracked 
|  47|0x0000000088700000, 0x0000000088700000, 0x0000000088800000|  0%| F|  |TAMS 0x0000000088700000, 0x0000000088700000| Untracked 
|  48|0x0000000088800000, 0x0000000088800000, 0x0000000088900000|  0%| F|  |TAMS 0x0000000088800000, 0x0000000088800000| Untracked 
|  49|0x0000000088900000, 0x0000000088900000, 0x0000000088a00000|  0%| F|  |TAMS 0x0000000088900000, 0x0000000088900000| Untracked 
|  50|0x0000000088a00000, 0x0000000088a00000, 0x0000000088b00000|  0%| F|  |TAMS 0x0000000088a00000, 0x0000000088a00000| Untracked 
|  51|0x0000000088b00000, 0x0000000088b00000, 0x0000000088c00000|  0%| F|  |TAMS 0x0000000088b00000, 0x0000000088b00000| Untracked 
|  52|0x0000000088c00000, 0x0000000088c00000, 0x0000000088d00000|  0%| F|  |TAMS 0x0000000088c00000, 0x0000000088c00000| Untracked 
|  53|0x0000000088d00000, 0x0000000088d00000, 0x0000000088e00000|  0%| F|  |TAMS 0x0000000088d00000, 0x0000000088d00000| Untracked 
|  54|0x0000000088e00000, 0x0000000088e00000, 0x0000000088f00000|  0%| F|  |TAMS 0x0000000088e00000, 0x0000000088e00000| Untracked 
|  55|0x0000000088f00000, 0x0000000088f00000, 0x0000000089000000|  0%| F|  |TAMS 0x0000000088f00000, 0x0000000088f00000| Untracked 
|  56|0x0000000089000000, 0x0000000089000000, 0x0000000089100000|  0%| F|  |TAMS 0x0000000089000000, 0x0000000089000000| Untracked 
|  57|0x0000000089100000, 0x0000000089100000, 0x0000000089200000|  0%| F|  |TAMS 0x0000000089100000, 0x0000000089100000| Untracked 
|  58|0x0000000089200000, 0x0000000089200000, 0x0000000089300000|  0%| F|  |TAMS 0x0000000089200000, 0x0000000089200000| Untracked 
|  59|0x0000000089300000, 0x0000000089300000, 0x0000000089400000|  0%| F|  |TAMS 0x0000000089300000, 0x0000000089300000| Untracked 
|  60|0x0000000089400000, 0x0000000089400000, 0x0000000089500000|  0%| F|  |TAMS 0x0000000089400000, 0x0000000089400000| Untracked 
|  61|0x0000000089500000, 0x0000000089500000, 0x0000000089600000|  0%| F|  |TAMS 0x0000000089500000, 0x0000000089500000| Untracked 
|  62|0x0000000089600000, 0x0000000089600000, 0x0000000089700000|  0%| F|  |TAMS 0x0000000089600000, 0x0000000089600000| Untracked 
|  63|0x0000000089700000, 0x0000000089700000, 0x0000000089800000|  0%| F|  |TAMS 0x0000000089700000, 0x0000000089700000| Untracked 
|  64|0x0000000089800000, 0x0000000089800000, 0x0000000089900000|  0%| F|  |TAMS 0x0000000089800000, 0x0000000089800000| Untracked 
|  65|0x0000000089900000, 0x0000000089900000, 0x0000000089a00000|  0%| F|  |TAMS 0x0000000089900000, 0x0000000089900000| Untracked 
|  66|0x0000000089a00000, 0x0000000089a00000, 0x0000000089b00000|  0%| F|  |TAMS 0x0000000089a00000, 0x0000000089a00000| Untracked 
|  67|0x0000000089b00000, 0x0000000089b00000, 0x0000000089c00000|  0%| F|  |TAMS 0x0000000089b00000, 0x0000000089b00000| Untracked 
|  68|0x0000000089c00000, 0x0000000089c00000, 0x0000000089d00000|  0%| F|  |TAMS 0x0000000089c00000, 0x0000000089c00000| Untracked 
|  69|0x0000000089d00000, 0x0000000089d00000, 0x0000000089e00000|  0%| F|  |TAMS 0x0000000089d00000, 0x0000000089d00000| Untracked 
|  70|0x0000000089e00000, 0x0000000089e00000, 0x0000000089f00000|  0%| F|  |TAMS 0x0000000089e00000, 0x0000000089e00000| Untracked 
|  71|0x0000000089f00000, 0x0000000089f00000, 0x000000008a000000|  0%| F|  |TAMS 0x0000000089f00000, 0x0000000089f00000| Untracked 
|  72|0x000000008a000000, 0x000000008a000000, 0x000000008a100000|  0%| F|  |TAMS 0x000000008a000000, 0x000000008a000000| Untracked 
|  73|0x000000008a100000, 0x000000008a100000, 0x000000008a200000|  0%| F|  |TAMS 0x000000008a100000, 0x000000008a100000| Untracked 
|  74|0x000000008a200000, 0x000000008a200000, 0x000000008a300000|  0%| F|  |TAMS 0x000000008a200000, 0x000000008a200000| Untracked 
|  75|0x000000008a300000, 0x000000008a300000, 0x000000008a400000|  0%| F|  |TAMS 0x000000008a300000, 0x000000008a300000| Untracked 
|  76|0x000000008a400000, 0x000000008a400000, 0x000000008a500000|  0%| F|  |TAMS 0x000000008a400000, 0x000000008a400000| Untracked 
|  77|0x000000008a500000, 0x000000008a500000, 0x000000008a600000|  0%| F|  |TAMS 0x000000008a500000, 0x000000008a500000| Untracked 
|  78|0x000000008a600000, 0x000000008a600000, 0x000000008a700000|  0%| F|  |TAMS 0x000000008a600000, 0x000000008a600000| Untracked 
|  79|0x000000008a700000, 0x000000008a700000, 0x000000008a800000|  0%| F|  |TAMS 0x000000008a700000, 0x000000008a700000| Untracked 
|  80|0x000000008a800000, 0x000000008a800000, 0x000000008a900000|  0%| F|  |TAMS 0x000000008a800000, 0x000000008a800000| Untracked 
|  81|0x000000008a900000, 0x000000008aa00000, 0x000000008aa00000|100%| E|  |TAMS 0x000000008a900000, 0x000000008a900000| Complete 
|  82|0x000000008aa00000, 0x000000008ab00000, 0x000000008ab00000|100%| E|CS|TAMS 0x000000008aa00000, 0x000000008aa00000| Complete 
|  83|0x000000008ab00000, 0x000000008ac00000, 0x000000008ac00000|100%| E|CS|TAMS 0x000000008ab00000, 0x000000008ab00000| Complete 
|  84|0x000000008ac00000, 0x000000008ad00000, 0x000000008ad00000|100%| E|CS|TAMS 0x000000008ac00000, 0x000000008ac00000| Complete 
|  85|0x000000008ad00000, 0x000000008ae00000, 0x000000008ae00000|100%| E|CS|TAMS 0x000000008ad00000, 0x000000008ad00000| Complete 
|  86|0x000000008ae00000, 0x000000008af00000, 0x000000008af00000|100%| E|CS|TAMS 0x000000008ae00000, 0x000000008ae00000| Complete 
|  87|0x000000008af00000, 0x000000008b000000, 0x000000008b000000|100%| E|CS|TAMS 0x000000008af00000, 0x000000008af00000| Complete 
|  88|0x000000008b000000, 0x000000008b100000, 0x000000008b100000|100%| E|CS|TAMS 0x000000008b000000, 0x000000008b000000| Complete 
|  89|0x000000008b100000, 0x000000008b200000, 0x000000008b200000|100%| E|CS|TAMS 0x000000008b100000, 0x000000008b100000| Complete 
|  90|0x000000008b200000, 0x000000008b300000, 0x000000008b300000|100%| E|CS|TAMS 0x000000008b200000, 0x000000008b200000| Complete 
|  91|0x000000008b300000, 0x000000008b400000, 0x000000008b400000|100%| E|CS|TAMS 0x000000008b300000, 0x000000008b300000| Complete 
|  92|0x000000008b400000, 0x000000008b500000, 0x000000008b500000|100%| E|CS|TAMS 0x000000008b400000, 0x000000008b400000| Complete 
|  93|0x000000008b500000, 0x000000008b600000, 0x000000008b600000|100%| E|CS|TAMS 0x000000008b500000, 0x000000008b500000| Complete 
|  94|0x000000008b600000, 0x000000008b700000, 0x000000008b700000|100%| E|CS|TAMS 0x000000008b600000, 0x000000008b600000| Complete 
|  95|0x000000008b700000, 0x000000008b800000, 0x000000008b800000|100%| E|CS|TAMS 0x000000008b700000, 0x000000008b700000| Complete 
|  96|0x000000008b800000, 0x000000008b900000, 0x000000008b900000|100%| S|CS|TAMS 0x000000008b800000, 0x000000008b800000| Complete 
| 123|0x000000008d300000, 0x000000008d400000, 0x000000008d400000|100%| E|CS|TAMS 0x000000008d300000, 0x000000008d300000| Complete 

Card table byte_map: [0x0000019cf5a40000,0x0000019cf5e20000] _byte_map_base: 0x0000019cf5614000

Marking Bits (Prev, Next): (CMBitMap*) 0x0000019ceb98e3a0, (CMBitMap*) 0x0000019ceb98e3e0
 Prev Bits: [0x0000019cf6200000, 0x0000019cf80a0000)
 Next Bits: [0x0000019cf80a0000, 0x0000019cf9f40000)

Polling page: 0x0000019ceb9e0000

Metaspace:

Usage:
  Non-class:     33.41 MB used.
      Class:      4.60 MB used.
       Both:     38.01 MB used.

Virtual space:
  Non-class space:       64.00 MB reserved,      33.50 MB ( 52%) committed,  1 nodes.
      Class space:        1.00 GB reserved,       4.75 MB ( <1%) committed,  1 nodes.
             Both:        1.06 GB reserved,      38.25 MB (  4%) committed. 

Chunk freelists:
   Non-Class:  12.88 MB
       Class:  11.29 MB
        Both:  24.16 MB

MaxMetaspaceSize: unlimited
CompressedClassSpaceSize: 1.00 GB
Initial GC threshold: 21.00 MB
Current GC threshold: 59.19 MB
CDS: on
MetaspaceReclaimPolicy: balanced
 - commit_granule_bytes: 65536.
 - commit_granule_words: 8192.
 - virtual_space_node_default_size: 8388608.
 - enlarge_chunks_in_place: 1.
 - new_chunks_are_fully_committed: 0.
 - uncommit_free_chunks: 1.
 - use_allocation_guard: 0.
 - handle_deallocations: 1.


Internal statistics:

num_allocs_failed_limit: 6.
num_arena_births: 200.
num_arena_deaths: 0.
num_vsnodes_births: 2.
num_vsnodes_deaths: 0.
num_space_committed: 610.
num_space_uncommitted: 0.
num_chunks_returned_to_freelist: 6.
num_chunks_taken_from_freelist: 1567.
num_chunk_merges: 6.
num_chunk_splits: 1258.
num_chunks_enlarged: 1117.
num_inconsistent_stats: 0.

CodeHeap 'non-profiled nmethods': size=120000Kb used=1909Kb max_used=1909Kb free=118090Kb
 bounds [0x0000019c87ad0000, 0x0000019c87d40000, 0x0000019c8f000000]
CodeHeap 'profiled nmethods': size=120000Kb used=8453Kb max_used=8453Kb free=111546Kb
 bounds [0x0000019c80000000, 0x0000019c80850000, 0x0000019c87530000]
CodeHeap 'non-nmethods': size=5760Kb used=1285Kb max_used=1338Kb free=4474Kb
 bounds [0x0000019c87530000, 0x0000019c877a0000, 0x0000019c87ad0000]
 total_blobs=4727 nmethods=4142 adapters=497
 compilation: enabled
              stopped_count=0, restarted_count=0
 full_count=0

Compilation events (20 events):
Event: 5.660 Thread 0x0000019cfc9f5610 4109       1       java.lang.ThreadLocal::initialValue (2 bytes)
Event: 5.660 Thread 0x0000019cfc9f5610 nmethod 4109 0x0000019c87caae90 code [0x0000019c87cab020, 0x0000019c87cab0f8]
Event: 5.660 Thread 0x0000019cfc9f5610 4110       1       org.jetbrains.kotlin.com.google.common.collect.ImmutableMapEntry::getNextInKeyBucket (2 bytes)
Event: 5.660 Thread 0x0000019cfc9f5610 nmethod 4110 0x0000019c87cab190 code [0x0000019c87cab320, 0x0000019c87cab3f8]
Event: 5.660 Thread 0x0000019cfc9f5610 4114       2       org.jetbrains.kotlin.com.intellij.lang.impl.PsiBuilderImpl::balanceWhiteSpaces (416 bytes)
Event: 5.662 Thread 0x0000019cfc9f5610 nmethod 4114 0x0000019c80820d10 code [0x0000019c80820fc0, 0x0000019c80821c98]
Event: 5.662 Thread 0x0000019cfc9f5610 4115       2       org.jetbrains.kotlin.resolve.OverridingUtil::resolveUnknownVisibilityForMember (248 bytes)
Event: 5.663 Thread 0x0000019cfc9f5610 nmethod 4115 0x0000019c80822690 code [0x0000019c80822980, 0x0000019c80823308]
Event: 5.663 Thread 0x0000019cfc9f5610 4113       1       org.jetbrains.kotlin.descriptors.impl.FunctionDescriptorImpl::setExpect (6 bytes)
Event: 5.663 Thread 0x0000019cfc9f5610 nmethod 4113 0x0000019c87cab490 code [0x0000019c87cab620, 0x0000019c87cab6f8]
Event: 5.663 Thread 0x0000019cfc9f5610 4116       1       org.jetbrains.kotlin.descriptors.impl.FunctionDescriptorImpl::setActual (6 bytes)
Event: 5.663 Thread 0x0000019cfc9f5610 nmethod 4116 0x0000019c87cab790 code [0x0000019c87cab920, 0x0000019c87cab9f8]
Event: 5.664 Thread 0x0000019cfc9f5610 4117       1       org.jetbrains.kotlin.load.java.lazy.descriptors.LazyJavaClassDescriptor::getKind (5 bytes)
Event: 5.664 Thread 0x0000019cfc9f5610 nmethod 4117 0x0000019c87caba90 code [0x0000019c87cabc20, 0x0000019c87cabcf8]
Event: 5.667 Thread 0x0000019cfc9f5610 4118       2       org.jetbrains.kotlin.com.intellij.psi.impl.source.tree.LazyParseableElement$$Lambda$139/0x0000019c90385330::get (4 bytes)
Event: 5.667 Thread 0x0000019cfc9f5610 nmethod 4118 0x0000019c80823790 code [0x0000019c80823920, 0x0000019c80823a38]
Event: 5.668 Thread 0x0000019cfc9f5610 4119       2       org.jetbrains.kotlin.com.intellij.psi.impl.source.tree.LazyParseableElement::setFirstChildNode (21 bytes)
Event: 5.668 Thread 0x0000019cfc9f5610 nmethod 4119 0x0000019c80823b10 code [0x0000019c80823cc0, 0x0000019c80823f08]
Event: 5.669 Thread 0x0000019cfc9f5610 4120       2       org.jetbrains.kotlin.resolve.PossiblyBareType::isBare (13 bytes)
Event: 5.669 Thread 0x0000019cfc9f5610 nmethod 4120 0x0000019c80824010 code [0x0000019c808241a0, 0x0000019c808242b8]

GC Heap History (16 events):
Event: 0.991 GC heap before
{Heap before GC invocations=0 (full 0):
 garbage-first heap   total 126976K, used 27648K [0x0000000085800000, 0x0000000100000000)
  region size 1024K, 23 young (23552K), 0 survivors (0K)
 Metaspace       used 7165K, committed 7296K, reserved 1114112K
  class space    used 752K, committed 832K, reserved 1048576K
}
Event: 0.997 GC heap after
{Heap after GC invocations=1 (full 0):
 garbage-first heap   total 126976K, used 7002K [0x0000000085800000, 0x0000000100000000)
  region size 1024K, 3 young (3072K), 3 survivors (3072K)
 Metaspace       used 7165K, committed 7296K, reserved 1114112K
  class space    used 752K, committed 832K, reserved 1048576K
}
Event: 1.796 GC heap before
{Heap before GC invocations=1 (full 0):
 garbage-first heap   total 126976K, used 42842K [0x0000000085800000, 0x0000000100000000)
  region size 1024K, 36 young (36864K), 3 survivors (3072K)
 Metaspace       used 15312K, committed 15552K, reserved 1114112K
  class space    used 2014K, committed 2112K, reserved 1048576K
}
Event: 1.810 GC heap after
{Heap after GC invocations=2 (full 0):
 garbage-first heap   total 126976K, used 12766K [0x0000000085800000, 0x0000000100000000)
  region size 1024K, 4 young (4096K), 4 survivors (4096K)
 Metaspace       used 15312K, committed 15552K, reserved 1114112K
  class space    used 2014K, committed 2112K, reserved 1048576K
}
Event: 2.488 GC heap before
{Heap before GC invocations=2 (full 0):
 garbage-first heap   total 126976K, used 40414K [0x0000000085800000, 0x0000000100000000)
  region size 1024K, 32 young (32768K), 4 survivors (4096K)
 Metaspace       used 21359K, committed 21504K, reserved 1114112K
  class space    used 2879K, committed 2944K, reserved 1048576K
}
Event: 2.502 GC heap after
{Heap after GC invocations=3 (full 0):
 garbage-first heap   total 126976K, used 14321K [0x0000000085800000, 0x0000000100000000)
  region size 1024K, 8 young (8192K), 8 survivors (8192K)
 Metaspace       used 21359K, committed 21504K, reserved 1114112K
  class space    used 2879K, committed 2944K, reserved 1048576K
}
Event: 2.978 GC heap before
{Heap before GC invocations=4 (full 0):
 garbage-first heap   total 55296K, used 38897K [0x0000000085800000, 0x0000000100000000)
  region size 1024K, 32 young (32768K), 8 survivors (8192K)
 Metaspace       used 26058K, committed 26240K, reserved 1114112K
  class space    used 3309K, committed 3392K, reserved 1048576K
}
Event: 2.996 GC heap after
{Heap after GC invocations=5 (full 0):
 garbage-first heap   total 55296K, used 17321K [0x0000000085800000, 0x0000000100000000)
  region size 1024K, 3 young (3072K), 3 survivors (3072K)
 Metaspace       used 26058K, committed 26240K, reserved 1114112K
  class space    used 3309K, committed 3392K, reserved 1048576K
}
Event: 3.022 GC heap before
{Heap before GC invocations=5 (full 0):
 garbage-first heap   total 55296K, used 18345K [0x0000000085800000, 0x0000000100000000)
  region size 1024K, 4 young (4096K), 3 survivors (3072K)
 Metaspace       used 26148K, committed 26304K, reserved 1114112K
  class space    used 3318K, committed 3392K, reserved 1048576K
}
Event: 3.029 GC heap after
{Heap after GC invocations=6 (full 0):
 garbage-first heap   total 55296K, used 18104K [0x0000000085800000, 0x0000000100000000)
  region size 1024K, 1 young (1024K), 1 survivors (1024K)
 Metaspace       used 26148K, committed 26304K, reserved 1114112K
  class space    used 3318K, committed 3392K, reserved 1048576K
}
Event: 3.795 GC heap before
{Heap before GC invocations=6 (full 0):
 garbage-first heap   total 55296K, used 39608K [0x0000000085800000, 0x0000000100000000)
  region size 1024K, 22 young (22528K), 1 survivors (1024K)
 Metaspace       used 30448K, committed 30656K, reserved 1114112K
  class space    used 3762K, committed 3840K, reserved 1048576K
}
Event: 3.807 GC heap after
{Heap after GC invocations=7 (full 0):
 garbage-first heap   total 100352K, used 20333K [0x0000000085800000, 0x0000000100000000)
  region size 1024K, 3 young (3072K), 3 survivors (3072K)
 Metaspace       used 30448K, committed 30656K, reserved 1114112K
  class space    used 3762K, committed 3840K, reserved 1048576K
}
Event: 4.997 GC heap before
{Heap before GC invocations=7 (full 0):
 garbage-first heap   total 100352K, used 76653K [0x0000000085800000, 0x0000000100000000)
  region size 1024K, 55 young (56320K), 3 survivors (3072K)
 Metaspace       used 35811K, committed 36032K, reserved 1114112K
  class space    used 4357K, committed 4480K, reserved 1048576K
}
Event: 5.015 GC heap after
{Heap after GC invocations=8 (full 0):
 garbage-first heap   total 100352K, used 27741K [0x0000000085800000, 0x0000000100000000)
  region size 1024K, 7 young (7168K), 7 survivors (7168K)
 Metaspace       used 35811K, committed 36032K, reserved 1114112K
  class space    used 4357K, committed 4480K, reserved 1048576K
}
Event: 5.028 GC heap before
{Heap before GC invocations=8 (full 0):
 garbage-first heap   total 100352K, used 27741K [0x0000000085800000, 0x0000000100000000)
  region size 1024K, 8 young (8192K), 7 survivors (7168K)
 Metaspace       used 35899K, committed 36096K, reserved 1114112K
  class space    used 4371K, committed 4480K, reserved 1048576K
}
Event: 5.041 GC heap after
{Heap after GC invocations=9 (full 0):
 garbage-first heap   total 100352K, used 28894K [0x0000000085800000, 0x0000000100000000)
  region size 1024K, 1 young (1024K), 1 survivors (1024K)
 Metaspace       used 35899K, committed 36096K, reserved 1114112K
  class space    used 4371K, committed 4480K, reserved 1048576K
}

Dll operation events (7 events):
Event: 0.014 Loaded shared library C:\Program Files\Microsoft\jdk-17.0.8.7-hotspot\bin\java.dll
Event: 0.047 Loaded shared library C:\Program Files\Microsoft\jdk-17.0.8.7-hotspot\bin\jsvml.dll
Event: 0.111 Loaded shared library C:\Program Files\Microsoft\jdk-17.0.8.7-hotspot\bin\net.dll
Event: 0.114 Loaded shared library C:\Program Files\Microsoft\jdk-17.0.8.7-hotspot\bin\nio.dll
Event: 0.158 Loaded shared library C:\Program Files\Microsoft\jdk-17.0.8.7-hotspot\bin\zip.dll
Event: 0.211 Loaded shared library C:\Program Files\Microsoft\jdk-17.0.8.7-hotspot\bin\jimage.dll
Event: 1.371 Loaded shared library C:\Program Files\Microsoft\jdk-17.0.8.7-hotspot\bin\verify.dll

Deoptimization events (20 events):
Event: 5.163 Thread 0x0000019ceb935300 Uncommon trap: trap_request=0xffffffbe fr.pc=0x0000019c87bd4208 relative=0x0000000000000588
Event: 5.164 Thread 0x0000019ceb935300 Uncommon trap: reason=profile_predicate action=maybe_recompile pc=0x0000019c87bd4208 method=org.jetbrains.kotlin.com.intellij.openapi.util.text.StringUtil.getLineBreakCount(Ljava/lang/CharSequence;)I @ 20 c2
Event: 5.164 Thread 0x0000019ceb935300 DEOPT PACKING pc=0x0000019c87bd4208 sp=0x000000277dffd0e0
Event: 5.164 Thread 0x0000019ceb935300 DEOPT UNPACKING pc=0x0000019c8758a1a3 sp=0x000000277dffd068 mode 2
Event: 5.230 Thread 0x0000019ceb935300 Uncommon trap: trap_request=0xffffff45 fr.pc=0x0000019c87bf9fe8 relative=0x0000000000000148
Event: 5.230 Thread 0x0000019ceb935300 Uncommon trap: reason=unstable_if action=reinterpret pc=0x0000019c87bf9fe8 method=org.jetbrains.kotlin.com.intellij.util.keyFMap.ArrayBackedFMap.indexOf(I)I @ 8 c2
Event: 5.230 Thread 0x0000019ceb935300 DEOPT PACKING pc=0x0000019c87bf9fe8 sp=0x000000277dffc1b0
Event: 5.230 Thread 0x0000019ceb935300 DEOPT UNPACKING pc=0x0000019c8758a1a3 sp=0x000000277dffc0c8 mode 2
Event: 5.230 Thread 0x0000019ceb935300 Uncommon trap: trap_request=0xffffff45 fr.pc=0x0000019c87be39b4 relative=0x0000000000000114
Event: 5.230 Thread 0x0000019ceb935300 Uncommon trap: reason=unstable_if action=reinterpret pc=0x0000019c87be39b4 method=org.jetbrains.kotlin.com.intellij.util.keyFMap.ArrayBackedFMap.indexOf(I)I @ 8 c2
Event: 5.230 Thread 0x0000019ceb935300 DEOPT PACKING pc=0x0000019c87be39b4 sp=0x000000277dffc110
Event: 5.230 Thread 0x0000019ceb935300 DEOPT UNPACKING pc=0x0000019c8758a1a3 sp=0x000000277dffc098 mode 2
Event: 5.421 Thread 0x0000019ceb935300 Uncommon trap: trap_request=0xffffff45 fr.pc=0x0000019c87bb6d4c relative=0x000000000000004c
Event: 5.421 Thread 0x0000019ceb935300 Uncommon trap: reason=unstable_if action=reinterpret pc=0x0000019c87bb6d4c method=kotlin.jvm.internal.Intrinsics.areEqual(Ljava/lang/Object;Ljava/lang/Object;)Z @ 5 c2
Event: 5.421 Thread 0x0000019ceb935300 DEOPT PACKING pc=0x0000019c87bb6d4c sp=0x000000277dffc5c0
Event: 5.421 Thread 0x0000019ceb935300 DEOPT UNPACKING pc=0x0000019c8758a1a3 sp=0x000000277dffc550 mode 2
Event: 5.484 Thread 0x0000019ceb935300 Uncommon trap: trap_request=0xffffff45 fr.pc=0x0000019c87c536b4 relative=0x0000000000000214
Event: 5.484 Thread 0x0000019ceb935300 Uncommon trap: reason=unstable_if action=reinterpret pc=0x0000019c87c536b4 method=org.jetbrains.kotlin.name.Name.hashCode()I @ 16 c2
Event: 5.484 Thread 0x0000019ceb935300 DEOPT PACKING pc=0x0000019c87c536b4 sp=0x000000277dffd5c0
Event: 5.484 Thread 0x0000019ceb935300 DEOPT UNPACKING pc=0x0000019c8758a1a3 sp=0x000000277dffd558 mode 2

Classes unloaded (0 events):
No events

Classes redefined (0 events):
No events

Internal exceptions (20 events):
Event: 1.100 Thread 0x0000019ceb935300 Exception <a 'java/lang/NoSuchMethodError'{0x000000008cf74dd0}: 'int java.lang.invoke.DirectMethodHandle$Holder.invokeStaticInit(java.lang.Object, java.lang.Object)'> (0x000000008cf74dd0) 
thrown [s\src\hotspot\share\interpreter\linkResolver.cpp, line 759]
Event: 1.127 Thread 0x0000019ceb935300 Exception <a 'java/lang/NoSuchMethodError'{0x000000008ce55128}: 'void java.lang.invoke.DirectMethodHandle$Holder.invokeSpecial(java.lang.Object, java.lang.Object, java.lang.Object)'> (0x000000008ce55128) 
thrown [s\src\hotspot\share\interpreter\linkResolver.cpp, line 759]
Event: 1.226 Thread 0x0000019ceb935300 Exception <a 'java/lang/NoSuchMethodError'{0x000000008cb770b0}: 'void java.lang.invoke.DirectMethodHandle$Holder.invokeStatic(java.lang.Object, java.lang.Object, java.lang.Object, java.lang.Object)'> (0x000000008cb770b0) 
thrown [s\src\hotspot\share\interpreter\linkResolver.cpp, line 759]
Event: 1.331 Thread 0x0000019ceb935300 Exception <a 'java/lang/NoSuchMethodError'{0x000000008c73efd0}: 'void java.lang.invoke.DirectMethodHandle$Holder.invokeStaticInit(java.lang.Object, java.lang.Object)'> (0x000000008c73efd0) 
thrown [s\src\hotspot\share\interpreter\linkResolver.cpp, line 759]
Event: 1.435 Thread 0x0000019ceb935300 Exception <a 'java/lang/NoSuchMethodError'{0x000000008c3fc358}: 'void java.lang.invoke.DirectMethodHandle$Holder.invokeVirtual(java.lang.Object, java.lang.Object)'> (0x000000008c3fc358) 
thrown [s\src\hotspot\share\interpreter\linkResolver.cpp, line 759]
Event: 1.446 Thread 0x0000019ceb935300 Exception <a 'java/lang/NoSuchMethodError'{0x000000008c2778a0}: 'int java.lang.invoke.DirectMethodHandle$Holder.invokeVirtual(java.lang.Object, java.lang.Object)'> (0x000000008c2778a0) 
thrown [s\src\hotspot\share\interpreter\linkResolver.cpp, line 759]
Event: 1.465 Thread 0x0000019ceb935300 Exception <a 'java/lang/NoSuchMethodError'{0x000000008c1333c0}: 'java.lang.Object java.lang.invoke.Invokers$Holder.invokeExact_MT(java.lang.Object, java.lang.Object, java.lang.Object, java.lang.Object, java.lang.Object, java.lang.Object)'> (0x000000008c1333c0) 
thrown [s\src\hotspot\share\interpreter\linkResolver.cpp, line 759]
Event: 2.144 Thread 0x0000019ceb935300 Implicit null exception at 0x0000019c87af6572 to 0x0000019c87af6bb0
Event: 2.293 Thread 0x0000019ceb935300 Implicit null exception at 0x0000019c87afbe72 to 0x0000019c87afc4c8
Event: 2.361 Thread 0x0000019ceb935300 Exception <a 'java/lang/NoSuchMethodError'{0x000000008beb6830}: 'java.lang.Object java.lang.invoke.DirectMethodHandle$Holder.invokeVirtual(java.lang.Object, java.lang.Object, java.lang.Object)'> (0x000000008beb6830) 
thrown [s\src\hotspot\share\interpreter\linkResolver.cpp, line 759]
Event: 3.287 Thread 0x0000019ceb935300 Exception <a 'java/lang/NoSuchMethodError'{0x000000008826f2c0}: 'java.lang.Object java.lang.invoke.DirectMethodHandle$Holder.newInvokeSpecial(java.lang.Object, java.lang.Object, int)'> (0x000000008826f2c0) 
thrown [s\src\hotspot\share\interpreter\linkResolver.cpp, line 759]
Event: 3.589 Thread 0x0000019ceb935300 Implicit null exception at 0x0000019c87bca9cc to 0x0000019c87bcaaa8
Event: 3.755 Thread 0x0000019ceb935300 Exception <a 'java/lang/NoSuchMethodError'{0x00000000879fcfe8}: 'java.lang.Object java.lang.invoke.DirectMethodHandle$Holder.newInvokeSpecial(java.lang.Object, java.lang.Object, java.lang.Object, int)'> (0x00000000879fcfe8) 
thrown [s\src\hotspot\share\interpreter\linkResolver.cpp, line 759]
Event: 3.756 Thread 0x0000019ceb935300 Exception <a 'java/lang/NoSuchMethodError'{0x0000000087801af8}: 'java.lang.Object java.lang.invoke.DirectMethodHandle$Holder.invokeSpecial(java.lang.Object, java.lang.Object, java.lang.Object, java.lang.Object, int)'> (0x0000000087801af8) 
thrown [s\src\hotspot\share\interpreter\linkResolver.cpp, line 759]
Event: 3.756 Thread 0x0000019ceb935300 Exception <a 'java/lang/NoSuchMethodError'{0x0000000087805968}: 'java.lang.Object java.lang.invoke.Invokers$Holder.linkToTargetMethod(java.lang.Object, java.lang.Object, int, java.lang.Object)'> (0x0000000087805968) 
thrown [s\src\hotspot\share\interpreter\linkResolver.cpp, line 759]
Event: 4.770 Thread 0x0000019ceb935300 Exception <a 'java/lang/NoSuchMethodError'{0x0000000089e46a48}: 'java.lang.Object java.lang.invoke.DirectMethodHandle$Holder.newInvokeSpecial(java.lang.Object, java.lang.Object, java.lang.Object, java.lang.Object, java.lang.Object, java.lang.Object, java.lang.Object, java.lang.Object)'> (0x0000000089e46a48) 
thrown [s\src\hotspot\share\interpreter\linkResolver.cpp, line 759]
Event: 4.770 Thread 0x0000019ceb935300 Exception <a 'java/lang/NoSuchMethodError'{0x0000000089e4c060}: 'java.lang.Object java.lang.invoke.DirectMethodHandle$Holder.invokeSpecial(java.lang.Object, java.lang.Object, java.lang.Object, java.lang.Object, java.lang.Object, java.lang.Object, java.lang.Object, java.lang.Object, java.lang.Object)'> (0x0000000089e4c060) 
thrown [s\src\hotspot\share\interpreter\linkResolver.cpp, line 759]
Event: 4.771 Thread 0x0000019ceb935300 Exception <a 'java/lang/NoSuchMethodError'{0x0000000089e50f90}: 'java.lang.Object java.lang.invoke.Invokers$Holder.linkToTargetMethod(java.lang.Object, java.lang.Object, java.lang.Object, java.lang.Object, java.lang.Object, java.lang.Object, java.lang.Object, java.lang.Object)'> (0x0000000089e50f90) 
thrown [s\src\hotspot\share\interpreter\linkResolver.cpp, line 759]
Event: 5.184 Thread 0x0000019ceb935300 Exception <a 'java/lang/NoSuchMethodError'{0x000000008b5297b8}: 'java.lang.Object java.lang.invoke.DirectMethodHandle$Holder.newInvokeSpecial(java.lang.Object, java.lang.Object, java.lang.Object, java.lang.Object, java.lang.Object)'> (0x000000008b5297b8) 
thrown [s\src\hotspot\share\interpreter\linkResolver.cpp, line 759]
Event: 5.192 Thread 0x0000019ceb935300 Exception <a 'java/lang/NoSuchMethodError'{0x000000008b573450}: 'java.lang.Object java.lang.invoke.DirectMethodHandle$Holder.newInvokeSpecial(java.lang.Object, java.lang.Object, java.lang.Object, java.lang.Object, java.lang.Object, java.lang.Object)'> (0x000000008b573450) 
thrown [s\src\hotspot\share\interpreter\linkResolver.cpp, line 759]

VM Operations (20 events):
Event: 4.338 Executing VM operation: ICBufferFull
Event: 4.339 Executing VM operation: ICBufferFull done
Event: 4.561 Executing VM operation: HandshakeAllThreads
Event: 4.561 Executing VM operation: HandshakeAllThreads done
Event: 4.626 Executing VM operation: ICBufferFull
Event: 4.626 Executing VM operation: ICBufferFull done
Event: 4.713 Executing VM operation: HandshakeAllThreads
Event: 4.713 Executing VM operation: HandshakeAllThreads done
Event: 4.732 Executing VM operation: ICBufferFull
Event: 4.734 Executing VM operation: ICBufferFull done
Event: 4.997 Executing VM operation: G1CollectForAllocation
Event: 5.015 Executing VM operation: G1CollectForAllocation done
Event: 5.028 Executing VM operation: CollectForMetadataAllocation
Event: 5.041 Executing VM operation: CollectForMetadataAllocation done
Event: 5.065 Executing VM operation: G1PauseRemark
Event: 5.076 Executing VM operation: G1PauseRemark done
Event: 5.088 Executing VM operation: G1PauseCleanup
Event: 5.089 Executing VM operation: G1PauseCleanup done
Event: 5.249 Executing VM operation: HandshakeAllThreads
Event: 5.249 Executing VM operation: HandshakeAllThreads done

Events (20 events):
Event: 3.931 loading class java/lang/annotation/ElementType
Event: 3.931 loading class java/lang/annotation/ElementType done
Event: 3.931 loading class java/lang/Override
Event: 3.931 loading class java/lang/Override done
Event: 4.023 loading class java/util/AbstractList$ListItr
Event: 4.023 loading class java/util/AbstractList$ListItr done
Event: 4.069 loading class java/io/InvalidObjectException
Event: 4.069 loading class java/io/InvalidObjectException done
Event: 4.085 loading class java/util/ArrayList$SubList$1
Event: 4.086 loading class java/util/ArrayList$SubList$1 done
Event: 4.125 loading class java/util/stream/IntPipeline$1
Event: 4.127 loading class java/util/stream/IntPipeline$1 done
Event: 4.130 loading class java/util/stream/IntPipeline$1$1
Event: 4.130 loading class java/util/stream/IntPipeline$1$1 done
Event: 4.158 loading class java/util/AbstractList$SubList$1
Event: 4.158 loading class java/util/AbstractList$SubList$1 done
Event: 4.189 loading class java/text/StringCharacterIterator
Event: 4.190 loading class java/text/CharacterIterator
Event: 4.190 loading class java/text/CharacterIterator done
Event: 4.191 loading class java/text/StringCharacterIterator done


Dynamic libraries:
0x00007ff751250000 - 0x00007ff75125e000 	C:\Program Files\Microsoft\jdk-17.0.8.7-hotspot\bin\java.exe
0x00007ff8f85f0000 - 0x00007ff8f8807000 	C:\WINDOWS\SYSTEM32\ntdll.dll
0x00007ff8f6890000 - 0x00007ff8f6954000 	C:\WINDOWS\System32\KERNEL32.DLL
0x00007ff8f5bb0000 - 0x00007ff8f5f67000 	C:\WINDOWS\System32\KERNELBASE.dll
0x00007ff8f5a90000 - 0x00007ff8f5ba1000 	C:\WINDOWS\System32\ucrtbase.dll
0x00007ff8912c0000 - 0x00007ff8912d7000 	C:\Program Files\Microsoft\jdk-17.0.8.7-hotspot\bin\jli.dll
0x00007ff8f8130000 - 0x00007ff8f82df000 	C:\WINDOWS\System32\USER32.dll
0x00007ff8f6180000 - 0x00007ff8f61a6000 	C:\WINDOWS\System32\win32u.dll
0x00007ff8f74c0000 - 0x00007ff8f74e9000 	C:\WINDOWS\System32\GDI32.dll
0x00007ff8912e0000 - 0x00007ff8912fb000 	C:\Program Files\Microsoft\jdk-17.0.8.7-hotspot\bin\VCRUNTIME140.dll
0x00007ff8d8e60000 - 0x00007ff8d90f3000 	C:\WINDOWS\WinSxS\amd64_microsoft.windows.common-controls_6595b64144ccf1df_6.0.22621.3672_none_2713b9d173822955\COMCTL32.dll
0x00007ff8f6320000 - 0x00007ff8f63c7000 	C:\WINDOWS\System32\msvcrt.dll
0x00007ff8f5970000 - 0x00007ff8f5a88000 	C:\WINDOWS\System32\gdi32full.dll
0x00007ff8f5fa0000 - 0x00007ff8f603a000 	C:\WINDOWS\System32\msvcp_win.dll
0x00007ff8f6610000 - 0x00007ff8f6641000 	C:\WINDOWS\System32\IMM32.DLL
0x00007ff8ca700000 - 0x00007ff8ca70c000 	C:\Program Files\Microsoft\jdk-17.0.8.7-hotspot\bin\vcruntime140_1.dll
0x00007ff88c050000 - 0x00007ff88c0dd000 	C:\Program Files\Microsoft\jdk-17.0.8.7-hotspot\bin\msvcp140.dll
0x00007ff858f50000 - 0x00007ff859bb5000 	C:\Program Files\Microsoft\jdk-17.0.8.7-hotspot\bin\server\jvm.dll
0x00007ff8f8060000 - 0x00007ff8f8112000 	C:\WINDOWS\System32\ADVAPI32.dll
0x00007ff8f8470000 - 0x00007ff8f8518000 	C:\WINDOWS\System32\sechost.dll
0x00007ff8f5f70000 - 0x00007ff8f5f98000 	C:\WINDOWS\System32\bcrypt.dll
0x00007ff8f82e0000 - 0x00007ff8f83f4000 	C:\WINDOWS\System32\RPCRT4.dll
0x00007ff8f5620000 - 0x00007ff8f566d000 	C:\WINDOWS\SYSTEM32\POWRPROF.dll
0x00007ff8ca6e0000 - 0x00007ff8ca6e9000 	C:\WINDOWS\SYSTEM32\WSOCK32.dll
0x00007ff8f7650000 - 0x00007ff8f76c1000 	C:\WINDOWS\System32\WS2_32.dll
0x00007ff8ed610000 - 0x00007ff8ed61a000 	C:\WINDOWS\SYSTEM32\VERSION.dll
0x00007ff8ef710000 - 0x00007ff8ef744000 	C:\WINDOWS\SYSTEM32\WINMM.dll
0x00007ff8f5600000 - 0x00007ff8f5613000 	C:\WINDOWS\SYSTEM32\UMPDC.dll
0x00007ff8f4920000 - 0x00007ff8f4938000 	C:\WINDOWS\SYSTEM32\kernel.appcore.dll
0x00007ff8b0a60000 - 0x00007ff8b0a6a000 	C:\Program Files\Microsoft\jdk-17.0.8.7-hotspot\bin\jimage.dll
0x00007ff8f3120000 - 0x00007ff8f3352000 	C:\WINDOWS\SYSTEM32\DBGHELP.DLL
0x00007ff8f7c20000 - 0x00007ff8f7fae000 	C:\WINDOWS\System32\combase.dll
0x00007ff8f6650000 - 0x00007ff8f6727000 	C:\WINDOWS\System32\OLEAUT32.dll
0x00007ff8d0c30000 - 0x00007ff8d0c62000 	C:\WINDOWS\SYSTEM32\dbgcore.DLL
0x00007ff8f6040000 - 0x00007ff8f60bb000 	C:\WINDOWS\System32\bcryptPrimitives.dll
0x00007ff869b30000 - 0x00007ff869b55000 	C:\Program Files\Microsoft\jdk-17.0.8.7-hotspot\bin\java.dll
0x00007ff858e70000 - 0x00007ff858f47000 	C:\Program Files\Microsoft\jdk-17.0.8.7-hotspot\bin\jsvml.dll
0x00007ff8f6c30000 - 0x00007ff8f7499000 	C:\WINDOWS\System32\SHELL32.dll
0x00007ff8f3820000 - 0x00007ff8f411f000 	C:\WINDOWS\SYSTEM32\windows.storage.dll
0x00007ff8f36e0000 - 0x00007ff8f381f000 	C:\WINDOWS\SYSTEM32\wintypes.dll
0x00007ff8f6b20000 - 0x00007ff8f6c19000 	C:\WINDOWS\System32\SHCORE.dll
0x00007ff8f8410000 - 0x00007ff8f846e000 	C:\WINDOWS\System32\shlwapi.dll
0x00007ff8f5830000 - 0x00007ff8f5857000 	C:\WINDOWS\SYSTEM32\profapi.dll
0x00007ff8912a0000 - 0x00007ff8912b9000 	C:\Program Files\Microsoft\jdk-17.0.8.7-hotspot\bin\net.dll
0x00007ff8f1330000 - 0x00007ff8f1466000 	C:\WINDOWS\SYSTEM32\WINHTTP.dll
0x00007ff8f4da0000 - 0x00007ff8f4e09000 	C:\WINDOWS\system32\mswsock.dll
0x00007ff873030000 - 0x00007ff873046000 	C:\Program Files\Microsoft\jdk-17.0.8.7-hotspot\bin\nio.dll
0x00007ff872d40000 - 0x00007ff872d58000 	C:\Program Files\Microsoft\jdk-17.0.8.7-hotspot\bin\zip.dll
0x00007ff894d40000 - 0x00007ff894d50000 	C:\Program Files\Microsoft\jdk-17.0.8.7-hotspot\bin\verify.dll

dbghelp: loaded successfully - version: 4.0.5 - missing functions: none
symbol engine: initialized successfully - sym options: 0x614 - pdb path: .;C:\Program Files\Microsoft\jdk-17.0.8.7-hotspot\bin;C:\WINDOWS\SYSTEM32;C:\WINDOWS\WinSxS\amd64_microsoft.windows.common-controls_6595b64144ccf1df_6.0.22621.3672_none_2713b9d173822955;C:\Program Files\Microsoft\jdk-17.0.8.7-hotspot\bin\server

VM Arguments:
java_command: org.jetbrains.kotlin.cli.jvm.K2JVMCompiler @E:\serviceprovider\serviceapp\node_modules\react-native-gesture-handler\android\build\20250111_1345463121943120853.compiler.options
java_class_path (initial): C:\Users\Ankit\.gradle\caches\modules-2\files-2.1\org.jetbrains.kotlin\kotlin-compiler-embeddable\1.9.24\78dab849090e6c5e2eadb6e59a11cdc28fb67a08\kotlin-compiler-embeddable-1.9.24.jar;C:\Users\Ankit\.gradle\caches\modules-2\files-2.1\org.jetbrains.kotlin\kotlin-stdlib\1.9.24\9928532f12c66ad816a625b3f9984f8368ca6d2b\kotlin-stdlib-1.9.24.jar;C:\Users\Ankit\.gradle\caches\modules-2\files-2.1\org.jetbrains.kotlin\kotlin-script-runtime\1.9.24\96771497da90fbc5af1c90fce148db2595a62502\kotlin-script-runtime-1.9.24.jar;C:\Users\Ankit\.gradle\caches\modules-2\files-2.1\org.jetbrains.kotlin\kotlin-reflect\1.6.10\1cbe9c92c12a94eea200d23c2bbaedaf3daf5132\kotlin-reflect-1.6.10.jar;C:\Users\Ankit\.gradle\caches\modules-2\files-2.1\org.jetbrains.kotlin\kotlin-daemon-embeddable\1.9.24\86685b9c5e8d170925bd9ddbdc263374a6a73281\kotlin-daemon-embeddable-1.9.24.jar;C:\Users\Ankit\.gradle\caches\modules-2\files-2.1\org.jetbrains.intellij.deps\trove4j\1.0.20200330\3afb14d5f9ceb459d724e907a21145e8ff394f02\trove4j-1.0.20200330.jar;C:\Users\Ankit\.gradle\caches\modules-2\files-2.1\org.jetbrains\annotations\13.0\919f0dfe192fb4e063e7dacadee7f8bb9a2672a9\annotations-13.0.jar
Launcher Type: SUN_STANDARD

[Global flags]
     intx CICompilerCount                          = 4                                         {product} {ergonomic}
     uint ConcGCThreads                            = 2                                         {product} {ergonomic}
     uint G1ConcRefinementThreads                  = 8                                         {product} {ergonomic}
   size_t G1HeapRegionSize                         = 1048576                                   {product} {ergonomic}
    uintx GCDrainStackTargetSize                   = 64                                        {product} {ergonomic}
   size_t InitialHeapSize                          = 130023424                                 {product} {ergonomic}
   size_t MarkStackSize                            = 4194304                                   {product} {ergonomic}
   size_t MaxHeapSize                              = 2055208960                                {product} {ergonomic}
   size_t MaxNewSize                               = 1233125376                                {product} {ergonomic}
   size_t MinHeapDeltaBytes                        = 1048576                                   {product} {ergonomic}
   size_t MinHeapSize                              = 8388608                                   {product} {ergonomic}
    uintx NonNMethodCodeHeapSize                   = 5839372                                {pd product} {ergonomic}
    uintx NonProfiledCodeHeapSize                  = 122909434                              {pd product} {ergonomic}
    uintx ProfiledCodeHeapSize                     = 122909434                              {pd product} {ergonomic}
    uintx ReservedCodeCacheSize                    = 251658240                              {pd product} {ergonomic}
     bool SegmentedCodeCache                       = true                                      {product} {ergonomic}
   size_t SoftMaxHeapSize                          = 2055208960                             {manageable} {ergonomic}
     bool UseCompressedClassPointers               = true                           {product lp64_product} {ergonomic}
     bool UseCompressedOops                        = true                           {product lp64_product} {ergonomic}
     bool UseG1GC                                  = true                                      {product} {ergonomic}
     bool UseLargePagesIndividualAllocation        = false                                  {pd product} {ergonomic}

Logging:
Log output configuration:
 #0: stdout all=warning uptime,level,tags
 #1: stderr all=off uptime,level,tags

Environment Variables:
CLASSPATH=E:\serviceprovider\serviceapp\android\\gradle\wrapper\gradle-wrapper.jar
PATH=E:\serviceProvider\serviceapp\node_modules\.bin;E:\serviceProvider\node_modules\.bin;E:\node_modules\.bin;C:\Users\Ankit\AppData\Roaming\npm\node_modules\npm\node_modules\@npmcli\run-script\lib\node-gyp-bin;C:\Program Files\Microsoft\jdk-17.0.8.7-hotspot\bin;C:\Program Files\Common Files\Oracle\Java\javapath;C:\WINDOWS\system32;C:\WINDOWS;C:\WINDOWS\System32\Wbem;C:\WINDOWS\System32\WindowsPowerShell\v1.0\;C:\WINDOWS\System32\OpenSSH\;E:\Chat App\public\node_modules\yarn\bin;E:\Chat App\public\node_modules\yarn\bin;C:\Users\Ankit\Downloads\winlibs-x86_64-posix-seh-gcc-12.2.0-llvm-15.0.7-mingw-w64ucrt-10.0.0-r4\mingw64\bin;C:\MinGW\bin;C:\Users\Ankit\.cargo\bin;C:\Qt\6.5.2\mingw_64\lib;C:\Program Files\Java\jdk-20\bin;C:\kotlinc\bin;C:\Program Files\OpenSSL-Win64\bin;C:\mongosh-2.0.1-win32-x64\bin;C:\Program Files\MySQL\MySQL Server 8.0\bin;C:\Program Files\Python310\Scripts;C:\Program Files\Microsoft SQL Server\Client SDK\ODBC\170\Tools\Binn\;C:\Program Files (x86)\Microsoft SQL Server\160\Tools\Binn\;C:\Program Files\Microsoft SQL Server\160\Tools\Binn\;C:\Program Files\Microsoft SQL Server\160\DTS\Binn\;C:\ProgramData\chocolatey\bin;C:\Users\Ankit\AppData\Local\Android\Sdk\platform-tools;C:\Program Files\Python310;D:\Golang\bin;C:\Users\Ankit\AppData\Local\Yarn\bin;C:\Program Files\MongoDB\Server\7.0\bin;D:\redis;C:\Users\Ankit\AppData\Local\Yarn\bin;C:\Users\Ankit\AppData\Roaming\npm\node_modules\yarn\bin;C:\Users\Ankit\AppData\Local\Pub\Cache\bin;C:\Users\Ankit\AppData\Roaming\npm;E:\putty\;C:\Program Files\nodejs\;E:\GitDesktop\Git\cmd;C:\Users\Ankit\AppData\Local\Android\Sdk\tools;C:\Users\Ankit\AppData\Local\Programs\Python\Python312\Scripts\;C:\Users\Ankit\AppData\Local\Programs\Python\Python312\;C:\Program Files\MySQL\MySQL Shell 8.0\bin\;C:\Users\Ankit\AppData\Local\Programs\Python\Python310\Scripts\;C:\Users\Ankit\AppData\Local\Programs\Python\Python310\;C:\Users\Ankit\AppData\Local\Microsoft\WindowsApps;C:\Program Files\JetBrains\IntelliJ IDEA Communit
USERNAME=Ankit
LANG=en_US.UTF-8
OS=Windows_NT
PROCESSOR_IDENTIFIER=Intel64 Family 6 Model 140 Stepping 2, GenuineIntel
TMP=C:\Users\Ankit\AppData\Local\Temp
TEMP=C:\Users\Ankit\AppData\Local\Temp



---------------  S Y S T E M  ---------------

OS:
 Windows 11 , 64 bit Build 22621 (10.0.22621.3958)
OS uptime: 0 days 0:26 hours
Hyper-V role detected

CPU: total 8 (initial active 8) (4 cores per cpu, 2 threads per core) family 6 model 140 stepping 2 microcode 0x34, cx8, cmov, fxsr, ht, mmx, 3dnowpref, sse, sse2, sse3, ssse3, sse4.1, sse4.2, popcnt, lzcnt, tsc, tscinvbit, avx, avx2, aes, erms, clmul, bmi1, bmi2, adx, avx512f, avx512dq, avx512cd, avx512bw, avx512vl, sha, fma, vzeroupper, avx512_vpopcntdq, avx512_vpclmulqdq, avx512_vaes, avx512_vnni, clflush, clflushopt, clwb, avx512_vbmi2, avx512_vbmi, hv
Processor Information for all 8 processors :
  Max Mhz: 2496, Current Mhz: 2496, Mhz Limit: 2496

Memory: 4k page, system-wide physical 7834M (378M free)
TotalPageFile size 16383M (AvailPageFile size 0M)
current process WorkingSet (physical memory assigned to process): 233M, peak: 233M
current process commit charge ("private bytes"): 274M, peak: 276M

vm_info: OpenJDK 64-Bit Server VM (17.0.8+7-LTS) for windows-amd64 JRE (17.0.8+7-LTS), built on Jul  7 2023 17:21:55 by "MicrosoftCorporation" with MS VC++ 16.10 / 16.11 (VS2019)

END.
