#
# There is insufficient memory for the Java Runtime Environment to continue.
# Native memory allocation (malloc) failed to allocate 599616 bytes for Chunk::new
# Possible reasons:
#   The system is out of physical RAM or swap space
#   The process is running with CompressedOops enabled, and the Java Heap may be blocking the growth of the native heap
# Possible solutions:
#   Reduce memory load on the system
#   Increase physical memory or swap space
#   Check if swap backing store is full
#   Decrease Java heap size (-Xmx/-Xms)
#   Decrease number of Java threads
#   Decrease Java thread stack sizes (-Xss)
#   Set larger code cache with -XX:ReservedCodeCacheSize=
#   JVM is running with Unscaled Compressed Oops mode in which the Java heap is
#     placed in the first 4GB address space. The Java Heap base address is the
#     maximum limit for the native heap growth. Please use -XX:HeapBaseMinAddress
#     to set the Java Heap base and to place the Java Heap above 4GB virtual address.
# This output file may be truncated or incomplete.
#
#  Out of Memory Error (arena.cpp:189), pid=21056, tid=12184
#
# JRE version: OpenJDK Runtime Environment Microsoft-8035246 (17.0.8+7) (build 17.0.8+7-LTS)
# Java VM: OpenJDK 64-Bit Server VM Microsoft-8035246 (17.0.8+7-LTS, mixed mode, tiered, compressed oops, compressed class ptrs, g1 gc, windows-amd64)
# No core dump will be written. Minidumps are not enabled by default on client versions of Windows
#

---------------  S U M M A R Y ------------

Command Line: org.jetbrains.kotlin.cli.jvm.K2JVMCompiler @E:\serviceprovider\serviceapp\node_modules\react-native-video\android\buildOutput_a15d4dee7fc4eda61b91308cbb6a2e72\20250111_8808585596842460755.compiler.options

Host: 11th Gen Intel(R) Core(TM) i5-1155G7 @ 2.50GHz, 8 cores, 7G,  Windows 11 , 64 bit Build 22621 (10.0.22621.3958)
Time: Sat Jan 11 20:26:06 2025 India Standard Time elapsed time: 5.638235 seconds (0d 0h 0m 5s)

---------------  T H R E A D  ---------------

Current thread (0x0000020d040501a0):  JavaThread "C2 CompilerThread0" daemon [_thread_in_native, id=12184, stack(0x000000499bf00000,0x000000499c000000)]


Current CompileTask:
C2:   5638 3485       4       jdk.internal.loader.ClassLoaders$AppClassLoader::loadClass (40 bytes)

Stack: [0x000000499bf00000,0x000000499c000000]
Native frames: (J=compiled Java code, j=interpreted, Vv=VM code, C=native code)
V  [jvm.dll+0x67bf3a]
V  [jvm.dll+0x83a024]
V  [jvm.dll+0x83b7ce]
V  [jvm.dll+0x83be33]
V  [jvm.dll+0x24785f]
V  [jvm.dll+0xac3bc]
V  [jvm.dll+0xac98c]
V  [jvm.dll+0x2af19f]
V  [jvm.dll+0x584667]
V  [jvm.dll+0x222a82]
V  [jvm.dll+0x21b7ff]
V  [jvm.dll+0x21944b]
V  [jvm.dll+0x1a56b6]
V  [jvm.dll+0x2291ea]
V  [jvm.dll+0x22724c]
V  [jvm.dll+0x7efd0c]
V  [jvm.dll+0x7ea13a]
V  [jvm.dll+0x67ad85]
C  [ucrtbase.dll+0x29333]
C  [KERNEL32.DLL+0x1257d]
C  [ntdll.dll+0x5af08]


---------------  P R O C E S S  ---------------

Threads class SMR info:
_java_thread_list=0x0000020d05538290, length=13, elements={
0x0000020d4a213cb0, 0x0000020d0401f250, 0x0000020d040243c0, 0x0000020d0400c750,
0x0000020d0400d020, 0x0000020d0404f010, 0x0000020d0404f4f0, 0x0000020d040501a0,
0x0000020d04050b60, 0x0000020d04051470, 0x0000020d041c2d60, 0x0000020d041e4010,
0x0000020d055886a0
}

Java Threads: ( => current thread )
  0x0000020d4a213cb0 JavaThread "main" [_thread_in_vm, id=10144, stack(0x000000499b200000,0x000000499b300000)]
  0x0000020d0401f250 JavaThread "Reference Handler" daemon [_thread_blocked, id=7248, stack(0x000000499b900000,0x000000499ba00000)]
  0x0000020d040243c0 JavaThread "Finalizer" daemon [_thread_blocked, id=10100, stack(0x000000499ba00000,0x000000499bb00000)]
  0x0000020d0400c750 JavaThread "Signal Dispatcher" daemon [_thread_blocked, id=11064, stack(0x000000499bb00000,0x000000499bc00000)]
  0x0000020d0400d020 JavaThread "Attach Listener" daemon [_thread_blocked, id=11804, stack(0x000000499bc00000,0x000000499bd00000)]
  0x0000020d0404f010 JavaThread "Service Thread" daemon [_thread_blocked, id=20160, stack(0x000000499bd00000,0x000000499be00000)]
  0x0000020d0404f4f0 JavaThread "Monitor Deflation Thread" daemon [_thread_blocked, id=15180, stack(0x000000499be00000,0x000000499bf00000)]
=>0x0000020d040501a0 JavaThread "C2 CompilerThread0" daemon [_thread_in_native, id=12184, stack(0x000000499bf00000,0x000000499c000000)]
  0x0000020d04050b60 JavaThread "C1 CompilerThread0" daemon [_thread_in_native, id=10672, stack(0x000000499c000000,0x000000499c100000)]
  0x0000020d04051470 JavaThread "Sweeper thread" daemon [_thread_blocked, id=9500, stack(0x000000499c100000,0x000000499c200000)]
  0x0000020d041c2d60 JavaThread "Notification Thread" daemon [_thread_blocked, id=17352, stack(0x000000499c200000,0x000000499c300000)]
  0x0000020d041e4010 JavaThread "Common-Cleaner" daemon [_thread_blocked, id=15816, stack(0x000000499c400000,0x000000499c500000)]
  0x0000020d055886a0 JavaThread "C2 CompilerThread1" daemon [_thread_in_native, id=13036, stack(0x000000499c500000,0x000000499c600000)]

Other Threads:
  0x0000020d68385050 VMThread "VM Thread" [stack: 0x000000499b800000,0x000000499b900000] [id=8296]
  0x0000020d041c3240 WatcherThread [stack: 0x000000499c300000,0x000000499c400000] [id=3892]
  0x0000020d4a26cb00 GCTaskThread "GC Thread#0" [stack: 0x000000499b300000,0x000000499b400000] [id=20760]
  0x0000020d04884920 GCTaskThread "GC Thread#1" [stack: 0x000000499c600000,0x000000499c700000] [id=22140]
  0x0000020d048ad010 GCTaskThread "GC Thread#2" [stack: 0x000000499c700000,0x000000499c800000] [id=21968]
  0x0000020d04884100 GCTaskThread "GC Thread#3" [stack: 0x000000499c800000,0x000000499c900000] [id=22048]
  0x0000020d0481ad80 GCTaskThread "GC Thread#4" [stack: 0x000000499c900000,0x000000499ca00000] [id=14044]
  0x0000020d0481b040 GCTaskThread "GC Thread#5" [stack: 0x000000499ca00000,0x000000499cb00000] [id=15612]
  0x0000020d04caa860 GCTaskThread "GC Thread#6" [stack: 0x000000499cb00000,0x000000499cc00000] [id=21836]
  0x0000020d04ce5b60 GCTaskThread "GC Thread#7" [stack: 0x000000499cc00000,0x000000499cd00000] [id=14736]
  0x0000020d4a27cf50 ConcurrentGCThread "G1 Main Marker" [stack: 0x000000499b400000,0x000000499b500000] [id=15476]
  0x0000020d4a27d960 ConcurrentGCThread "G1 Conc#0" [stack: 0x000000499b500000,0x000000499b600000] [id=21812]
  0x0000020d0495f100 ConcurrentGCThread "G1 Conc#1" [stack: 0x000000499cd00000,0x000000499ce00000] [id=14612]
  0x0000020d4a2be840 ConcurrentGCThread "G1 Refine#0" [stack: 0x000000499b600000,0x000000499b700000] [id=11644]
  0x0000020d681ca350 ConcurrentGCThread "G1 Service" [stack: 0x000000499b700000,0x000000499b800000] [id=21316]

Threads with active compile tasks:
C2 CompilerThread0     5687 3485       4       jdk.internal.loader.ClassLoaders$AppClassLoader::loadClass (40 bytes)
C1 CompilerThread0     5687 3500   !   3       java.lang.invoke.MethodHandles$Lookup::canBeCached (150 bytes)
C2 CompilerThread1     5687 3484       4       java.lang.ClassLoader::loadClass (7 bytes)

VM state: not at safepoint (normal execution)

VM Mutex/Monitor currently owned by a thread:  ([mutex/lock_event])
[0x0000020d47fae710] Metaspace_lock - owner thread: 0x0000020d4a213cb0

Heap address: 0x0000000085800000, size: 1960 MB, Compressed Oops mode: 32-bit

CDS archive(s) not mapped
Compressed class space mapped at: 0x0000000100000000-0x0000000140000000, reserved size: 1073741824
Narrow klass base: 0x0000000000000000, Narrow klass shift: 3, Narrow klass range: 0x140000000

GC Precious Log:
 CPUs: 8 total, 8 available
 Memory: 7834M
 Large Page Support: Disabled
 NUMA Support: Disabled
 Compressed Oops: Enabled (32-bit)
 Heap Region Size: 1M
 Heap Min Capacity: 8M
 Heap Initial Capacity: 124M
 Heap Max Capacity: 1960M
 Pre-touch: Disabled
 Parallel Workers: 8
 Concurrent Workers: 2
 Concurrent Refinement Workers: 8
 Periodic GC: Disabled

Heap:
 garbage-first heap   total 75776K, used 32569K [0x0000000085800000, 0x0000000100000000)
  region size 1024K, 7 young (7168K), 3 survivors (3072K)
 Metaspace       used 44188K, committed 44352K, reserved 1114112K
  class space    used 5184K, committed 5248K, reserved 1048576K

Heap Regions: E=young(eden), S=young(survivor), O=old, HS=humongous(starts), HC=humongous(continues), CS=collection set, F=free, OA=open archive, CA=closed archive, TAMS=top-at-mark-start (previous, next)
|   0|0x0000000085800000, 0x0000000085900000, 0x0000000085900000|100%|HS|  |TAMS 0x0000000085900000, 0x0000000085800000| Complete 
|   1|0x0000000085900000, 0x0000000085a00000, 0x0000000085a00000|100%|HC|  |TAMS 0x0000000085a00000, 0x0000000085900000| Complete 
|   2|0x0000000085a00000, 0x0000000085b00000, 0x0000000085b00000|100%|HC|  |TAMS 0x0000000085b00000, 0x0000000085a00000| Complete 
|   3|0x0000000085b00000, 0x0000000085c00000, 0x0000000085c00000|100%|HC|  |TAMS 0x0000000085c00000, 0x0000000085b00000| Complete 
|   4|0x0000000085c00000, 0x0000000085d00000, 0x0000000085d00000|100%| O|  |TAMS 0x0000000085d00000, 0x0000000085c00000| Untracked 
|   5|0x0000000085d00000, 0x0000000085e00000, 0x0000000085e00000|100%| O|  |TAMS 0x0000000085e00000, 0x0000000085d00000| Untracked 
|   6|0x0000000085e00000, 0x0000000085f00000, 0x0000000085f00000|100%| O|  |TAMS 0x0000000085f00000, 0x0000000085e00000| Untracked 
|   7|0x0000000085f00000, 0x0000000086000000, 0x0000000086000000|100%| O|  |TAMS 0x0000000085f00000, 0x0000000085f00000| Untracked 
|   8|0x0000000086000000, 0x0000000086100000, 0x0000000086100000|100%| O|  |TAMS 0x0000000086000000, 0x0000000086000000| Untracked 
|   9|0x0000000086100000, 0x00000000861ce400, 0x0000000086200000| 80%| O|  |TAMS 0x0000000086195800, 0x0000000086100000| Untracked 
|  10|0x0000000086200000, 0x0000000086300000, 0x0000000086300000|100%| O|  |TAMS 0x0000000086200000, 0x0000000086200000| Untracked 
|  11|0x0000000086300000, 0x0000000086400000, 0x0000000086400000|100%| O|  |TAMS 0x0000000086300000, 0x0000000086300000| Untracked 
|  12|0x0000000086400000, 0x0000000086500000, 0x0000000086500000|100%| O|  |TAMS 0x0000000086400000, 0x0000000086400000| Untracked 
|  13|0x0000000086500000, 0x0000000086600000, 0x0000000086600000|100%| O|  |TAMS 0x0000000086600000, 0x0000000086500000| Untracked 
|  14|0x0000000086600000, 0x0000000086700000, 0x0000000086700000|100%| O|  |TAMS 0x0000000086700000, 0x0000000086600000| Untracked 
|  15|0x0000000086700000, 0x0000000086800000, 0x0000000086800000|100%| O|  |TAMS 0x0000000086800000, 0x0000000086700000| Untracked 
|  16|0x0000000086800000, 0x0000000086900000, 0x0000000086900000|100%| O|  |TAMS 0x0000000086900000, 0x0000000086800000| Untracked 
|  17|0x0000000086900000, 0x0000000086a00000, 0x0000000086a00000|100%| O|  |TAMS 0x0000000086a00000, 0x0000000086900000| Untracked 
|  18|0x0000000086a00000, 0x0000000086b00000, 0x0000000086b00000|100%| O|  |TAMS 0x0000000086b00000, 0x0000000086a00000| Untracked 
|  19|0x0000000086b00000, 0x0000000086c00000, 0x0000000086c00000|100%| O|  |TAMS 0x0000000086b00000, 0x0000000086b00000| Untracked 
|  20|0x0000000086c00000, 0x0000000086d00000, 0x0000000086d00000|100%| O|  |TAMS 0x0000000086c00000, 0x0000000086c00000| Untracked 
|  21|0x0000000086d00000, 0x0000000086e00000, 0x0000000086e00000|100%| O|  |TAMS 0x0000000086d00000, 0x0000000086d00000| Untracked 
|  22|0x0000000086e00000, 0x0000000086f00000, 0x0000000086f00000|100%| O|  |TAMS 0x0000000086e00000, 0x0000000086e00000| Untracked 
|  23|0x0000000086f00000, 0x0000000087000000, 0x0000000087000000|100%| O|  |TAMS 0x0000000086f00000, 0x0000000086f00000| Untracked 
|  24|0x0000000087000000, 0x0000000087100000, 0x0000000087100000|100%|HS|  |TAMS 0x0000000087000000, 0x0000000087000000| Complete 
|  25|0x0000000087100000, 0x0000000087200000, 0x0000000087200000|100%|HC|  |TAMS 0x0000000087100000, 0x0000000087100000| Complete 
|  26|0x0000000087200000, 0x0000000087200000, 0x0000000087300000|  0%| F|  |TAMS 0x0000000087200000, 0x0000000087200000| Untracked 
|  27|0x0000000087300000, 0x0000000087300000, 0x0000000087400000|  0%| F|  |TAMS 0x0000000087300000, 0x0000000087300000| Untracked 
|  28|0x0000000087400000, 0x0000000087400000, 0x0000000087500000|  0%| F|  |TAMS 0x0000000087400000, 0x0000000087400000| Untracked 
|  29|0x0000000087500000, 0x0000000087500000, 0x0000000087600000|  0%| F|  |TAMS 0x0000000087500000, 0x0000000087500000| Untracked 
|  30|0x0000000087600000, 0x0000000087600000, 0x0000000087700000|  0%| F|  |TAMS 0x0000000087600000, 0x0000000087600000| Untracked 
|  31|0x0000000087700000, 0x0000000087700000, 0x0000000087800000|  0%| F|  |TAMS 0x0000000087700000, 0x0000000087700000| Untracked 
|  32|0x0000000087800000, 0x0000000087800000, 0x0000000087900000|  0%| F|  |TAMS 0x0000000087800000, 0x0000000087800000| Untracked 
|  33|0x0000000087900000, 0x0000000087900000, 0x0000000087a00000|  0%| F|  |TAMS 0x0000000087900000, 0x0000000087900000| Untracked 
|  34|0x0000000087a00000, 0x0000000087a00000, 0x0000000087b00000|  0%| F|  |TAMS 0x0000000087a00000, 0x0000000087a00000| Untracked 
|  35|0x0000000087b00000, 0x0000000087b00000, 0x0000000087c00000|  0%| F|  |TAMS 0x0000000087b00000, 0x0000000087b00000| Untracked 
|  36|0x0000000087c00000, 0x0000000087d00000, 0x0000000087d00000|100%| S|CS|TAMS 0x0000000087c00000, 0x0000000087c00000| Complete 
|  37|0x0000000087d00000, 0x0000000087e00000, 0x0000000087e00000|100%| S|CS|TAMS 0x0000000087d00000, 0x0000000087d00000| Complete 
|  38|0x0000000087e00000, 0x0000000087f00000, 0x0000000087f00000|100%| S|CS|TAMS 0x0000000087e00000, 0x0000000087e00000| Complete 
|  39|0x0000000087f00000, 0x0000000087f00000, 0x0000000088000000|  0%| F|  |TAMS 0x0000000087f00000, 0x0000000087f00000| Untracked 
|  40|0x0000000088000000, 0x0000000088000000, 0x0000000088100000|  0%| F|  |TAMS 0x0000000088000000, 0x0000000088000000| Untracked 
|  41|0x0000000088100000, 0x0000000088100000, 0x0000000088200000|  0%| F|  |TAMS 0x0000000088100000, 0x0000000088100000| Untracked 
|  42|0x0000000088200000, 0x0000000088200000, 0x0000000088300000|  0%| F|  |TAMS 0x0000000088200000, 0x0000000088200000| Untracked 
|  43|0x0000000088300000, 0x0000000088300000, 0x0000000088400000|  0%| F|  |TAMS 0x0000000088300000, 0x0000000088300000| Untracked 
|  44|0x0000000088400000, 0x0000000088400000, 0x0000000088500000|  0%| F|  |TAMS 0x0000000088400000, 0x0000000088400000| Untracked 
|  45|0x0000000088500000, 0x0000000088500000, 0x0000000088600000|  0%| F|  |TAMS 0x0000000088500000, 0x0000000088500000| Untracked 
|  46|0x0000000088600000, 0x0000000088600000, 0x0000000088700000|  0%| F|  |TAMS 0x0000000088600000, 0x0000000088600000| Untracked 
|  47|0x0000000088700000, 0x0000000088700000, 0x0000000088800000|  0%| F|  |TAMS 0x0000000088700000, 0x0000000088700000| Untracked 
|  48|0x0000000088800000, 0x0000000088800000, 0x0000000088900000|  0%| F|  |TAMS 0x0000000088800000, 0x0000000088800000| Untracked 
|  49|0x0000000088900000, 0x0000000088900000, 0x0000000088a00000|  0%| F|  |TAMS 0x0000000088900000, 0x0000000088900000| Untracked 
|  50|0x0000000088a00000, 0x0000000088a00000, 0x0000000088b00000|  0%| F|  |TAMS 0x0000000088a00000, 0x0000000088a00000| Untracked 
|  51|0x0000000088b00000, 0x0000000088b00000, 0x0000000088c00000|  0%| F|  |TAMS 0x0000000088b00000, 0x0000000088b00000| Untracked 
|  52|0x0000000088c00000, 0x0000000088c00000, 0x0000000088d00000|  0%| F|  |TAMS 0x0000000088c00000, 0x0000000088c00000| Untracked 
|  53|0x0000000088d00000, 0x0000000088d00000, 0x0000000088e00000|  0%| F|  |TAMS 0x0000000088d00000, 0x0000000088d00000| Untracked 
|  54|0x0000000088e00000, 0x0000000088e00000, 0x0000000088f00000|  0%| F|  |TAMS 0x0000000088e00000, 0x0000000088e00000| Untracked 
|  55|0x0000000088f00000, 0x0000000088f00000, 0x0000000089000000|  0%| F|  |TAMS 0x0000000088f00000, 0x0000000088f00000| Untracked 
|  56|0x0000000089000000, 0x0000000089000000, 0x0000000089100000|  0%| F|  |TAMS 0x0000000089000000, 0x0000000089000000| Untracked 
|  57|0x0000000089100000, 0x0000000089100000, 0x0000000089200000|  0%| F|  |TAMS 0x0000000089100000, 0x0000000089100000| Untracked 
|  58|0x0000000089200000, 0x0000000089200000, 0x0000000089300000|  0%| F|  |TAMS 0x0000000089200000, 0x0000000089200000| Untracked 
|  59|0x0000000089300000, 0x0000000089300000, 0x0000000089400000|  0%| F|  |TAMS 0x0000000089300000, 0x0000000089300000| Untracked 
|  60|0x0000000089400000, 0x0000000089400000, 0x0000000089500000|  0%| F|  |TAMS 0x0000000089400000, 0x0000000089400000| Untracked 
|  61|0x0000000089500000, 0x0000000089500000, 0x0000000089600000|  0%| F|  |TAMS 0x0000000089500000, 0x0000000089500000| Untracked 
|  62|0x0000000089600000, 0x0000000089600000, 0x0000000089700000|  0%| F|  |TAMS 0x0000000089600000, 0x0000000089600000| Untracked 
|  63|0x0000000089700000, 0x0000000089700000, 0x0000000089800000|  0%| F|  |TAMS 0x0000000089700000, 0x0000000089700000| Untracked 
|  64|0x0000000089800000, 0x0000000089800000, 0x0000000089900000|  0%| F|  |TAMS 0x0000000089800000, 0x0000000089800000| Untracked 
|  65|0x0000000089900000, 0x0000000089900000, 0x0000000089a00000|  0%| F|  |TAMS 0x0000000089900000, 0x0000000089900000| Untracked 
|  66|0x0000000089a00000, 0x0000000089a00000, 0x0000000089b00000|  0%| F|  |TAMS 0x0000000089a00000, 0x0000000089a00000| Untracked 
|  67|0x0000000089b00000, 0x0000000089b00000, 0x0000000089c00000|  0%| F|  |TAMS 0x0000000089b00000, 0x0000000089b00000| Untracked 
|  68|0x0000000089c00000, 0x0000000089c00000, 0x0000000089d00000|  0%| F|  |TAMS 0x0000000089c00000, 0x0000000089c00000| Untracked 
|  69|0x0000000089d00000, 0x0000000089d00000, 0x0000000089e00000|  0%| F|  |TAMS 0x0000000089d00000, 0x0000000089d00000| Untracked 
|  70|0x0000000089e00000, 0x0000000089f00000, 0x0000000089f00000|100%| E|  |TAMS 0x0000000089e00000, 0x0000000089e00000| Complete 
|  71|0x0000000089f00000, 0x000000008a000000, 0x000000008a000000|100%| E|CS|TAMS 0x0000000089f00000, 0x0000000089f00000| Complete 
|  72|0x000000008a000000, 0x000000008a100000, 0x000000008a100000|100%| E|CS|TAMS 0x000000008a000000, 0x000000008a000000| Complete 
| 123|0x000000008d300000, 0x000000008d400000, 0x000000008d400000|100%| E|CS|TAMS 0x000000008d300000, 0x000000008d300000| Complete 

Card table byte_map: [0x0000020d61410000,0x0000020d617f0000] _byte_map_base: 0x0000020d60fe4000

Marking Bits (Prev, Next): (CMBitMap*) 0x0000020d4a26d160, (CMBitMap*) 0x0000020d4a26d120
 Prev Bits: [0x0000020d63a70000, 0x0000020d65910000)
 Next Bits: [0x0000020d61bd0000, 0x0000020d63a70000)

Polling page: 0x0000020d48120000

Metaspace:

Usage:
  Non-class:     38.09 MB used.
      Class:      5.06 MB used.
       Both:     43.15 MB used.

Virtual space:
  Non-class space:       64.00 MB reserved,      38.19 MB ( 60%) committed,  1 nodes.
      Class space:        1.00 GB reserved,       5.12 MB ( <1%) committed,  1 nodes.
             Both:        1.06 GB reserved,      43.31 MB (  4%) committed. 

Chunk freelists:
   Non-Class:  8.98 MB
       Class:  10.75 MB
        Both:  19.74 MB

MaxMetaspaceSize: unlimited
CompressedClassSpaceSize: 1.00 GB
Initial GC threshold: 21.00 MB
Current GC threshold: 44.50 MB
CDS: off
MetaspaceReclaimPolicy: balanced
 - commit_granule_bytes: 65536.
 - commit_granule_words: 8192.
 - virtual_space_node_default_size: 8388608.
 - enlarge_chunks_in_place: 1.
 - new_chunks_are_fully_committed: 0.
 - uncommit_free_chunks: 1.
 - use_allocation_guard: 0.
 - handle_deallocations: 1.


Internal statistics:

num_allocs_failed_limit: 3.
num_arena_births: 178.
num_arena_deaths: 0.
num_vsnodes_births: 2.
num_vsnodes_deaths: 0.
num_space_committed: 691.
num_space_uncommitted: 0.
num_chunks_returned_to_freelist: 3.
num_chunks_taken_from_freelist: 1461.
num_chunk_merges: 3.
num_chunk_splits: 1189.
num_chunks_enlarged: 1069.
num_inconsistent_stats: 0.

CodeHeap 'non-profiled nmethods': size=120000Kb used=1657Kb max_used=1657Kb free=118342Kb
 bounds [0x0000020d597d0000, 0x0000020d59a40000, 0x0000020d60d00000]
CodeHeap 'profiled nmethods': size=120000Kb used=6989Kb max_used=6989Kb free=113010Kb
 bounds [0x0000020d51d00000, 0x0000020d523e0000, 0x0000020d59230000]
CodeHeap 'non-nmethods': size=5760Kb used=1268Kb max_used=1320Kb free=4491Kb
 bounds [0x0000020d59230000, 0x0000020d594a0000, 0x0000020d597d0000]
 total_blobs=4061 nmethods=3496 adapters=477
 compilation: enabled
              stopped_count=0, restarted_count=0
 full_count=0

Compilation events (20 events):
Event: 5.518 Thread 0x0000020d04050b60 3478   !   3       java.lang.ref.ReferenceQueue::remove (125 bytes)
Event: 5.519 Thread 0x0000020d04050b60 nmethod 3478 0x0000020d523cc490 code [0x0000020d523cc6a0, 0x0000020d523cce58]
Event: 5.519 Thread 0x0000020d04050b60 3479   !   3       jdk.internal.ref.PhantomCleanable::isListEmpty (34 bytes)
Event: 5.519 Thread 0x0000020d04050b60 nmethod 3479 0x0000020d523cd190 code [0x0000020d523cd320, 0x0000020d523cd578]
Event: 5.519 Thread 0x0000020d04050b60 3480       3       jdk.internal.misc.InnocuousThread::eraseThreadLocals (23 bytes)
Event: 5.520 Thread 0x0000020d04050b60 nmethod 3480 0x0000020d523cd690 code [0x0000020d523cd820, 0x0000020d523cda18]
Event: 5.524 Thread 0x0000020d04050b60 3481   !   3       java.lang.Class::desiredAssertionStatus (54 bytes)
Event: 5.525 Thread 0x0000020d04050b60 nmethod 3481 0x0000020d523cda90 code [0x0000020d523cdc80, 0x0000020d523ce198]
Event: 5.532 Thread 0x0000020d055886a0 nmethod 3477 0x0000020d5996b990 code [0x0000020d5996bb60, 0x0000020d5996c978]
Event: 5.544 Thread 0x0000020d040501a0 

Event: 5.567 Thread 0x0000020d04050b60 3483       3       java.lang.invoke.InfoFromMemberName::getDeclaringClass (8 bytes)
Event: 5.567 Thread 0x0000020d04050b60 nmethod 3483 0x0000020d523ce390 code [0x0000020d523ce520, 0x0000020d523ce658]
Event: 5.574 Thread 0x0000020d055886a0 3484       4       java.lang.ClassLoader::loadClass (7 bytes)
Event: 5.575 Thread 0x0000020d040501a0 3485       4       jdk.internal.loader.ClassLoaders$AppClassLoader::loadClass (40 bytes)
Event: 5.612 Thread 0x0000020d04050b60 3493       3       java.lang.invoke.InvokerBytecodeGenerator::getInternalName (103 bytes)
Event: 5.613 Thread 0x0000020d04050b60 nmethod 3493 0x0000020d523ce710 code [0x0000020d523ce920, 0x0000020d523cee78]
Event: 5.622 Thread 0x0000020d04050b60 3494       3       java.util.regex.Pattern::next (33 bytes)
Event: 5.623 Thread 0x0000020d04050b60 nmethod 3494 0x0000020d523cef90 code [0x0000020d523cf140, 0x0000020d523cf3a8]
Event: 5.623 Thread 0x0000020d04050b60 3495       3       java.util.ImmutableCollections$Set12::contains (28 bytes)
Event: 5.623 Thread 0x0000020d04050b60 nmethod 3495 0x0000020d523cf510 code [0x0000020d523cf6c0, 0x0000020d523cf9f8]

GC Heap History (20 events):
Event: 1.819 GC heap before
{Heap before GC invocations=3 (full 0):
 garbage-first heap   total 30720K, used 25240K [0x0000000085800000, 0x0000000100000000)
  region size 1024K, 17 young (17408K), 1 survivors (1024K)
 Metaspace       used 22092K, committed 22336K, reserved 1114112K
  class space    used 2631K, committed 2752K, reserved 1048576K
}
Event: 1.831 GC heap after
{Heap after GC invocations=4 (full 0):
 garbage-first heap   total 31744K, used 13976K [0x0000000085800000, 0x0000000100000000)
  region size 1024K, 5 young (5120K), 5 survivors (5120K)
 Metaspace       used 22092K, committed 22336K, reserved 1114112K
  class space    used 2631K, committed 2752K, reserved 1048576K
}
Event: 1.840 GC heap before
{Heap before GC invocations=4 (full 0):
 garbage-first heap   total 31744K, used 15000K [0x0000000085800000, 0x0000000100000000)
  region size 1024K, 6 young (6144K), 5 survivors (5120K)
 Metaspace       used 22092K, committed 22336K, reserved 1114112K
  class space    used 2631K, committed 2752K, reserved 1048576K
}
Event: 1.849 GC heap after
{Heap after GC invocations=5 (full 0):
 garbage-first heap   total 31744K, used 14685K [0x0000000085800000, 0x0000000100000000)
  region size 1024K, 1 young (1024K), 1 survivors (1024K)
 Metaspace       used 22092K, committed 22336K, reserved 1114112K
  class space    used 2631K, committed 2752K, reserved 1048576K
}
Event: 2.728 GC heap before
{Heap before GC invocations=5 (full 0):
 garbage-first heap   total 31744K, used 21853K [0x0000000085800000, 0x0000000100000000)
  region size 1024K, 8 young (8192K), 1 survivors (1024K)
 Metaspace       used 23773K, committed 23936K, reserved 1114112K
  class space    used 3012K, committed 3072K, reserved 1048576K
}
Event: 2.733 GC heap after
{Heap after GC invocations=6 (full 0):
 garbage-first heap   total 31744K, used 15882K [0x0000000085800000, 0x0000000100000000)
  region size 1024K, 1 young (1024K), 1 survivors (1024K)
 Metaspace       used 23773K, committed 23936K, reserved 1114112K
  class space    used 3012K, committed 3072K, reserved 1048576K
}
Event: 2.863 GC heap before
{Heap before GC invocations=7 (full 0):
 garbage-first heap   total 31744K, used 21002K [0x0000000085800000, 0x0000000100000000)
  region size 1024K, 7 young (7168K), 1 survivors (1024K)
 Metaspace       used 25702K, committed 25920K, reserved 1114112K
  class space    used 3240K, committed 3328K, reserved 1048576K
}
Event: 2.867 GC heap after
{Heap after GC invocations=8 (full 0):
 garbage-first heap   total 31744K, used 16500K [0x0000000085800000, 0x0000000100000000)
  region size 1024K, 1 young (1024K), 1 survivors (1024K)
 Metaspace       used 25702K, committed 25920K, reserved 1114112K
  class space    used 3240K, committed 3328K, reserved 1048576K
}
Event: 2.989 GC heap before
{Heap before GC invocations=8 (full 0):
 garbage-first heap   total 31744K, used 22644K [0x0000000085800000, 0x0000000100000000)
  region size 1024K, 7 young (7168K), 1 survivors (1024K)
 Metaspace       used 27029K, committed 27200K, reserved 1114112K
  class space    used 3373K, committed 3456K, reserved 1048576K
}
Event: 2.993 GC heap after
{Heap after GC invocations=9 (full 0):
 garbage-first heap   total 69632K, used 17209K [0x0000000085800000, 0x0000000100000000)
  region size 1024K, 1 young (1024K), 1 survivors (1024K)
 Metaspace       used 27029K, committed 27200K, reserved 1114112K
  class space    used 3373K, committed 3456K, reserved 1048576K
}
Event: 3.563 GC heap before
{Heap before GC invocations=10 (full 0):
 garbage-first heap   total 61440K, used 43833K [0x0000000085800000, 0x0000000100000000)
  region size 1024K, 27 young (27648K), 1 survivors (1024K)
 Metaspace       used 32072K, committed 32320K, reserved 1114112K
  class space    used 3855K, committed 3968K, reserved 1048576K
}
Event: 3.573 GC heap after
{Heap after GC invocations=11 (full 0):
 garbage-first heap   total 61440K, used 18233K [0x0000000085800000, 0x0000000100000000)
  region size 1024K, 4 young (4096K), 4 survivors (4096K)
 Metaspace       used 32072K, committed 32320K, reserved 1114112K
  class space    used 3855K, committed 3968K, reserved 1048576K
}
Event: 4.260 GC heap before
{Heap before GC invocations=11 (full 0):
 garbage-first heap   total 61440K, used 39737K [0x0000000085800000, 0x0000000100000000)
  region size 1024K, 26 young (26624K), 4 survivors (4096K)
 Metaspace       used 36857K, committed 37120K, reserved 1114112K
  class space    used 4311K, committed 4416K, reserved 1048576K
}
Event: 4.275 GC heap after
{Heap after GC invocations=12 (full 0):
 garbage-first heap   total 61440K, used 20708K [0x0000000085800000, 0x0000000100000000)
  region size 1024K, 3 young (3072K), 3 survivors (3072K)
 Metaspace       used 36857K, committed 37120K, reserved 1114112K
  class space    used 4311K, committed 4416K, reserved 1048576K
}
Event: 4.758 GC heap before
{Heap before GC invocations=12 (full 0):
 garbage-first heap   total 61440K, used 43236K [0x0000000085800000, 0x0000000100000000)
  region size 1024K, 24 young (24576K), 3 survivors (3072K)
 Metaspace       used 39285K, committed 39488K, reserved 1114112K
  class space    used 4597K, committed 4672K, reserved 1048576K
}
Event: 4.771 GC heap after
{Heap after GC invocations=13 (full 0):
 garbage-first heap   total 61440K, used 24649K [0x0000000085800000, 0x0000000100000000)
  region size 1024K, 3 young (3072K), 3 survivors (3072K)
 Metaspace       used 39285K, committed 39488K, reserved 1114112K
  class space    used 4597K, committed 4672K, reserved 1048576K
}
Event: 4.933 GC heap before
{Heap before GC invocations=13 (full 0):
 garbage-first heap   total 61440K, used 44105K [0x0000000085800000, 0x0000000100000000)
  region size 1024K, 22 young (22528K), 3 survivors (3072K)
 Metaspace       used 39617K, committed 39808K, reserved 1114112K
  class space    used 4630K, committed 4736K, reserved 1048576K
}
Event: 4.940 GC heap after
{Heap after GC invocations=14 (full 0):
 garbage-first heap   total 61440K, used 24685K [0x0000000085800000, 0x0000000100000000)
  region size 1024K, 1 young (1024K), 1 survivors (1024K)
 Metaspace       used 39617K, committed 39808K, reserved 1114112K
  class space    used 4630K, committed 4736K, reserved 1048576K
}
Event: 5.506 GC heap before
{Heap before GC invocations=14 (full 0):
 garbage-first heap   total 61440K, used 47213K [0x0000000085800000, 0x0000000100000000)
  region size 1024K, 21 young (21504K), 1 survivors (1024K)
 Metaspace       used 43094K, committed 43328K, reserved 1114112K
  class space    used 5022K, committed 5120K, reserved 1048576K
}
Event: 5.518 GC heap after
{Heap after GC invocations=15 (full 0):
 garbage-first heap   total 75776K, used 29497K [0x0000000085800000, 0x0000000100000000)
  region size 1024K, 3 young (3072K), 3 survivors (3072K)
 Metaspace       used 43094K, committed 43328K, reserved 1114112K
  class space    used 5022K, committed 5120K, reserved 1048576K
}

Dll operation events (7 events):
Event: 0.015 Loaded shared library C:\Program Files\Microsoft\jdk-17.0.8.7-hotspot\bin\java.dll
Event: 0.077 Loaded shared library C:\Program Files\Microsoft\jdk-17.0.8.7-hotspot\bin\jsvml.dll
Event: 0.239 Loaded shared library C:\Program Files\Microsoft\jdk-17.0.8.7-hotspot\bin\net.dll
Event: 0.252 Loaded shared library C:\Program Files\Microsoft\jdk-17.0.8.7-hotspot\bin\nio.dll
Event: 0.313 Loaded shared library C:\Program Files\Microsoft\jdk-17.0.8.7-hotspot\bin\zip.dll
Event: 0.367 Loaded shared library C:\Program Files\Microsoft\jdk-17.0.8.7-hotspot\bin\jimage.dll
Event: 1.373 Loaded shared library C:\Program Files\Microsoft\jdk-17.0.8.7-hotspot\bin\verify.dll

Deoptimization events (20 events):
Event: 4.987 Thread 0x0000020d4a213cb0 DEOPT PACKING pc=0x0000020d5991f178 sp=0x000000499b2fab30
Event: 4.987 Thread 0x0000020d4a213cb0 DEOPT UNPACKING pc=0x0000020d5928a1a3 sp=0x000000499b2faaf0 mode 2
Event: 5.152 Thread 0x0000020d4a213cb0 Uncommon trap: trap_request=0xffffffde fr.pc=0x0000020d598b50e4 relative=0x0000000000000064
Event: 5.152 Thread 0x0000020d4a213cb0 Uncommon trap: reason=class_check action=maybe_recompile pc=0x0000020d598b50e4 method=java.util.Collections$UnmodifiableCollection.size()I @ 4 c2
Event: 5.152 Thread 0x0000020d4a213cb0 DEOPT PACKING pc=0x0000020d598b50e4 sp=0x000000499b2fb4e0
Event: 5.152 Thread 0x0000020d4a213cb0 DEOPT UNPACKING pc=0x0000020d5928a1a3 sp=0x000000499b2fb470 mode 2
Event: 5.152 Thread 0x0000020d4a213cb0 Uncommon trap: trap_request=0xffffffde fr.pc=0x0000020d598b50e4 relative=0x0000000000000064
Event: 5.152 Thread 0x0000020d4a213cb0 Uncommon trap: reason=class_check action=maybe_recompile pc=0x0000020d598b50e4 method=java.util.Collections$UnmodifiableCollection.size()I @ 4 c2
Event: 5.152 Thread 0x0000020d4a213cb0 DEOPT PACKING pc=0x0000020d598b50e4 sp=0x000000499b2fb830
Event: 5.152 Thread 0x0000020d4a213cb0 DEOPT UNPACKING pc=0x0000020d5928a1a3 sp=0x000000499b2fb7c0 mode 2
Event: 5.157 Thread 0x0000020d4a213cb0 DEOPT PACKING pc=0x0000020d5219e2b7 sp=0x000000499b2fbcd0
Event: 5.157 Thread 0x0000020d4a213cb0 DEOPT UNPACKING pc=0x0000020d5928ace3 sp=0x000000499b2fb198 mode 0
Event: 5.230 Thread 0x0000020d4a213cb0 Uncommon trap: trap_request=0xffffffde fr.pc=0x0000020d598b50e4 relative=0x0000000000000064
Event: 5.230 Thread 0x0000020d4a213cb0 Uncommon trap: reason=class_check action=maybe_recompile pc=0x0000020d598b50e4 method=java.util.Collections$UnmodifiableCollection.size()I @ 4 c2
Event: 5.230 Thread 0x0000020d4a213cb0 DEOPT PACKING pc=0x0000020d598b50e4 sp=0x000000499b2fb820
Event: 5.230 Thread 0x0000020d4a213cb0 DEOPT UNPACKING pc=0x0000020d5928a1a3 sp=0x000000499b2fb7b0 mode 2
Event: 5.592 Thread 0x0000020d4a213cb0 Uncommon trap: trap_request=0xffffffcc fr.pc=0x0000020d5996aed4 relative=0x0000000000000334
Event: 5.592 Thread 0x0000020d4a213cb0 Uncommon trap: reason=intrinsic_or_type_checked_inlining action=make_not_entrant pc=0x0000020d5996aed4 method=java.util.Arrays.copyOf([Ljava/lang/Object;ILjava/lang/Class;)[Ljava/lang/Object; @ 35 c2
Event: 5.592 Thread 0x0000020d4a213cb0 DEOPT PACKING pc=0x0000020d5996aed4 sp=0x000000499b2fa050
Event: 5.592 Thread 0x0000020d4a213cb0 DEOPT UNPACKING pc=0x0000020d5928a1a3 sp=0x000000499b2f9fe0 mode 2

Classes unloaded (0 events):
No events

Classes redefined (0 events):
No events

Internal exceptions (20 events):
Event: 1.119 Thread 0x0000020d4a213cb0 Exception <a 'java/lang/NoSuchMethodError'{0x000000008d0b2780}: 'int java.lang.invoke.DelegatingMethodHandle$Holder.reinvoke_L(java.lang.Object, java.lang.Object, java.lang.Object, long, long, long)'> (0x000000008d0b2780) 
thrown [s\src\hotspot\share\interpreter\linkResolver.cpp, line 759]
Event: 1.121 Thread 0x0000020d4a213cb0 Exception <a 'java/lang/NoSuchMethodError'{0x000000008d0c0d98}: 'int java.lang.invoke.DelegatingMethodHandle$Holder.reinvoke_L(java.lang.Object, java.lang.Object, java.lang.Object, long, int)'> (0x000000008d0c0d98) 
thrown [s\src\hotspot\share\interpreter\linkResolver.cpp, line 759]
Event: 1.140 Thread 0x0000020d4a213cb0 Exception <a 'java/lang/NoSuchMethodError'{0x000000008cf68ec8}: 'int java.lang.invoke.DirectMethodHandle$Holder.invokeStaticInit(java.lang.Object, java.lang.Object, java.lang.Object)'> (0x000000008cf68ec8) 
thrown [s\src\hotspot\share\interpreter\linkResolver.cpp, line 759]
Event: 1.144 Thread 0x0000020d4a213cb0 Exception <a 'java/lang/NoSuchMethodError'{0x000000008cf92328}: 'int java.lang.invoke.DirectMethodHandle$Holder.invokeStaticInit(java.lang.Object, java.lang.Object)'> (0x000000008cf92328) 
thrown [s\src\hotspot\share\interpreter\linkResolver.cpp, line 759]
Event: 1.167 Thread 0x0000020d4a213cb0 Exception <a 'java/lang/NoSuchMethodError'{0x000000008ce71a60}: 'void java.lang.invoke.DirectMethodHandle$Holder.invokeSpecial(java.lang.Object, java.lang.Object, java.lang.Object)'> (0x000000008ce71a60) 
thrown [s\src\hotspot\share\interpreter\linkResolver.cpp, line 759]
Event: 1.251 Thread 0x0000020d4a213cb0 Exception <a 'java/lang/NoSuchMethodError'{0x000000008cb95860}: 'void java.lang.invoke.DirectMethodHandle$Holder.invokeStatic(java.lang.Object, java.lang.Object, java.lang.Object, java.lang.Object)'> (0x000000008cb95860) 
thrown [s\src\hotspot\share\interpreter\linkResolver.cpp, line 759]
Event: 1.338 Thread 0x0000020d4a213cb0 Exception <a 'java/lang/NoSuchMethodError'{0x000000008c75c720}: 'void java.lang.invoke.DirectMethodHandle$Holder.invokeStaticInit(java.lang.Object, java.lang.Object)'> (0x000000008c75c720) 
thrown [s\src\hotspot\share\interpreter\linkResolver.cpp, line 759]
Event: 1.431 Thread 0x0000020d4a213cb0 Exception <a 'java/lang/NoSuchMethodError'{0x000000008c218b20}: 'void java.lang.invoke.DirectMethodHandle$Holder.invokeVirtual(java.lang.Object, java.lang.Object)'> (0x000000008c218b20) 
thrown [s\src\hotspot\share\interpreter\linkResolver.cpp, line 759]
Event: 1.440 Thread 0x0000020d4a213cb0 Exception <a 'java/lang/NoSuchMethodError'{0x000000008c294320}: 'int java.lang.invoke.DirectMethodHandle$Holder.invokeVirtual(java.lang.Object, java.lang.Object)'> (0x000000008c294320) 
thrown [s\src\hotspot\share\interpreter\linkResolver.cpp, line 759]
Event: 1.460 Thread 0x0000020d4a213cb0 Exception <a 'java/lang/NoSuchMethodError'{0x000000008c14f878}: 'java.lang.Object java.lang.invoke.Invokers$Holder.invokeExact_MT(java.lang.Object, java.lang.Object, java.lang.Object, java.lang.Object, java.lang.Object, java.lang.Object)'> (0x000000008c14f878) 
thrown [s\src\hotspot\share\interpreter\linkResolver.cpp, line 759]
Event: 2.791 Thread 0x0000020d4a213cb0 Implicit null exception at 0x0000020d597f41f2 to 0x0000020d597f4830
Event: 2.934 Thread 0x0000020d4a213cb0 Implicit null exception at 0x0000020d597faf72 to 0x0000020d597fb5c8
Event: 3.000 Thread 0x0000020d4a213cb0 Exception <a 'java/lang/NoSuchMethodError'{0x000000008d3493f8}: 'java.lang.Object java.lang.invoke.DirectMethodHandle$Holder.invokeVirtual(java.lang.Object, java.lang.Object, java.lang.Object)'> (0x000000008d3493f8) 
thrown [s\src\hotspot\share\interpreter\linkResolver.cpp, line 759]
Event: 4.004 Thread 0x0000020d4a213cb0 Exception <a 'java/lang/NoSuchMethodError'{0x0000000088239700}: 'java.lang.Object java.lang.invoke.DirectMethodHandle$Holder.newInvokeSpecial(java.lang.Object, java.lang.Object, int)'> (0x0000000088239700) 
thrown [s\src\hotspot\share\interpreter\linkResolver.cpp, line 759]
Event: 4.301 Thread 0x0000020d4a213cb0 Exception <a 'java/lang/NoSuchMethodError'{0x000000008d3db588}: 'java.lang.Object java.lang.invoke.DirectMethodHandle$Holder.newInvokeSpecial(java.lang.Object, java.lang.Object, java.lang.Object, int)'> (0x000000008d3db588) 
thrown [s\src\hotspot\share\interpreter\linkResolver.cpp, line 759]
Event: 4.301 Thread 0x0000020d4a213cb0 Exception <a 'java/lang/NoSuchMethodError'{0x000000008d3dfc10}: 'java.lang.Object java.lang.invoke.DirectMethodHandle$Holder.invokeSpecial(java.lang.Object, java.lang.Object, java.lang.Object, java.lang.Object, int)'> (0x000000008d3dfc10) 
thrown [s\src\hotspot\share\interpreter\linkResolver.cpp, line 759]
Event: 4.302 Thread 0x0000020d4a213cb0 Exception <a 'java/lang/NoSuchMethodError'{0x000000008d3e3a80}: 'java.lang.Object java.lang.invoke.Invokers$Holder.linkToTargetMethod(java.lang.Object, java.lang.Object, int, java.lang.Object)'> (0x000000008d3e3a80) 
thrown [s\src\hotspot\share\interpreter\linkResolver.cpp, line 759]
Event: 5.610 Thread 0x0000020d4a213cb0 Exception <a 'java/lang/NoSuchMethodError'{0x0000000089f81d98}: 'java.lang.Object java.lang.invoke.DirectMethodHandle$Holder.invokeStatic(java.lang.Object, java.lang.Object, java.lang.Object, java.lang.Object, int)'> (0x0000000089f81d98) 
thrown [s\src\hotspot\share\interpreter\linkResolver.cpp, line 759]
Event: 5.611 Thread 0x0000020d4a213cb0 Exception <a 'java/lang/NoSuchMethodError'{0x0000000089f8bf68}: 'java.lang.Object java.lang.invoke.DirectMethodHandle$Holder.newInvokeSpecial(java.lang.Object, java.lang.Object, java.lang.Object, java.lang.Object, int)'> (0x0000000089f8bf68) 
thrown [s\src\hotspot\share\interpreter\linkResolver.cpp, line 759]
Event: 5.612 Thread 0x0000020d4a213cb0 Exception <a 'java/lang/NoSuchMethodError'{0x0000000089f943d8}: 'java.lang.Object java.lang.invoke.Invokers$Holder.linkToTargetMethod(java.lang.Object, java.lang.Object, java.lang.Object, int, java.lang.Object)'> (0x0000000089f943d8) 
thrown [s\src\hotspot\share\interpreter\linkResolver.cpp, line 759]

VM Operations (20 events):
Event: 4.933 Executing VM operation: G1CollectForAllocation
Event: 4.941 Executing VM operation: G1CollectForAllocation done
Event: 5.161 Executing VM operation: HandshakeAllThreads
Event: 5.161 Executing VM operation: HandshakeAllThreads done
Event: 5.171 Executing VM operation: HandshakeAllThreads
Event: 5.171 Executing VM operation: HandshakeAllThreads done
Event: 5.171 Executing VM operation: HandshakeAllThreads
Event: 5.171 Executing VM operation: HandshakeAllThreads done
Event: 5.177 Executing VM operation: ICBufferFull
Event: 5.177 Executing VM operation: ICBufferFull done
Event: 5.321 Executing VM operation: HandshakeAllThreads
Event: 5.321 Executing VM operation: HandshakeAllThreads done
Event: 5.486 Executing VM operation: HandshakeAllThreads
Event: 5.486 Executing VM operation: HandshakeAllThreads done
Event: 5.505 Executing VM operation: G1CollectForAllocation
Event: 5.518 Executing VM operation: G1CollectForAllocation done
Event: 5.525 Executing VM operation: HandshakeAllThreads
Event: 5.525 Executing VM operation: HandshakeAllThreads done
Event: 5.533 Executing VM operation: HandshakeAllThreads
Event: 5.533 Executing VM operation: HandshakeAllThreads done

Events (20 events):
Event: 5.096 loading class java/util/stream/ReduceOps$AccumulatingSink done
Event: 5.096 loading class java/util/stream/ReduceOps$Box
Event: 5.096 loading class java/util/stream/ReduceOps$Box done
Event: 5.096 loading class java/util/stream/ReduceOps$3ReducingSink done
Event: 5.096 loading class java/util/stream/ReferencePipeline$2$1
Event: 5.096 loading class java/util/stream/ReferencePipeline$2$1 done
Event: 5.096 loading class java/util/stream/IntPipeline$1$1
Event: 5.096 loading class java/util/stream/Sink$ChainedInt
Event: 5.097 loading class java/util/stream/Sink$OfInt
Event: 5.097 loading class java/util/function/IntConsumer
Event: 5.097 loading class java/util/function/IntConsumer done
Event: 5.097 loading class java/util/stream/Sink$OfInt done
Event: 5.097 loading class java/util/stream/Sink$ChainedInt done
Event: 5.097 loading class java/util/stream/IntPipeline$1$1 done
Event: 5.176 loading class java/text/StringCharacterIterator
Event: 5.177 loading class java/text/CharacterIterator
Event: 5.177 loading class java/text/CharacterIterator done
Event: 5.177 loading class java/text/StringCharacterIterator done
Event: 5.562 loading class java/util/function/ToIntFunction
Event: 5.562 loading class java/util/function/ToIntFunction done


Dynamic libraries:
0x00007ff751250000 - 0x00007ff75125e000 	C:\Program Files\Microsoft\jdk-17.0.8.7-hotspot\bin\java.exe
0x00007ff8f85f0000 - 0x00007ff8f8807000 	C:\WINDOWS\SYSTEM32\ntdll.dll
0x00007ff8f6890000 - 0x00007ff8f6954000 	C:\WINDOWS\System32\KERNEL32.DLL
0x00007ff8f5bb0000 - 0x00007ff8f5f67000 	C:\WINDOWS\System32\KERNELBASE.dll
0x00007ff8f5a90000 - 0x00007ff8f5ba1000 	C:\WINDOWS\System32\ucrtbase.dll
0x00007ff8912c0000 - 0x00007ff8912d7000 	C:\Program Files\Microsoft\jdk-17.0.8.7-hotspot\bin\jli.dll
0x00007ff8f8130000 - 0x00007ff8f82df000 	C:\WINDOWS\System32\USER32.dll
0x00007ff8f6180000 - 0x00007ff8f61a6000 	C:\WINDOWS\System32\win32u.dll
0x00007ff8f74c0000 - 0x00007ff8f74e9000 	C:\WINDOWS\System32\GDI32.dll
0x00007ff8f5970000 - 0x00007ff8f5a88000 	C:\WINDOWS\System32\gdi32full.dll
0x00007ff8f5fa0000 - 0x00007ff8f603a000 	C:\WINDOWS\System32\msvcp_win.dll
0x00007ff8912e0000 - 0x00007ff8912fb000 	C:\Program Files\Microsoft\jdk-17.0.8.7-hotspot\bin\VCRUNTIME140.dll
0x00007ff8d8e60000 - 0x00007ff8d90f3000 	C:\WINDOWS\WinSxS\amd64_microsoft.windows.common-controls_6595b64144ccf1df_6.0.22621.3672_none_2713b9d173822955\COMCTL32.dll
0x00007ff8f6320000 - 0x00007ff8f63c7000 	C:\WINDOWS\System32\msvcrt.dll
0x00007ff8f6610000 - 0x00007ff8f6641000 	C:\WINDOWS\System32\IMM32.DLL
0x00007ff8ca700000 - 0x00007ff8ca70c000 	C:\Program Files\Microsoft\jdk-17.0.8.7-hotspot\bin\vcruntime140_1.dll
0x00007ff88c050000 - 0x00007ff88c0dd000 	C:\Program Files\Microsoft\jdk-17.0.8.7-hotspot\bin\msvcp140.dll
0x00007ff858f50000 - 0x00007ff859bb5000 	C:\Program Files\Microsoft\jdk-17.0.8.7-hotspot\bin\server\jvm.dll
0x00007ff8f8060000 - 0x00007ff8f8112000 	C:\WINDOWS\System32\ADVAPI32.dll
0x00007ff8f8470000 - 0x00007ff8f8518000 	C:\WINDOWS\System32\sechost.dll
0x00007ff8f5f70000 - 0x00007ff8f5f98000 	C:\WINDOWS\System32\bcrypt.dll
0x00007ff8f82e0000 - 0x00007ff8f83f4000 	C:\WINDOWS\System32\RPCRT4.dll
0x00007ff8f5620000 - 0x00007ff8f566d000 	C:\WINDOWS\SYSTEM32\POWRPROF.dll
0x00007ff8ca6e0000 - 0x00007ff8ca6e9000 	C:\WINDOWS\SYSTEM32\WSOCK32.dll
0x00007ff8f7650000 - 0x00007ff8f76c1000 	C:\WINDOWS\System32\WS2_32.dll
0x00007ff8ef710000 - 0x00007ff8ef744000 	C:\WINDOWS\SYSTEM32\WINMM.dll
0x00007ff8ed610000 - 0x00007ff8ed61a000 	C:\WINDOWS\SYSTEM32\VERSION.dll
0x00007ff8f5600000 - 0x00007ff8f5613000 	C:\WINDOWS\SYSTEM32\UMPDC.dll
0x00007ff8f4920000 - 0x00007ff8f4938000 	C:\WINDOWS\SYSTEM32\kernel.appcore.dll
0x00007ff8b0a60000 - 0x00007ff8b0a6a000 	C:\Program Files\Microsoft\jdk-17.0.8.7-hotspot\bin\jimage.dll
0x00007ff8f3120000 - 0x00007ff8f3352000 	C:\WINDOWS\SYSTEM32\DBGHELP.DLL
0x00007ff8f7c20000 - 0x00007ff8f7fae000 	C:\WINDOWS\System32\combase.dll
0x00007ff8f6650000 - 0x00007ff8f6727000 	C:\WINDOWS\System32\OLEAUT32.dll
0x00007ff8d0c30000 - 0x00007ff8d0c62000 	C:\WINDOWS\SYSTEM32\dbgcore.DLL
0x00007ff8f6040000 - 0x00007ff8f60bb000 	C:\WINDOWS\System32\bcryptPrimitives.dll
0x00007ff869b30000 - 0x00007ff869b55000 	C:\Program Files\Microsoft\jdk-17.0.8.7-hotspot\bin\java.dll
0x00007ff858e70000 - 0x00007ff858f47000 	C:\Program Files\Microsoft\jdk-17.0.8.7-hotspot\bin\jsvml.dll
0x00007ff8f6c30000 - 0x00007ff8f7499000 	C:\WINDOWS\System32\SHELL32.dll
0x00007ff8f3820000 - 0x00007ff8f411f000 	C:\WINDOWS\SYSTEM32\windows.storage.dll
0x00007ff8f36e0000 - 0x00007ff8f381f000 	C:\WINDOWS\SYSTEM32\wintypes.dll
0x00007ff8f6b20000 - 0x00007ff8f6c19000 	C:\WINDOWS\System32\SHCORE.dll
0x00007ff8f8410000 - 0x00007ff8f846e000 	C:\WINDOWS\System32\shlwapi.dll
0x00007ff8f5830000 - 0x00007ff8f5857000 	C:\WINDOWS\SYSTEM32\profapi.dll
0x00007ff8912a0000 - 0x00007ff8912b9000 	C:\Program Files\Microsoft\jdk-17.0.8.7-hotspot\bin\net.dll
0x00007ff8f1330000 - 0x00007ff8f1466000 	C:\WINDOWS\SYSTEM32\WINHTTP.dll
0x00007ff8f4da0000 - 0x00007ff8f4e09000 	C:\WINDOWS\system32\mswsock.dll
0x00007ff873030000 - 0x00007ff873046000 	C:\Program Files\Microsoft\jdk-17.0.8.7-hotspot\bin\nio.dll
0x00007ff872d40000 - 0x00007ff872d58000 	C:\Program Files\Microsoft\jdk-17.0.8.7-hotspot\bin\zip.dll
0x00007ff894d40000 - 0x00007ff894d50000 	C:\Program Files\Microsoft\jdk-17.0.8.7-hotspot\bin\verify.dll

dbghelp: loaded successfully - version: 4.0.5 - missing functions: none
symbol engine: initialized successfully - sym options: 0x614 - pdb path: .;C:\Program Files\Microsoft\jdk-17.0.8.7-hotspot\bin;C:\WINDOWS\SYSTEM32;C:\WINDOWS\WinSxS\amd64_microsoft.windows.common-controls_6595b64144ccf1df_6.0.22621.3672_none_2713b9d173822955;C:\Program Files\Microsoft\jdk-17.0.8.7-hotspot\bin\server

VM Arguments:
java_command: org.jetbrains.kotlin.cli.jvm.K2JVMCompiler @E:\serviceprovider\serviceapp\node_modules\react-native-video\android\buildOutput_a15d4dee7fc4eda61b91308cbb6a2e72\20250111_8808585596842460755.compiler.options
java_class_path (initial): C:\Users\Ankit\.gradle\caches\modules-2\files-2.1\org.jetbrains.kotlin\kotlin-compiler-embeddable\1.9.24\78dab849090e6c5e2eadb6e59a11cdc28fb67a08\kotlin-compiler-embeddable-1.9.24.jar;C:\Users\Ankit\.gradle\caches\modules-2\files-2.1\org.jetbrains.kotlin\kotlin-stdlib\1.9.24\9928532f12c66ad816a625b3f9984f8368ca6d2b\kotlin-stdlib-1.9.24.jar;C:\Users\Ankit\.gradle\caches\modules-2\files-2.1\org.jetbrains.kotlin\kotlin-script-runtime\1.9.24\96771497da90fbc5af1c90fce148db2595a62502\kotlin-script-runtime-1.9.24.jar;C:\Users\Ankit\.gradle\caches\modules-2\files-2.1\org.jetbrains.kotlin\kotlin-reflect\1.6.10\1cbe9c92c12a94eea200d23c2bbaedaf3daf5132\kotlin-reflect-1.6.10.jar;C:\Users\Ankit\.gradle\caches\modules-2\files-2.1\org.jetbrains.kotlin\kotlin-daemon-embeddable\1.9.24\86685b9c5e8d170925bd9ddbdc263374a6a73281\kotlin-daemon-embeddable-1.9.24.jar;C:\Users\Ankit\.gradle\caches\modules-2\files-2.1\org.jetbrains.intellij.deps\trove4j\1.0.20200330\3afb14d5f9ceb459d724e907a21145e8ff394f02\trove4j-1.0.20200330.jar;C:\Users\Ankit\.gradle\caches\modules-2\files-2.1\org.jetbrains\annotations\13.0\919f0dfe192fb4e063e7dacadee7f8bb9a2672a9\annotations-13.0.jar
Launcher Type: SUN_STANDARD

[Global flags]
     intx CICompilerCount                          = 4                                         {product} {ergonomic}
     uint ConcGCThreads                            = 2                                         {product} {ergonomic}
     uint G1ConcRefinementThreads                  = 8                                         {product} {ergonomic}
   size_t G1HeapRegionSize                         = 1048576                                   {product} {ergonomic}
    uintx GCDrainStackTargetSize                   = 64                                        {product} {ergonomic}
   size_t InitialHeapSize                          = 130023424                                 {product} {ergonomic}
   size_t MarkStackSize                            = 4194304                                   {product} {ergonomic}
   size_t MaxHeapSize                              = 2055208960                                {product} {ergonomic}
   size_t MaxNewSize                               = 1233125376                                {product} {ergonomic}
   size_t MinHeapDeltaBytes                        = 1048576                                   {product} {ergonomic}
   size_t MinHeapSize                              = 8388608                                   {product} {ergonomic}
    uintx NonNMethodCodeHeapSize                   = 5839372                                {pd product} {ergonomic}
    uintx NonProfiledCodeHeapSize                  = 122909434                              {pd product} {ergonomic}
    uintx ProfiledCodeHeapSize                     = 122909434                              {pd product} {ergonomic}
    uintx ReservedCodeCacheSize                    = 251658240                              {pd product} {ergonomic}
     bool SegmentedCodeCache                       = true                                      {product} {ergonomic}
   size_t SoftMaxHeapSize                          = 2055208960                             {manageable} {ergonomic}
     bool UseCompressedClassPointers               = true                           {product lp64_product} {ergonomic}
     bool UseCompressedOops                        = true                           {product lp64_product} {ergonomic}
     bool UseG1GC                                  = true                                      {product} {ergonomic}
     bool UseLargePagesIndividualAllocation        = false                                  {pd product} {ergonomic}

Logging:
Log output configuration:
 #0: stdout all=warning uptime,level,tags
 #1: stderr all=off uptime,level,tags

Environment Variables:
CLASSPATH=E:\serviceprovider\serviceapp\android\\gradle\wrapper\gradle-wrapper.jar
PATH=E:\serviceProvider\serviceapp\node_modules\.bin;E:\serviceProvider\node_modules\.bin;E:\node_modules\.bin;C:\Users\Ankit\AppData\Roaming\npm\node_modules\npm\node_modules\@npmcli\run-script\lib\node-gyp-bin;C:\Program Files\Microsoft\jdk-17.0.8.7-hotspot\bin;C:\Program Files\Common Files\Oracle\Java\javapath;C:\WINDOWS\system32;C:\WINDOWS;C:\WINDOWS\System32\Wbem;C:\WINDOWS\System32\WindowsPowerShell\v1.0\;C:\WINDOWS\System32\OpenSSH\;E:\Chat App\public\node_modules\yarn\bin;E:\Chat App\public\node_modules\yarn\bin;C:\Users\Ankit\Downloads\winlibs-x86_64-posix-seh-gcc-12.2.0-llvm-15.0.7-mingw-w64ucrt-10.0.0-r4\mingw64\bin;C:\MinGW\bin;C:\Users\Ankit\.cargo\bin;C:\Qt\6.5.2\mingw_64\lib;C:\Program Files\Java\jdk-20\bin;C:\kotlinc\bin;C:\Program Files\OpenSSL-Win64\bin;C:\mongosh-2.0.1-win32-x64\bin;C:\Program Files\MySQL\MySQL Server 8.0\bin;C:\Program Files\Python310\Scripts;C:\Program Files\Microsoft SQL Server\Client SDK\ODBC\170\Tools\Binn\;C:\Program Files (x86)\Microsoft SQL Server\160\Tools\Binn\;C:\Program Files\Microsoft SQL Server\160\Tools\Binn\;C:\Program Files\Microsoft SQL Server\160\DTS\Binn\;C:\ProgramData\chocolatey\bin;C:\Users\Ankit\AppData\Local\Android\Sdk\platform-tools;C:\Program Files\Python310;D:\Golang\bin;C:\Users\Ankit\AppData\Local\Yarn\bin;C:\Program Files\MongoDB\Server\7.0\bin;D:\redis;C:\Users\Ankit\AppData\Local\Yarn\bin;C:\Users\Ankit\AppData\Roaming\npm\node_modules\yarn\bin;C:\Users\Ankit\AppData\Local\Pub\Cache\bin;C:\Users\Ankit\AppData\Roaming\npm;E:\putty\;C:\Program Files\nodejs\;E:\GitDesktop\Git\cmd;C:\Users\Ankit\AppData\Local\Android\Sdk\tools;C:\Users\Ankit\AppData\Local\Programs\Python\Python312\Scripts\;C:\Users\Ankit\AppData\Local\Programs\Python\Python312\;C:\Program Files\MySQL\MySQL Shell 8.0\bin\;C:\Users\Ankit\AppData\Local\Programs\Python\Python310\Scripts\;C:\Users\Ankit\AppData\Local\Programs\Python\Python310\;C:\Users\Ankit\AppData\Local\Microsoft\WindowsApps;C:\Program Files\JetBrains\IntelliJ IDEA Communit
USERNAME=Ankit
LANG=en_US.UTF-8
OS=Windows_NT
PROCESSOR_IDENTIFIER=Intel64 Family 6 Model 140 Stepping 2, GenuineIntel
TMP=C:\Users\Ankit\AppData\Local\Temp
TEMP=C:\Users\Ankit\AppData\Local\Temp



---------------  S Y S T E M  ---------------

OS:
 Windows 11 , 64 bit Build 22621 (10.0.22621.3958)
OS uptime: 0 days 0:26 hours
Hyper-V role detected

CPU: total 8 (initial active 8) (4 cores per cpu, 2 threads per core) family 6 model 140 stepping 2 microcode 0x34, cx8, cmov, fxsr, ht, mmx, 3dnowpref, sse, sse2, sse3, ssse3, sse4.1, sse4.2, popcnt, lzcnt, tsc, tscinvbit, avx, avx2, aes, erms, clmul, bmi1, bmi2, adx, avx512f, avx512dq, avx512cd, avx512bw, avx512vl, sha, fma, vzeroupper, avx512_vpopcntdq, avx512_vpclmulqdq, avx512_vaes, avx512_vnni, clflush, clflushopt, clwb, avx512_vbmi2, avx512_vbmi, hv
Processor Information for all 8 processors :
  Max Mhz: 2496, Current Mhz: 2496, Mhz Limit: 2496

Memory: 4k page, system-wide physical 7834M (378M free)
TotalPageFile size 16383M (AvailPageFile size 0M)
current process WorkingSet (physical memory assigned to process): 176M, peak: 179M
current process commit charge ("private bytes"): 229M, peak: 229M

vm_info: OpenJDK 64-Bit Server VM (17.0.8+7-LTS) for windows-amd64 JRE (17.0.8+7-LTS), built on Jul  7 2023 17:21:55 by "MicrosoftCorporation" with MS VC++ 16.10 / 16.11 (VS2019)

END.
